<html>
<head>
<title>TestNG:  all</title>
<link href="../testng.css" rel="stylesheet" type="text/css" />
<link href="../my-testng.css" rel="stylesheet" type="text/css" />

<style type="text/css">
.log { display: none;} 
.stack-trace { display: none;} 
</style>
<script type="text/javascript">
<!--
function flip(e) {
  current = e.style.display;
  if (current == 'block') {
    e.style.display = 'none';
    return 0;
  }
  else {
    e.style.display = 'block';
    return 1;
  }
}

function toggleBox(szDivId, elem, msg1, msg2)
{
  var res = -1;  if (document.getElementById) {
    res = flip(document.getElementById(szDivId));
  }
  else if (document.all) {
    // this is the way old msie versions work
    res = flip(document.all[szDivId]);
  }
  if(elem) {
    if(res == 0) elem.innerHTML = msg1; else elem.innerHTML = msg2;
  }

}

function toggleAllBoxes() {
  if (document.getElementsByTagName) {
    d = document.getElementsByTagName('div');
    for (i = 0; i < d.length; i++) {
      if (d[i].className == 'log') {
        flip(d[i]);
      }
    }
  }
}

// -->
</script>

</head>
<body>
<h2 align='center'>all</h2><table border='1' align="center">
<tr>
<td>Tests passed/Failed/Skipped:</td><td>219/10/0</td>
</tr><tr>
<td>Started on:</td><td>Tue Jun 27 08:55:08 UTC 2023</td>
</tr>
<tr><td>Total time:</td><td>0 seconds (592 ms)</td>
</tr><tr>
<td>Included groups:</td><td></td>
</tr><tr>
<td>Excluded groups:</td><td></td>
</tr>
</table><p/>
<small><i>(Hover the method name to see the test class name)</i></small><p/>
<table width='100%' border='1' class='invocation-failed'>
<tr><td colspan='4' align='center'><b>FAILED TESTS</b></td></tr>
<tr><td><b>Test method</b></td>
<td width="30%"><b>Exception</b></td>
<td width="10%"><b>Time (seconds)</b></td>
<td><b>Instance</b></td>
</tr>
<tr>
<td title='io.kaitai.struct.spec.TestExprBits.testExprBits()'><b>testExprBits</b><br>Test class: io.kaitai.struct.spec.TestExprBits</td>
<td><div><pre>java.lang.NoClassDefFoundError: io/kaitai/struct/testformats/ExprBits
	at io.kaitai.struct.spec.TestExprBits.testExprBits(TestExprBits.java:12)
Caused by: java.lang.ClassNotFoundException: io.kaitai.struct.testformats.ExprBits
	at java.base/jdk.internal.loader.BuiltinClassLoader.loadClass(BuiltinClassLoader.java:581)
	at java.base/jdk.internal.loader.ClassLoaders$AppClassLoader.loadClass(ClassLoaders.java:178)
	at java.base/java.lang.ClassLoader.loadClass(ClassLoader.java:522)
	... 24 more
... Removed 23 stack frames</pre></div><a href='#' onClick='toggleBox("stack-trace550147359", this, "Click to show all stack frames", "Click to hide stack frames")'>Click to show all stack frames</a>
<div class='stack-trace' id='stack-trace550147359'><pre>java.lang.NoClassDefFoundError: io/kaitai/struct/testformats/ExprBits
	at io.kaitai.struct.spec.TestExprBits.testExprBits(TestExprBits.java:12)
	at java.base/jdk.internal.reflect.NativeMethodAccessorImpl.invoke0(Native Method)
	at java.base/jdk.internal.reflect.NativeMethodAccessorImpl.invoke(NativeMethodAccessorImpl.java:62)
	at java.base/jdk.internal.reflect.DelegatingMethodAccessorImpl.invoke(DelegatingMethodAccessorImpl.java:43)
	at java.base/java.lang.reflect.Method.invoke(Method.java:566)
	at org.testng.internal.MethodInvocationHelper.invokeMethod(MethodInvocationHelper.java:86)
	at org.testng.internal.Invoker.invokeMethod(Invoker.java:643)
	at org.testng.internal.Invoker.invokeTestMethod(Invoker.java:820)
	at org.testng.internal.Invoker.invokeTestMethods(Invoker.java:1128)
	at org.testng.internal.TestMethodWorker.invokeTestMethods(TestMethodWorker.java:129)
	at org.testng.internal.TestMethodWorker.run(TestMethodWorker.java:112)
	at org.testng.TestRunner.privateRun(TestRunner.java:782)
	at org.testng.TestRunner.run(TestRunner.java:632)
	at org.testng.SuiteRunner.runTest(SuiteRunner.java:366)
	at org.testng.SuiteRunner.runSequentially(SuiteRunner.java:361)
	at org.testng.SuiteRunner.privateRun(SuiteRunner.java:319)
	at org.testng.SuiteRunner.run(SuiteRunner.java:268)
	at org.testng.SuiteRunnerWorker.runSuite(SuiteRunnerWorker.java:52)
	at org.testng.SuiteRunnerWorker.run(SuiteRunnerWorker.java:86)
	at org.testng.TestNG.runSuitesSequentially(TestNG.java:1244)
	at org.testng.TestNG.runSuitesLocally(TestNG.java:1169)
	at org.testng.TestNG.run(TestNG.java:1064)
	at org.testng.TestNG.privateMain(TestNG.java:1385)
	at org.testng.TestNG.main(TestNG.java:1354)
Caused by: java.lang.ClassNotFoundException: io.kaitai.struct.testformats.ExprBits
	at java.base/jdk.internal.loader.BuiltinClassLoader.loadClass(BuiltinClassLoader.java:581)
	at java.base/jdk.internal.loader.ClassLoaders$AppClassLoader.loadClass(ClassLoaders.java:178)
	at java.base/java.lang.ClassLoader.loadClass(ClassLoader.java:522)
	... 24 more
</pre></div></td>
<td>0</td>
<td>io.kaitai.struct.spec.TestExprBits@2584b82d</td></tr>
<tr>
<td title='io.kaitai.struct.spec.TestExprBytesNonLiteral.testExprBytesNonLiteral()'><b>testExprBytesNonLiteral</b><br>Test class: io.kaitai.struct.spec.TestExprBytesNonLiteral</td>
<td><div><pre>java.lang.NoClassDefFoundError: io/kaitai/struct/testformats/ExprBytesNonLiteral
	at io.kaitai.struct.spec.TestExprBytesNonLiteral.testExprBytesNonLiteral(TestExprBytesNonLiteral.java:12)
Caused by: java.lang.ClassNotFoundException: io.kaitai.struct.testformats.ExprBytesNonLiteral
	at java.base/jdk.internal.loader.BuiltinClassLoader.loadClass(BuiltinClassLoader.java:581)
	at java.base/jdk.internal.loader.ClassLoaders$AppClassLoader.loadClass(ClassLoaders.java:178)
	at java.base/java.lang.ClassLoader.loadClass(ClassLoader.java:522)
	... 24 more
... Removed 23 stack frames</pre></div><a href='#' onClick='toggleBox("stack-trace1003693033", this, "Click to show all stack frames", "Click to hide stack frames")'>Click to show all stack frames</a>
<div class='stack-trace' id='stack-trace1003693033'><pre>java.lang.NoClassDefFoundError: io/kaitai/struct/testformats/ExprBytesNonLiteral
	at io.kaitai.struct.spec.TestExprBytesNonLiteral.testExprBytesNonLiteral(TestExprBytesNonLiteral.java:12)
	at java.base/jdk.internal.reflect.NativeMethodAccessorImpl.invoke0(Native Method)
	at java.base/jdk.internal.reflect.NativeMethodAccessorImpl.invoke(NativeMethodAccessorImpl.java:62)
	at java.base/jdk.internal.reflect.DelegatingMethodAccessorImpl.invoke(DelegatingMethodAccessorImpl.java:43)
	at java.base/java.lang.reflect.Method.invoke(Method.java:566)
	at org.testng.internal.MethodInvocationHelper.invokeMethod(MethodInvocationHelper.java:86)
	at org.testng.internal.Invoker.invokeMethod(Invoker.java:643)
	at org.testng.internal.Invoker.invokeTestMethod(Invoker.java:820)
	at org.testng.internal.Invoker.invokeTestMethods(Invoker.java:1128)
	at org.testng.internal.TestMethodWorker.invokeTestMethods(TestMethodWorker.java:129)
	at org.testng.internal.TestMethodWorker.run(TestMethodWorker.java:112)
	at org.testng.TestRunner.privateRun(TestRunner.java:782)
	at org.testng.TestRunner.run(TestRunner.java:632)
	at org.testng.SuiteRunner.runTest(SuiteRunner.java:366)
	at org.testng.SuiteRunner.runSequentially(SuiteRunner.java:361)
	at org.testng.SuiteRunner.privateRun(SuiteRunner.java:319)
	at org.testng.SuiteRunner.run(SuiteRunner.java:268)
	at org.testng.SuiteRunnerWorker.runSuite(SuiteRunnerWorker.java:52)
	at org.testng.SuiteRunnerWorker.run(SuiteRunnerWorker.java:86)
	at org.testng.TestNG.runSuitesSequentially(TestNG.java:1244)
	at org.testng.TestNG.runSuitesLocally(TestNG.java:1169)
	at org.testng.TestNG.run(TestNG.java:1064)
	at org.testng.TestNG.privateMain(TestNG.java:1385)
	at org.testng.TestNG.main(TestNG.java:1354)
Caused by: java.lang.ClassNotFoundException: io.kaitai.struct.testformats.ExprBytesNonLiteral
	at java.base/jdk.internal.loader.BuiltinClassLoader.loadClass(BuiltinClassLoader.java:581)
	at java.base/jdk.internal.loader.ClassLoaders$AppClassLoader.loadClass(ClassLoaders.java:178)
	at java.base/java.lang.ClassLoader.loadClass(ClassLoader.java:522)
	... 24 more
</pre></div></td>
<td>0</td>
<td>io.kaitai.struct.spec.TestExprBytesNonLiteral@169bb4dd</td></tr>
<tr>
<td title='io.kaitai.struct.spec.TestExprBytesOps.testExprBytesOps()'><b>testExprBytesOps</b><br>Test class: io.kaitai.struct.spec.TestExprBytesOps</td>
<td><div><pre>java.lang.AssertionError: expected [255] but found [-1]
	at io.kaitai.struct.spec.CommonSpec.assertIntEquals(CommonSpec.java:36)
	at io.kaitai.struct.spec.TestExprBytesOps.testExprBytesOps(TestExprBytesOps.java:17)
... Removed 29 stack frames</pre></div><a href='#' onClick='toggleBox("stack-trace1301987508", this, "Click to show all stack frames", "Click to hide stack frames")'>Click to show all stack frames</a>
<div class='stack-trace' id='stack-trace1301987508'><pre>java.lang.AssertionError: expected [255] but found [-1]
	at org.testng.Assert.fail(Assert.java:94)
	at org.testng.Assert.failNotEquals(Assert.java:513)
	at org.testng.Assert.assertEqualsImpl(Assert.java:135)
	at org.testng.Assert.assertEquals(Assert.java:116)
	at org.testng.Assert.assertEquals(Assert.java:389)
	at org.testng.Assert.assertEquals(Assert.java:399)
	at io.kaitai.struct.spec.CommonSpec.assertIntEquals(CommonSpec.java:36)
	at io.kaitai.struct.spec.TestExprBytesOps.testExprBytesOps(TestExprBytesOps.java:17)
	at java.base/jdk.internal.reflect.NativeMethodAccessorImpl.invoke0(Native Method)
	at java.base/jdk.internal.reflect.NativeMethodAccessorImpl.invoke(NativeMethodAccessorImpl.java:62)
	at java.base/jdk.internal.reflect.DelegatingMethodAccessorImpl.invoke(DelegatingMethodAccessorImpl.java:43)
	at java.base/java.lang.reflect.Method.invoke(Method.java:566)
	at org.testng.internal.MethodInvocationHelper.invokeMethod(MethodInvocationHelper.java:86)
	at org.testng.internal.Invoker.invokeMethod(Invoker.java:643)
	at org.testng.internal.Invoker.invokeTestMethod(Invoker.java:820)
	at org.testng.internal.Invoker.invokeTestMethods(Invoker.java:1128)
	at org.testng.internal.TestMethodWorker.invokeTestMethods(TestMethodWorker.java:129)
	at org.testng.internal.TestMethodWorker.run(TestMethodWorker.java:112)
	at org.testng.TestRunner.privateRun(TestRunner.java:782)
	at org.testng.TestRunner.run(TestRunner.java:632)
	at org.testng.SuiteRunner.runTest(SuiteRunner.java:366)
	at org.testng.SuiteRunner.runSequentially(SuiteRunner.java:361)
	at org.testng.SuiteRunner.privateRun(SuiteRunner.java:319)
	at org.testng.SuiteRunner.run(SuiteRunner.java:268)
	at org.testng.SuiteRunnerWorker.runSuite(SuiteRunnerWorker.java:52)
	at org.testng.SuiteRunnerWorker.run(SuiteRunnerWorker.java:86)
	at org.testng.TestNG.runSuitesSequentially(TestNG.java:1244)
	at org.testng.TestNG.runSuitesLocally(TestNG.java:1169)
	at org.testng.TestNG.run(TestNG.java:1064)
	at org.testng.TestNG.privateMain(TestNG.java:1385)
	at org.testng.TestNG.main(TestNG.java:1354)
</pre></div></td>
<td>0</td>
<td>io.kaitai.struct.spec.TestExprBytesOps@18ece7f4</td></tr>
<tr>
<td title='io.kaitai.struct.spec.TestExprIfIntOps.testExprIfIntOps()'><b>testExprIfIntOps</b><br>Test class: io.kaitai.struct.spec.TestExprIfIntOps</td>
<td><div><pre>java.lang.AssertionError: expected [true] but found [false]
	at io.kaitai.struct.spec.CommonSpec.assertIntEquals(CommonSpec.java:48)
	at io.kaitai.struct.spec.TestExprIfIntOps.testExprIfIntOps(TestExprIfIntOps.java:15)
... Removed 29 stack frames</pre></div><a href='#' onClick='toggleBox("stack-trace738677855", this, "Click to show all stack frames", "Click to hide stack frames")'>Click to show all stack frames</a>
<div class='stack-trace' id='stack-trace738677855'><pre>java.lang.AssertionError: expected [true] but found [false]
	at org.testng.Assert.fail(Assert.java:94)
	at org.testng.Assert.failNotEquals(Assert.java:513)
	at org.testng.Assert.assertEqualsImpl(Assert.java:135)
	at org.testng.Assert.assertEquals(Assert.java:116)
	at org.testng.Assert.assertEquals(Assert.java:305)
	at org.testng.Assert.assertEquals(Assert.java:315)
	at io.kaitai.struct.spec.CommonSpec.assertIntEquals(CommonSpec.java:48)
	at io.kaitai.struct.spec.TestExprIfIntOps.testExprIfIntOps(TestExprIfIntOps.java:15)
	at java.base/jdk.internal.reflect.NativeMethodAccessorImpl.invoke0(Native Method)
	at java.base/jdk.internal.reflect.NativeMethodAccessorImpl.invoke(NativeMethodAccessorImpl.java:62)
	at java.base/jdk.internal.reflect.DelegatingMethodAccessorImpl.invoke(DelegatingMethodAccessorImpl.java:43)
	at java.base/java.lang.reflect.Method.invoke(Method.java:566)
	at org.testng.internal.MethodInvocationHelper.invokeMethod(MethodInvocationHelper.java:86)
	at org.testng.internal.Invoker.invokeMethod(Invoker.java:643)
	at org.testng.internal.Invoker.invokeTestMethod(Invoker.java:820)
	at org.testng.internal.Invoker.invokeTestMethods(Invoker.java:1128)
	at org.testng.internal.TestMethodWorker.invokeTestMethods(TestMethodWorker.java:129)
	at org.testng.internal.TestMethodWorker.run(TestMethodWorker.java:112)
	at org.testng.TestRunner.privateRun(TestRunner.java:782)
	at org.testng.TestRunner.run(TestRunner.java:632)
	at org.testng.SuiteRunner.runTest(SuiteRunner.java:366)
	at org.testng.SuiteRunner.runSequentially(SuiteRunner.java:361)
	at org.testng.SuiteRunner.privateRun(SuiteRunner.java:319)
	at org.testng.SuiteRunner.run(SuiteRunner.java:268)
	at org.testng.SuiteRunnerWorker.runSuite(SuiteRunnerWorker.java:52)
	at org.testng.SuiteRunnerWorker.run(SuiteRunnerWorker.java:86)
	at org.testng.TestNG.runSuitesSequentially(TestNG.java:1244)
	at org.testng.TestNG.runSuitesLocally(TestNG.java:1169)
	at org.testng.TestNG.run(TestNG.java:1064)
	at org.testng.TestNG.privateMain(TestNG.java:1385)
	at org.testng.TestNG.main(TestNG.java:1354)
</pre></div></td>
<td>0</td>
<td>io.kaitai.struct.spec.TestExprIfIntOps@415b0b49</td></tr>
<tr>
<td title='io.kaitai.struct.spec.TestExprIntDiv.testExprIntDiv()'><b>testExprIntDiv</b><br>Test class: io.kaitai.struct.spec.TestExprIntDiv</td>
<td><div><pre>java.lang.AssertionError: expected [-757] but found [-756]
	at io.kaitai.struct.spec.CommonSpec.assertIntEquals(CommonSpec.java:36)
	at io.kaitai.struct.spec.TestExprIntDiv.testExprIntDiv(TestExprIntDiv.java:17)
... Removed 29 stack frames</pre></div><a href='#' onClick='toggleBox("stack-trace2016949136", this, "Click to show all stack frames", "Click to hide stack frames")'>Click to show all stack frames</a>
<div class='stack-trace' id='stack-trace2016949136'><pre>java.lang.AssertionError: expected [-757] but found [-756]
	at org.testng.Assert.fail(Assert.java:94)
	at org.testng.Assert.failNotEquals(Assert.java:513)
	at org.testng.Assert.assertEqualsImpl(Assert.java:135)
	at org.testng.Assert.assertEquals(Assert.java:116)
	at org.testng.Assert.assertEquals(Assert.java:389)
	at org.testng.Assert.assertEquals(Assert.java:399)
	at io.kaitai.struct.spec.CommonSpec.assertIntEquals(CommonSpec.java:36)
	at io.kaitai.struct.spec.TestExprIntDiv.testExprIntDiv(TestExprIntDiv.java:17)
	at java.base/jdk.internal.reflect.NativeMethodAccessorImpl.invoke0(Native Method)
	at java.base/jdk.internal.reflect.NativeMethodAccessorImpl.invoke(NativeMethodAccessorImpl.java:62)
	at java.base/jdk.internal.reflect.DelegatingMethodAccessorImpl.invoke(DelegatingMethodAccessorImpl.java:43)
	at java.base/java.lang.reflect.Method.invoke(Method.java:566)
	at org.testng.internal.MethodInvocationHelper.invokeMethod(MethodInvocationHelper.java:86)
	at org.testng.internal.Invoker.invokeMethod(Invoker.java:643)
	at org.testng.internal.Invoker.invokeTestMethod(Invoker.java:820)
	at org.testng.internal.Invoker.invokeTestMethods(Invoker.java:1128)
	at org.testng.internal.TestMethodWorker.invokeTestMethods(TestMethodWorker.java:129)
	at org.testng.internal.TestMethodWorker.run(TestMethodWorker.java:112)
	at org.testng.TestRunner.privateRun(TestRunner.java:782)
	at org.testng.TestRunner.run(TestRunner.java:632)
	at org.testng.SuiteRunner.runTest(SuiteRunner.java:366)
	at org.testng.SuiteRunner.runSequentially(SuiteRunner.java:361)
	at org.testng.SuiteRunner.privateRun(SuiteRunner.java:319)
	at org.testng.SuiteRunner.run(SuiteRunner.java:268)
	at org.testng.SuiteRunnerWorker.runSuite(SuiteRunnerWorker.java:52)
	at org.testng.SuiteRunnerWorker.run(SuiteRunnerWorker.java:86)
	at org.testng.TestNG.runSuitesSequentially(TestNG.java:1244)
	at org.testng.TestNG.runSuitesLocally(TestNG.java:1169)
	at org.testng.TestNG.run(TestNG.java:1064)
	at org.testng.TestNG.privateMain(TestNG.java:1385)
	at org.testng.TestNG.main(TestNG.java:1354)
</pre></div></td>
<td>0</td>
<td>io.kaitai.struct.spec.TestExprIntDiv@7ac296f6</td></tr>
<tr>
<td title='io.kaitai.struct.spec.TestExprOpsParens.testExprOpsParens()'><b>testExprOpsParens</b><br>Test class: io.kaitai.struct.spec.TestExprOpsParens</td>
<td><div><pre>java.lang.NoClassDefFoundError: io/kaitai/struct/testformats/ExprOpsParens
	at io.kaitai.struct.spec.TestExprOpsParens.testExprOpsParens(TestExprOpsParens.java:12)
Caused by: java.lang.ClassNotFoundException: io.kaitai.struct.testformats.ExprOpsParens
	at java.base/jdk.internal.loader.BuiltinClassLoader.loadClass(BuiltinClassLoader.java:581)
	at java.base/jdk.internal.loader.ClassLoaders$AppClassLoader.loadClass(ClassLoaders.java:178)
	at java.base/java.lang.ClassLoader.loadClass(ClassLoader.java:522)
	... 24 more
... Removed 23 stack frames</pre></div><a href='#' onClick='toggleBox("stack-trace2043106095", this, "Click to show all stack frames", "Click to hide stack frames")'>Click to show all stack frames</a>
<div class='stack-trace' id='stack-trace2043106095'><pre>java.lang.NoClassDefFoundError: io/kaitai/struct/testformats/ExprOpsParens
	at io.kaitai.struct.spec.TestExprOpsParens.testExprOpsParens(TestExprOpsParens.java:12)
	at java.base/jdk.internal.reflect.NativeMethodAccessorImpl.invoke0(Native Method)
	at java.base/jdk.internal.reflect.NativeMethodAccessorImpl.invoke(NativeMethodAccessorImpl.java:62)
	at java.base/jdk.internal.reflect.DelegatingMethodAccessorImpl.invoke(DelegatingMethodAccessorImpl.java:43)
	at java.base/java.lang.reflect.Method.invoke(Method.java:566)
	at org.testng.internal.MethodInvocationHelper.invokeMethod(MethodInvocationHelper.java:86)
	at org.testng.internal.Invoker.invokeMethod(Invoker.java:643)
	at org.testng.internal.Invoker.invokeTestMethod(Invoker.java:820)
	at org.testng.internal.Invoker.invokeTestMethods(Invoker.java:1128)
	at org.testng.internal.TestMethodWorker.invokeTestMethods(TestMethodWorker.java:129)
	at org.testng.internal.TestMethodWorker.run(TestMethodWorker.java:112)
	at org.testng.TestRunner.privateRun(TestRunner.java:782)
	at org.testng.TestRunner.run(TestRunner.java:632)
	at org.testng.SuiteRunner.runTest(SuiteRunner.java:366)
	at org.testng.SuiteRunner.runSequentially(SuiteRunner.java:361)
	at org.testng.SuiteRunner.privateRun(SuiteRunner.java:319)
	at org.testng.SuiteRunner.run(SuiteRunner.java:268)
	at org.testng.SuiteRunnerWorker.runSuite(SuiteRunnerWorker.java:52)
	at org.testng.SuiteRunnerWorker.run(SuiteRunnerWorker.java:86)
	at org.testng.TestNG.runSuitesSequentially(TestNG.java:1244)
	at org.testng.TestNG.runSuitesLocally(TestNG.java:1169)
	at org.testng.TestNG.run(TestNG.java:1064)
	at org.testng.TestNG.privateMain(TestNG.java:1385)
	at org.testng.TestNG.main(TestNG.java:1354)
Caused by: java.lang.ClassNotFoundException: io.kaitai.struct.testformats.ExprOpsParens
	at java.base/jdk.internal.loader.BuiltinClassLoader.loadClass(BuiltinClassLoader.java:581)
	at java.base/jdk.internal.loader.ClassLoaders$AppClassLoader.loadClass(ClassLoaders.java:178)
	at java.base/java.lang.ClassLoader.loadClass(ClassLoader.java:522)
	... 24 more
</pre></div></td>
<td>0</td>
<td>io.kaitai.struct.spec.TestExprOpsParens@222a59e6</td></tr>
<tr>
<td title='io.kaitai.struct.spec.TestInstanceUserArray.testInstanceUserArray()'><b>testInstanceUserArray</b><br>Test class: io.kaitai.struct.spec.TestInstanceUserArray</td>
<td><div><pre>java.lang.NoClassDefFoundError: io/kaitai/struct/testformats/InstanceUserArray
	at io.kaitai.struct.spec.TestInstanceUserArray.testInstanceUserArray(TestInstanceUserArray.java:11)
Caused by: java.lang.ClassNotFoundException: io.kaitai.struct.testformats.InstanceUserArray
	at java.base/jdk.internal.loader.BuiltinClassLoader.loadClass(BuiltinClassLoader.java:581)
	at java.base/jdk.internal.loader.ClassLoaders$AppClassLoader.loadClass(ClassLoaders.java:178)
	at java.base/java.lang.ClassLoader.loadClass(ClassLoader.java:522)
	... 24 more
... Removed 23 stack frames</pre></div><a href='#' onClick='toggleBox("stack-trace973843173", this, "Click to show all stack frames", "Click to hide stack frames")'>Click to show all stack frames</a>
<div class='stack-trace' id='stack-trace973843173'><pre>java.lang.NoClassDefFoundError: io/kaitai/struct/testformats/InstanceUserArray
	at io.kaitai.struct.spec.TestInstanceUserArray.testInstanceUserArray(TestInstanceUserArray.java:11)
	at java.base/jdk.internal.reflect.NativeMethodAccessorImpl.invoke0(Native Method)
	at java.base/jdk.internal.reflect.NativeMethodAccessorImpl.invoke(NativeMethodAccessorImpl.java:62)
	at java.base/jdk.internal.reflect.DelegatingMethodAccessorImpl.invoke(DelegatingMethodAccessorImpl.java:43)
	at java.base/java.lang.reflect.Method.invoke(Method.java:566)
	at org.testng.internal.MethodInvocationHelper.invokeMethod(MethodInvocationHelper.java:86)
	at org.testng.internal.Invoker.invokeMethod(Invoker.java:643)
	at org.testng.internal.Invoker.invokeTestMethod(Invoker.java:820)
	at org.testng.internal.Invoker.invokeTestMethods(Invoker.java:1128)
	at org.testng.internal.TestMethodWorker.invokeTestMethods(TestMethodWorker.java:129)
	at org.testng.internal.TestMethodWorker.run(TestMethodWorker.java:112)
	at org.testng.TestRunner.privateRun(TestRunner.java:782)
	at org.testng.TestRunner.run(TestRunner.java:632)
	at org.testng.SuiteRunner.runTest(SuiteRunner.java:366)
	at org.testng.SuiteRunner.runSequentially(SuiteRunner.java:361)
	at org.testng.SuiteRunner.privateRun(SuiteRunner.java:319)
	at org.testng.SuiteRunner.run(SuiteRunner.java:268)
	at org.testng.SuiteRunnerWorker.runSuite(SuiteRunnerWorker.java:52)
	at org.testng.SuiteRunnerWorker.run(SuiteRunnerWorker.java:86)
	at org.testng.TestNG.runSuitesSequentially(TestNG.java:1244)
	at org.testng.TestNG.runSuitesLocally(TestNG.java:1169)
	at org.testng.TestNG.run(TestNG.java:1064)
	at org.testng.TestNG.privateMain(TestNG.java:1385)
	at org.testng.TestNG.main(TestNG.java:1354)
Caused by: java.lang.ClassNotFoundException: io.kaitai.struct.testformats.InstanceUserArray
	at java.base/jdk.internal.loader.BuiltinClassLoader.loadClass(BuiltinClassLoader.java:581)
	at java.base/jdk.internal.loader.ClassLoaders$AppClassLoader.loadClass(ClassLoaders.java:178)
	at java.base/java.lang.ClassLoader.loadClass(ClassLoader.java:522)
	... 24 more
</pre></div></td>
<td>0</td>
<td>io.kaitai.struct.spec.TestInstanceUserArray@74287ea3</td></tr>
<tr>
<td title='io.kaitai.struct.spec.TestRepeatUntilCalcArrayType.testRepeatUntilCalcArrayType()'><b>testRepeatUntilCalcArrayType</b><br>Test class: io.kaitai.struct.spec.TestRepeatUntilCalcArrayType</td>
<td><div><pre>java.lang.NoClassDefFoundError: io/kaitai/struct/testformats/RepeatUntilCalcArrayType
	at io.kaitai.struct.spec.TestRepeatUntilCalcArrayType.testRepeatUntilCalcArrayType(TestRepeatUntilCalcArrayType.java:12)
Caused by: java.lang.ClassNotFoundException: io.kaitai.struct.testformats.RepeatUntilCalcArrayType
	at java.base/jdk.internal.loader.BuiltinClassLoader.loadClass(BuiltinClassLoader.java:581)
	at java.base/jdk.internal.loader.ClassLoaders$AppClassLoader.loadClass(ClassLoaders.java:178)
	at java.base/java.lang.ClassLoader.loadClass(ClassLoader.java:522)
	... 24 more
... Removed 23 stack frames</pre></div><a href='#' onClick='toggleBox("stack-trace643489709", this, "Click to show all stack frames", "Click to hide stack frames")'>Click to show all stack frames</a>
<div class='stack-trace' id='stack-trace643489709'><pre>java.lang.NoClassDefFoundError: io/kaitai/struct/testformats/RepeatUntilCalcArrayType
	at io.kaitai.struct.spec.TestRepeatUntilCalcArrayType.testRepeatUntilCalcArrayType(TestRepeatUntilCalcArrayType.java:12)
	at java.base/jdk.internal.reflect.NativeMethodAccessorImpl.invoke0(Native Method)
	at java.base/jdk.internal.reflect.NativeMethodAccessorImpl.invoke(NativeMethodAccessorImpl.java:62)
	at java.base/jdk.internal.reflect.DelegatingMethodAccessorImpl.invoke(DelegatingMethodAccessorImpl.java:43)
	at java.base/java.lang.reflect.Method.invoke(Method.java:566)
	at org.testng.internal.MethodInvocationHelper.invokeMethod(MethodInvocationHelper.java:86)
	at org.testng.internal.Invoker.invokeMethod(Invoker.java:643)
	at org.testng.internal.Invoker.invokeTestMethod(Invoker.java:820)
	at org.testng.internal.Invoker.invokeTestMethods(Invoker.java:1128)
	at org.testng.internal.TestMethodWorker.invokeTestMethods(TestMethodWorker.java:129)
	at org.testng.internal.TestMethodWorker.run(TestMethodWorker.java:112)
	at org.testng.TestRunner.privateRun(TestRunner.java:782)
	at org.testng.TestRunner.run(TestRunner.java:632)
	at org.testng.SuiteRunner.runTest(SuiteRunner.java:366)
	at org.testng.SuiteRunner.runSequentially(SuiteRunner.java:361)
	at org.testng.SuiteRunner.privateRun(SuiteRunner.java:319)
	at org.testng.SuiteRunner.run(SuiteRunner.java:268)
	at org.testng.SuiteRunnerWorker.runSuite(SuiteRunnerWorker.java:52)
	at org.testng.SuiteRunnerWorker.run(SuiteRunnerWorker.java:86)
	at org.testng.TestNG.runSuitesSequentially(TestNG.java:1244)
	at org.testng.TestNG.runSuitesLocally(TestNG.java:1169)
	at org.testng.TestNG.run(TestNG.java:1064)
	at org.testng.TestNG.privateMain(TestNG.java:1385)
	at org.testng.TestNG.main(TestNG.java:1354)
Caused by: java.lang.ClassNotFoundException: io.kaitai.struct.testformats.RepeatUntilCalcArrayType
	at java.base/jdk.internal.loader.BuiltinClassLoader.loadClass(BuiltinClassLoader.java:581)
	at java.base/jdk.internal.loader.ClassLoaders$AppClassLoader.loadClass(ClassLoaders.java:178)
	at java.base/java.lang.ClassLoader.loadClass(ClassLoader.java:522)
	... 24 more
</pre></div></td>
<td>0</td>
<td>io.kaitai.struct.spec.TestRepeatUntilCalcArrayType@66ea810</td></tr>
<tr>
<td title='io.kaitai.struct.spec.TestRepeatUntilSized.testRepeatUntilSized()'><b>testRepeatUntilSized</b><br>Test class: io.kaitai.struct.spec.TestRepeatUntilSized</td>
<td><div><pre>java.lang.NoClassDefFoundError: io/kaitai/struct/testformats/RepeatUntilSized
	at io.kaitai.struct.spec.TestRepeatUntilSized.testRepeatUntilSized(TestRepeatUntilSized.java:11)
Caused by: java.lang.ClassNotFoundException: io.kaitai.struct.testformats.RepeatUntilSized
	at java.base/jdk.internal.loader.BuiltinClassLoader.loadClass(BuiltinClassLoader.java:581)
	at java.base/jdk.internal.loader.ClassLoaders$AppClassLoader.loadClass(ClassLoaders.java:178)
	at java.base/java.lang.ClassLoader.loadClass(ClassLoader.java:522)
	... 24 more
... Removed 23 stack frames</pre></div><a href='#' onClick='toggleBox("stack-trace345887595", this, "Click to show all stack frames", "Click to hide stack frames")'>Click to show all stack frames</a>
<div class='stack-trace' id='stack-trace345887595'><pre>java.lang.NoClassDefFoundError: io/kaitai/struct/testformats/RepeatUntilSized
	at io.kaitai.struct.spec.TestRepeatUntilSized.testRepeatUntilSized(TestRepeatUntilSized.java:11)
	at java.base/jdk.internal.reflect.NativeMethodAccessorImpl.invoke0(Native Method)
	at java.base/jdk.internal.reflect.NativeMethodAccessorImpl.invoke(NativeMethodAccessorImpl.java:62)
	at java.base/jdk.internal.reflect.DelegatingMethodAccessorImpl.invoke(DelegatingMethodAccessorImpl.java:43)
	at java.base/java.lang.reflect.Method.invoke(Method.java:566)
	at org.testng.internal.MethodInvocationHelper.invokeMethod(MethodInvocationHelper.java:86)
	at org.testng.internal.Invoker.invokeMethod(Invoker.java:643)
	at org.testng.internal.Invoker.invokeTestMethod(Invoker.java:820)
	at org.testng.internal.Invoker.invokeTestMethods(Invoker.java:1128)
	at org.testng.internal.TestMethodWorker.invokeTestMethods(TestMethodWorker.java:129)
	at org.testng.internal.TestMethodWorker.run(TestMethodWorker.java:112)
	at org.testng.TestRunner.privateRun(TestRunner.java:782)
	at org.testng.TestRunner.run(TestRunner.java:632)
	at org.testng.SuiteRunner.runTest(SuiteRunner.java:366)
	at org.testng.SuiteRunner.runSequentially(SuiteRunner.java:361)
	at org.testng.SuiteRunner.privateRun(SuiteRunner.java:319)
	at org.testng.SuiteRunner.run(SuiteRunner.java:268)
	at org.testng.SuiteRunnerWorker.runSuite(SuiteRunnerWorker.java:52)
	at org.testng.SuiteRunnerWorker.run(SuiteRunnerWorker.java:86)
	at org.testng.TestNG.runSuitesSequentially(TestNG.java:1244)
	at org.testng.TestNG.runSuitesLocally(TestNG.java:1169)
	at org.testng.TestNG.run(TestNG.java:1064)
	at org.testng.TestNG.privateMain(TestNG.java:1385)
	at org.testng.TestNG.main(TestNG.java:1354)
Caused by: java.lang.ClassNotFoundException: io.kaitai.struct.testformats.RepeatUntilSized
	at java.base/jdk.internal.loader.BuiltinClassLoader.loadClass(BuiltinClassLoader.java:581)
	at java.base/jdk.internal.loader.ClassLoaders$AppClassLoader.loadClass(ClassLoaders.java:178)
	at java.base/java.lang.ClassLoader.loadClass(ClassLoader.java:522)
	... 24 more
</pre></div></td>
<td>0</td>
<td>io.kaitai.struct.spec.TestRepeatUntilSized@238d68ff</td></tr>
<tr>
<td title='io.kaitai.struct.spec.TestSwitchRepeatExprInvalid.testSwitchRepeatExprInvalid()'><b>testSwitchRepeatExprInvalid</b><br>Test class: io.kaitai.struct.spec.TestSwitchRepeatExprInvalid</td>
<td><div><pre>java.lang.NoClassDefFoundError: io/kaitai/struct/testformats/SwitchRepeatExprInvalid
	at io.kaitai.struct.spec.TestSwitchRepeatExprInvalid.testSwitchRepeatExprInvalid(TestSwitchRepeatExprInvalid.java:12)
Caused by: java.lang.ClassNotFoundException: io.kaitai.struct.testformats.SwitchRepeatExprInvalid
	at java.base/jdk.internal.loader.BuiltinClassLoader.loadClass(BuiltinClassLoader.java:581)
	at java.base/jdk.internal.loader.ClassLoaders$AppClassLoader.loadClass(ClassLoaders.java:178)
	at java.base/java.lang.ClassLoader.loadClass(ClassLoader.java:522)
	... 24 more
... Removed 23 stack frames</pre></div><a href='#' onClick='toggleBox("stack-trace1636291061", this, "Click to show all stack frames", "Click to hide stack frames")'>Click to show all stack frames</a>
<div class='stack-trace' id='stack-trace1636291061'><pre>java.lang.NoClassDefFoundError: io/kaitai/struct/testformats/SwitchRepeatExprInvalid
	at io.kaitai.struct.spec.TestSwitchRepeatExprInvalid.testSwitchRepeatExprInvalid(TestSwitchRepeatExprInvalid.java:12)
	at java.base/jdk.internal.reflect.NativeMethodAccessorImpl.invoke0(Native Method)
	at java.base/jdk.internal.reflect.NativeMethodAccessorImpl.invoke(NativeMethodAccessorImpl.java:62)
	at java.base/jdk.internal.reflect.DelegatingMethodAccessorImpl.invoke(DelegatingMethodAccessorImpl.java:43)
	at java.base/java.lang.reflect.Method.invoke(Method.java:566)
	at org.testng.internal.MethodInvocationHelper.invokeMethod(MethodInvocationHelper.java:86)
	at org.testng.internal.Invoker.invokeMethod(Invoker.java:643)
	at org.testng.internal.Invoker.invokeTestMethod(Invoker.java:820)
	at org.testng.internal.Invoker.invokeTestMethods(Invoker.java:1128)
	at org.testng.internal.TestMethodWorker.invokeTestMethods(TestMethodWorker.java:129)
	at org.testng.internal.TestMethodWorker.run(TestMethodWorker.java:112)
	at org.testng.TestRunner.privateRun(TestRunner.java:782)
	at org.testng.TestRunner.run(TestRunner.java:632)
	at org.testng.SuiteRunner.runTest(SuiteRunner.java:366)
	at org.testng.SuiteRunner.runSequentially(SuiteRunner.java:361)
	at org.testng.SuiteRunner.privateRun(SuiteRunner.java:319)
	at org.testng.SuiteRunner.run(SuiteRunner.java:268)
	at org.testng.SuiteRunnerWorker.runSuite(SuiteRunnerWorker.java:52)
	at org.testng.SuiteRunnerWorker.run(SuiteRunnerWorker.java:86)
	at org.testng.TestNG.runSuitesSequentially(TestNG.java:1244)
	at org.testng.TestNG.runSuitesLocally(TestNG.java:1169)
	at org.testng.TestNG.run(TestNG.java:1064)
	at org.testng.TestNG.privateMain(TestNG.java:1385)
	at org.testng.TestNG.main(TestNG.java:1354)
Caused by: java.lang.ClassNotFoundException: io.kaitai.struct.testformats.SwitchRepeatExprInvalid
	at java.base/jdk.internal.loader.BuiltinClassLoader.loadClass(BuiltinClassLoader.java:581)
	at java.base/jdk.internal.loader.ClassLoaders$AppClassLoader.loadClass(ClassLoaders.java:178)
	at java.base/java.lang.ClassLoader.loadClass(ClassLoader.java:522)
	... 24 more
</pre></div></td>
<td>0</td>
<td>io.kaitai.struct.spec.TestSwitchRepeatExprInvalid@17d919b6</td></tr>
</table><p>
<table width='100%' border='1' class='invocation-passed'>
<tr><td colspan='4' align='center'><b>PASSED TESTS</b></td></tr>
<tr><td><b>Test method</b></td>
<td width="30%"><b>Exception</b></td>
<td width="10%"><b>Time (seconds)</b></td>
<td><b>Instance</b></td>
</tr>
<tr>
<td title='io.kaitai.struct.spec.TestBcdUserTypeBe.testBcdUserTypeBe()'><b>testBcdUserTypeBe</b><br>Test class: io.kaitai.struct.spec.TestBcdUserTypeBe</td>
<td></td>
<td>0</td>
<td>io.kaitai.struct.spec.TestBcdUserTypeBe@3f1d2e23</td></tr>
<tr>
<td title='io.kaitai.struct.spec.TestBcdUserTypeLe.testBcdUserTypeLe()'><b>testBcdUserTypeLe</b><br>Test class: io.kaitai.struct.spec.TestBcdUserTypeLe</td>
<td></td>
<td>0</td>
<td>io.kaitai.struct.spec.TestBcdUserTypeLe@1f9e9475</td></tr>
<tr>
<td title='io.kaitai.struct.spec.TestBitsByteAligned.testBitsByteAligned()'><b>testBitsByteAligned</b><br>Test class: io.kaitai.struct.spec.TestBitsByteAligned</td>
<td></td>
<td>0</td>
<td>io.kaitai.struct.spec.TestBitsByteAligned@4a07d605</td></tr>
<tr>
<td title='io.kaitai.struct.spec.TestBitsEnum.testBitsEnum()'><b>testBitsEnum</b><br>Test class: io.kaitai.struct.spec.TestBitsEnum</td>
<td></td>
<td>0</td>
<td>io.kaitai.struct.spec.TestBitsEnum@7dc19a70</td></tr>
<tr>
<td title='io.kaitai.struct.spec.TestBitsSeqEndianCombo.testBitsSeqEndianCombo()'><b>testBitsSeqEndianCombo</b><br>Test class: io.kaitai.struct.spec.TestBitsSeqEndianCombo</td>
<td></td>
<td>0</td>
<td>io.kaitai.struct.spec.TestBitsSeqEndianCombo@383dc82c</td></tr>
<tr>
<td title='io.kaitai.struct.spec.TestBitsShiftByB32Le.testBitsShiftByB32Le()'><b>testBitsShiftByB32Le</b><br>Test class: io.kaitai.struct.spec.TestBitsShiftByB32Le</td>
<td></td>
<td>0</td>
<td>io.kaitai.struct.spec.TestBitsShiftByB32Le@311bf055</td></tr>
<tr>
<td title='io.kaitai.struct.spec.TestBitsShiftByB64Le.testBitsShiftByB64Le()'><b>testBitsShiftByB64Le</b><br>Test class: io.kaitai.struct.spec.TestBitsShiftByB64Le</td>
<td></td>
<td>0</td>
<td>io.kaitai.struct.spec.TestBitsShiftByB64Le@64b0598</td></tr>
<tr>
<td title='io.kaitai.struct.spec.TestBitsSignedResB32Be.testBitsSignedResB32Be()'><b>testBitsSignedResB32Be</b><br>Test class: io.kaitai.struct.spec.TestBitsSignedResB32Be</td>
<td></td>
<td>0</td>
<td>io.kaitai.struct.spec.TestBitsSignedResB32Be@1b919693</td></tr>
<tr>
<td title='io.kaitai.struct.spec.TestBitsSignedResB32Le.testBitsSignedResB32Le()'><b>testBitsSignedResB32Le</b><br>Test class: io.kaitai.struct.spec.TestBitsSignedResB32Le</td>
<td></td>
<td>0</td>
<td>io.kaitai.struct.spec.TestBitsSignedResB32Le@2bdd8394</td></tr>
<tr>
<td title='io.kaitai.struct.spec.TestBitsSignedShiftB32Le.testBitsSignedShiftB32Le()'><b>testBitsSignedShiftB32Le</b><br>Test class: io.kaitai.struct.spec.TestBitsSignedShiftB32Le</td>
<td></td>
<td>0</td>
<td>io.kaitai.struct.spec.TestBitsSignedShiftB32Le@1ec9bd38</td></tr>
<tr>
<td title='io.kaitai.struct.spec.TestBitsSignedShiftB64Le.testBitsSignedShiftB64Le()'><b>testBitsSignedShiftB64Le</b><br>Test class: io.kaitai.struct.spec.TestBitsSignedShiftB64Le</td>
<td></td>
<td>0</td>
<td>io.kaitai.struct.spec.TestBitsSignedShiftB64Le@4e0ae11f</td></tr>
<tr>
<td title='io.kaitai.struct.spec.TestBitsSimple.testBitsSimple()'><b>testBitsSimple</b><br>Test class: io.kaitai.struct.spec.TestBitsSimple</td>
<td></td>
<td>0</td>
<td>io.kaitai.struct.spec.TestBitsSimple@2f67a4d3</td></tr>
<tr>
<td title='io.kaitai.struct.spec.TestBitsSimpleLe.testBitsSimpleLe()'><b>testBitsSimpleLe</b><br>Test class: io.kaitai.struct.spec.TestBitsSimpleLe</td>
<td></td>
<td>0</td>
<td>io.kaitai.struct.spec.TestBitsSimpleLe@7bbc8656</td></tr>
<tr>
<td title='io.kaitai.struct.spec.TestBitsUnalignedB32Be.testBitsUnalignedB32Be()'><b>testBitsUnalignedB32Be</b><br>Test class: io.kaitai.struct.spec.TestBitsUnalignedB32Be</td>
<td></td>
<td>0</td>
<td>io.kaitai.struct.spec.TestBitsUnalignedB32Be@7098b907</td></tr>
<tr>
<td title='io.kaitai.struct.spec.TestBitsUnalignedB32Le.testBitsUnalignedB32Le()'><b>testBitsUnalignedB32Le</b><br>Test class: io.kaitai.struct.spec.TestBitsUnalignedB32Le</td>
<td></td>
<td>0</td>
<td>io.kaitai.struct.spec.TestBitsUnalignedB32Le@49b2a47d</td></tr>
<tr>
<td title='io.kaitai.struct.spec.TestBitsUnalignedB64Be.testBitsUnalignedB64Be()'><b>testBitsUnalignedB64Be</b><br>Test class: io.kaitai.struct.spec.TestBitsUnalignedB64Be</td>
<td></td>
<td>0</td>
<td>io.kaitai.struct.spec.TestBitsUnalignedB64Be@1807f5a7</td></tr>
<tr>
<td title='io.kaitai.struct.spec.TestBitsUnalignedB64Le.testBitsUnalignedB64Le()'><b>testBitsUnalignedB64Le</b><br>Test class: io.kaitai.struct.spec.TestBitsUnalignedB64Le</td>
<td></td>
<td>0</td>
<td>io.kaitai.struct.spec.TestBitsUnalignedB64Le@a8ef162</td></tr>
<tr>
<td title='io.kaitai.struct.spec.TestBytesPadTerm.testBytesPadTerm()'><b>testBytesPadTerm</b><br>Test class: io.kaitai.struct.spec.TestBytesPadTerm</td>
<td></td>
<td>0</td>
<td>io.kaitai.struct.spec.TestBytesPadTerm@478db956</td></tr>
<tr>
<td title='io.kaitai.struct.spec.TestCastNested.testCastNested()'><b>testCastNested</b><br>Test class: io.kaitai.struct.spec.TestCastNested</td>
<td></td>
<td>0</td>
<td>io.kaitai.struct.spec.TestCastNested@126253fd</td></tr>
<tr>
<td title='io.kaitai.struct.spec.TestCastToImported.testCastToImported()'><b>testCastToImported</b><br>Test class: io.kaitai.struct.spec.TestCastToImported</td>
<td></td>
<td>0</td>
<td>io.kaitai.struct.spec.TestCastToImported@22f59fa</td></tr>
<tr>
<td title='io.kaitai.struct.spec.TestCastToTop.testCastToTop()'><b>testCastToTop</b><br>Test class: io.kaitai.struct.spec.TestCastToTop</td>
<td></td>
<td>0</td>
<td>io.kaitai.struct.spec.TestCastToTop@536dbea0</td></tr>
<tr>
<td title='io.kaitai.struct.spec.TestCombineBool.testCombineBool()'><b>testCombineBool</b><br>Test class: io.kaitai.struct.spec.TestCombineBool</td>
<td></td>
<td>0</td>
<td>io.kaitai.struct.spec.TestCombineBool@41f69e84</td></tr>
<tr>
<td title='io.kaitai.struct.spec.TestCombineBytes.testCombineBytes()'><b>testCombineBytes</b><br>Test class: io.kaitai.struct.spec.TestCombineBytes</td>
<td></td>
<td>0</td>
<td>io.kaitai.struct.spec.TestCombineBytes@7905a0b8</td></tr>
<tr>
<td title='io.kaitai.struct.spec.TestCombineEnum.testCombineEnum()'><b>testCombineEnum</b><br>Test class: io.kaitai.struct.spec.TestCombineEnum</td>
<td></td>
<td>0</td>
<td>io.kaitai.struct.spec.TestCombineEnum@45efd90f</td></tr>
<tr>
<td title='io.kaitai.struct.spec.TestCombineStr.testCombineStr()'><b>testCombineStr</b><br>Test class: io.kaitai.struct.spec.TestCombineStr</td>
<td></td>
<td>0</td>
<td>io.kaitai.struct.spec.TestCombineStr@81d9a72</td></tr>
<tr>
<td title='io.kaitai.struct.spec.TestDebug0.testDebug0()'><b>testDebug0</b><br>Test class: io.kaitai.struct.spec.TestDebug0</td>
<td></td>
<td>0</td>
<td>io.kaitai.struct.spec.TestDebug0@47c81abf</td></tr>
<tr>
<td title='io.kaitai.struct.spec.TestDebugArrayUser.testDebugArrayUser()'><b>testDebugArrayUser</b><br>Test class: io.kaitai.struct.spec.TestDebugArrayUser</td>
<td></td>
<td>0</td>
<td>io.kaitai.struct.spec.TestDebugArrayUser@7d322cad</td></tr>
<tr>
<td title='io.kaitai.struct.spec.TestDebugEnumName.testDebugEnumName()'><b>testDebugEnumName</b><br>Test class: io.kaitai.struct.spec.TestDebugEnumName</td>
<td></td>
<td>0</td>
<td>io.kaitai.struct.spec.TestDebugEnumName@5852c06f</td></tr>
<tr>
<td title='io.kaitai.struct.spec.TestDebugSwitchUser.testDebugSwitchUser()'><b>testDebugSwitchUser</b><br>Test class: io.kaitai.struct.spec.TestDebugSwitchUser</td>
<td></td>
<td>0</td>
<td>io.kaitai.struct.spec.TestDebugSwitchUser@68746f22</td></tr>
<tr>
<td title='io.kaitai.struct.spec.TestDefaultBigEndian.testDefaultBigEndian()'><b>testDefaultBigEndian</b><br>Test class: io.kaitai.struct.spec.TestDefaultBigEndian</td>
<td></td>
<td>0</td>
<td>io.kaitai.struct.spec.TestDefaultBigEndian@2f953efd</td></tr>
<tr>
<td title='io.kaitai.struct.spec.TestDefaultBitEndianMod.testDefaultBitEndianMod()'><b>testDefaultBitEndianMod</b><br>Test class: io.kaitai.struct.spec.TestDefaultBitEndianMod</td>
<td></td>
<td>0</td>
<td>io.kaitai.struct.spec.TestDefaultBitEndianMod@b86de0d</td></tr>
<tr>
<td title='io.kaitai.struct.spec.TestDefaultEndianExprException.testDefaultEndianExprException()'><b>testDefaultEndianExprException</b><br>Test class: io.kaitai.struct.spec.TestDefaultEndianExprException</td>
<td><div><pre>io.kaitai.struct.KaitaiStream$UndecidedEndiannessError
	at io.kaitai.struct.testformats.DefaultEndianExprException$Doc$MainObj._read(DefaultEndianExprException.java:98)
	at io.kaitai.struct.testformats.DefaultEndianExprException$Doc$MainObj.&lt;init&gt;(DefaultEndianExprException.java:82)
	at io.kaitai.struct.testformats.DefaultEndianExprException$Doc._read(DefaultEndianExprException.java:62)
	at io.kaitai.struct.testformats.DefaultEndianExprException$Doc.&lt;init&gt;(DefaultEndianExprException.java:58)
	at io.kaitai.struct.testformats.DefaultEndianExprException._read(DefaultEndianExprException.java:36)
	at io.kaitai.struct.testformats.DefaultEndianExprException.&lt;init&gt;(DefaultEndianExprException.java:29)
	at io.kaitai.struct.testformats.DefaultEndianExprException.&lt;init&gt;(DefaultEndianExprException.java:18)
	at io.kaitai.struct.testformats.DefaultEndianExprException.fromFile(DefaultEndianExprException.java:14)
	at io.kaitai.struct.spec.TestDefaultEndianExprException.testDefaultEndianExprException(TestDefaultEndianExprException.java:13)
... Removed 23 stack frames</pre></div><a href='#' onClick='toggleBox("stack-trace215078753", this, "Click to show all stack frames", "Click to hide stack frames")'>Click to show all stack frames</a>
<div class='stack-trace' id='stack-trace215078753'><pre>io.kaitai.struct.KaitaiStream$UndecidedEndiannessError
	at io.kaitai.struct.testformats.DefaultEndianExprException$Doc$MainObj._read(DefaultEndianExprException.java:98)
	at io.kaitai.struct.testformats.DefaultEndianExprException$Doc$MainObj.&lt;init&gt;(DefaultEndianExprException.java:82)
	at io.kaitai.struct.testformats.DefaultEndianExprException$Doc._read(DefaultEndianExprException.java:62)
	at io.kaitai.struct.testformats.DefaultEndianExprException$Doc.&lt;init&gt;(DefaultEndianExprException.java:58)
	at io.kaitai.struct.testformats.DefaultEndianExprException._read(DefaultEndianExprException.java:36)
	at io.kaitai.struct.testformats.DefaultEndianExprException.&lt;init&gt;(DefaultEndianExprException.java:29)
	at io.kaitai.struct.testformats.DefaultEndianExprException.&lt;init&gt;(DefaultEndianExprException.java:18)
	at io.kaitai.struct.testformats.DefaultEndianExprException.fromFile(DefaultEndianExprException.java:14)
	at io.kaitai.struct.spec.TestDefaultEndianExprException.testDefaultEndianExprException(TestDefaultEndianExprException.java:13)
	at java.base/jdk.internal.reflect.NativeMethodAccessorImpl.invoke0(Native Method)
	at java.base/jdk.internal.reflect.NativeMethodAccessorImpl.invoke(NativeMethodAccessorImpl.java:62)
	at java.base/jdk.internal.reflect.DelegatingMethodAccessorImpl.invoke(DelegatingMethodAccessorImpl.java:43)
	at java.base/java.lang.reflect.Method.invoke(Method.java:566)
	at org.testng.internal.MethodInvocationHelper.invokeMethod(MethodInvocationHelper.java:86)
	at org.testng.internal.Invoker.invokeMethod(Invoker.java:643)
	at org.testng.internal.Invoker.invokeTestMethod(Invoker.java:820)
	at org.testng.internal.Invoker.invokeTestMethods(Invoker.java:1128)
	at org.testng.internal.TestMethodWorker.invokeTestMethods(TestMethodWorker.java:129)
	at org.testng.internal.TestMethodWorker.run(TestMethodWorker.java:112)
	at org.testng.TestRunner.privateRun(TestRunner.java:782)
	at org.testng.TestRunner.run(TestRunner.java:632)
	at org.testng.SuiteRunner.runTest(SuiteRunner.java:366)
	at org.testng.SuiteRunner.runSequentially(SuiteRunner.java:361)
	at org.testng.SuiteRunner.privateRun(SuiteRunner.java:319)
	at org.testng.SuiteRunner.run(SuiteRunner.java:268)
	at org.testng.SuiteRunnerWorker.runSuite(SuiteRunnerWorker.java:52)
	at org.testng.SuiteRunnerWorker.run(SuiteRunnerWorker.java:86)
	at org.testng.TestNG.runSuitesSequentially(TestNG.java:1244)
	at org.testng.TestNG.runSuitesLocally(TestNG.java:1169)
	at org.testng.TestNG.run(TestNG.java:1064)
	at org.testng.TestNG.privateMain(TestNG.java:1385)
	at org.testng.TestNG.main(TestNG.java:1354)
</pre></div></td>
<td>0</td>
<td>io.kaitai.struct.spec.TestDefaultEndianExprException@72d6b3ba</td></tr>
<tr>
<td title='io.kaitai.struct.spec.TestDefaultEndianExprInherited.testDefaultEndianExprInherited()'><b>testDefaultEndianExprInherited</b><br>Test class: io.kaitai.struct.spec.TestDefaultEndianExprInherited</td>
<td></td>
<td>0</td>
<td>io.kaitai.struct.spec.TestDefaultEndianExprInherited@4b86805d</td></tr>
<tr>
<td title='io.kaitai.struct.spec.TestDefaultEndianExprIsBe.testDefaultEndianExprIsBe()'><b>testDefaultEndianExprIsBe</b><br>Test class: io.kaitai.struct.spec.TestDefaultEndianExprIsBe</td>
<td></td>
<td>0</td>
<td>io.kaitai.struct.spec.TestDefaultEndianExprIsBe@3cce57c7</td></tr>
<tr>
<td title='io.kaitai.struct.spec.TestDefaultEndianExprIsLe.testDefaultEndianExprIsLe()'><b>testDefaultEndianExprIsLe</b><br>Test class: io.kaitai.struct.spec.TestDefaultEndianExprIsLe</td>
<td></td>
<td>0</td>
<td>io.kaitai.struct.spec.TestDefaultEndianExprIsLe@32115b28</td></tr>
<tr>
<td title='io.kaitai.struct.spec.TestDefaultEndianMod.testDefaultEndianMod()'><b>testDefaultEndianMod</b><br>Test class: io.kaitai.struct.spec.TestDefaultEndianMod</td>
<td></td>
<td>0</td>
<td>io.kaitai.struct.spec.TestDefaultEndianMod@6cc4cdb9</td></tr>
<tr>
<td title='io.kaitai.struct.spec.TestDocstrings.testDocstrings()'><b>testDocstrings</b><br>Test class: io.kaitai.struct.spec.TestDocstrings</td>
<td></td>
<td>0</td>
<td>io.kaitai.struct.spec.TestDocstrings@638ef7ed</td></tr>
<tr>
<td title='io.kaitai.struct.spec.TestDocstringsDocref.testDocstringsDocref()'><b>testDocstringsDocref</b><br>Test class: io.kaitai.struct.spec.TestDocstringsDocref</td>
<td></td>
<td>0</td>
<td>io.kaitai.struct.spec.TestDocstringsDocref@2d29b4ee</td></tr>
<tr>
<td title='io.kaitai.struct.spec.TestDocstringsDocrefMulti.testDocstringsDocrefMulti()'><b>testDocstringsDocrefMulti</b><br>Test class: io.kaitai.struct.spec.TestDocstringsDocrefMulti</td>
<td></td>
<td>0</td>
<td>io.kaitai.struct.spec.TestDocstringsDocrefMulti@7dfb0c0f</td></tr>
<tr>
<td title='io.kaitai.struct.spec.TestEnum0.testEnum0()'><b>testEnum0</b><br>Test class: io.kaitai.struct.spec.TestEnum0</td>
<td></td>
<td>0</td>
<td>io.kaitai.struct.spec.TestEnum0@4ef74c30</td></tr>
<tr>
<td title='io.kaitai.struct.spec.TestEnum1.testEnum1()'><b>testEnum1</b><br>Test class: io.kaitai.struct.spec.TestEnum1</td>
<td></td>
<td>0</td>
<td>io.kaitai.struct.spec.TestEnum1@5038d0b5</td></tr>
<tr>
<td title='io.kaitai.struct.spec.TestEnumDeep.testEnumDeep()'><b>testEnumDeep</b><br>Test class: io.kaitai.struct.spec.TestEnumDeep</td>
<td></td>
<td>0</td>
<td>io.kaitai.struct.spec.TestEnumDeep@6cd24612</td></tr>
<tr>
<td title='io.kaitai.struct.spec.TestEnumDeepLiterals.testEnumDeepLiterals()'><b>testEnumDeepLiterals</b><br>Test class: io.kaitai.struct.spec.TestEnumDeepLiterals</td>
<td></td>
<td>0</td>
<td>io.kaitai.struct.spec.TestEnumDeepLiterals@69ee81fc</td></tr>
<tr>
<td title='io.kaitai.struct.spec.TestEnumFancy.testEnumFancy()'><b>testEnumFancy</b><br>Test class: io.kaitai.struct.spec.TestEnumFancy</td>
<td></td>
<td>0</td>
<td>io.kaitai.struct.spec.TestEnumFancy@452e19ca</td></tr>
<tr>
<td title='io.kaitai.struct.spec.TestEnumForUnknownId.testEnumForUnknownId()'><b>testEnumForUnknownId</b><br>Test class: io.kaitai.struct.spec.TestEnumForUnknownId</td>
<td></td>
<td>0</td>
<td>io.kaitai.struct.spec.TestEnumForUnknownId@3214ee6</td></tr>
<tr>
<td title='io.kaitai.struct.spec.TestEnumIf.testEnumIf()'><b>testEnumIf</b><br>Test class: io.kaitai.struct.spec.TestEnumIf</td>
<td></td>
<td>0</td>
<td>io.kaitai.struct.spec.TestEnumIf@3bcd05cb</td></tr>
<tr>
<td title='io.kaitai.struct.spec.TestEnumImport.testEnumImport()'><b>testEnumImport</b><br>Test class: io.kaitai.struct.spec.TestEnumImport</td>
<td></td>
<td>0</td>
<td>io.kaitai.struct.spec.TestEnumImport@1b66c0fb</td></tr>
<tr>
<td title='io.kaitai.struct.spec.TestEnumIntRangeS.testEnumIntRangeS()'><b>testEnumIntRangeS</b><br>Test class: io.kaitai.struct.spec.TestEnumIntRangeS</td>
<td></td>
<td>0</td>
<td>io.kaitai.struct.spec.TestEnumIntRangeS@76b07f29</td></tr>
<tr>
<td title='io.kaitai.struct.spec.TestEnumIntRangeU.testEnumIntRangeU()'><b>testEnumIntRangeU</b><br>Test class: io.kaitai.struct.spec.TestEnumIntRangeU</td>
<td></td>
<td>0</td>
<td>io.kaitai.struct.spec.TestEnumIntRangeU@2235eaab</td></tr>
<tr>
<td title='io.kaitai.struct.spec.TestEnumInvalid.testEnumInvalid()'><b>testEnumInvalid</b><br>Test class: io.kaitai.struct.spec.TestEnumInvalid</td>
<td></td>
<td>0</td>
<td>io.kaitai.struct.spec.TestEnumInvalid@78452606</td></tr>
<tr>
<td title='io.kaitai.struct.spec.TestEnumLongRangeS.testEnumLongRangeS()'><b>testEnumLongRangeS</b><br>Test class: io.kaitai.struct.spec.TestEnumLongRangeS</td>
<td></td>
<td>0</td>
<td>io.kaitai.struct.spec.TestEnumLongRangeS@769a1df5</td></tr>
<tr>
<td title='io.kaitai.struct.spec.TestEnumLongRangeU.testEnumLongRangeU()'><b>testEnumLongRangeU</b><br>Test class: io.kaitai.struct.spec.TestEnumLongRangeU</td>
<td></td>
<td>0</td>
<td>io.kaitai.struct.spec.TestEnumLongRangeU@64ec96c6</td></tr>
<tr>
<td title='io.kaitai.struct.spec.TestEnumNegative.testEnumNegative()'><b>testEnumNegative</b><br>Test class: io.kaitai.struct.spec.TestEnumNegative</td>
<td></td>
<td>0</td>
<td>io.kaitai.struct.spec.TestEnumNegative@14dd7b39</td></tr>
<tr>
<td title='io.kaitai.struct.spec.TestEnumOfValueInst.testEnumOfValueInst()'><b>testEnumOfValueInst</b><br>Test class: io.kaitai.struct.spec.TestEnumOfValueInst</td>
<td></td>
<td>0</td>
<td>io.kaitai.struct.spec.TestEnumOfValueInst@38af9828</td></tr>
<tr>
<td title='io.kaitai.struct.spec.TestEnumToI.testEnumToI()'><b>testEnumToI</b><br>Test class: io.kaitai.struct.spec.TestEnumToI</td>
<td></td>
<td>0</td>
<td>io.kaitai.struct.spec.TestEnumToI@5dafbe45</td></tr>
<tr>
<td title='io.kaitai.struct.spec.TestEnumToIClassBorder1.testEnumToIClassBorder1()'><b>testEnumToIClassBorder1</b><br>Test class: io.kaitai.struct.spec.TestEnumToIClassBorder1</td>
<td></td>
<td>0</td>
<td>io.kaitai.struct.spec.TestEnumToIClassBorder1@7139992f</td></tr>
<tr>
<td title='io.kaitai.struct.spec.TestEofExceptionBytes.testEofExceptionBytes()'><b>testEofExceptionBytes</b><br>Test class: io.kaitai.struct.spec.TestEofExceptionBytes</td>
<td><div><pre>java.nio.BufferUnderflowException
	at java.base/java.nio.DirectByteBuffer.get(DirectByteBuffer.java:294)
	at java.base/java.nio.ByteBuffer.get(ByteBuffer.java:770)
	at io.kaitai.struct.ByteBufferKaitaiStream.readBytes(ByteBufferKaitaiStream.java:329)
	at io.kaitai.struct.testformats.EofExceptionBytes._read(EofExceptionBytes.java:30)
	at io.kaitai.struct.testformats.EofExceptionBytes.&lt;init&gt;(EofExceptionBytes.java:27)
	at io.kaitai.struct.testformats.EofExceptionBytes.&lt;init&gt;(EofExceptionBytes.java:16)
	at io.kaitai.struct.testformats.EofExceptionBytes.fromFile(EofExceptionBytes.java:12)
	at io.kaitai.struct.spec.TestEofExceptionBytes.testEofExceptionBytes(TestEofExceptionBytes.java:13)
... Removed 23 stack frames</pre></div><a href='#' onClick='toggleBox("stack-trace840514538", this, "Click to show all stack frames", "Click to hide stack frames")'>Click to show all stack frames</a>
<div class='stack-trace' id='stack-trace840514538'><pre>java.nio.BufferUnderflowException
	at java.base/java.nio.DirectByteBuffer.get(DirectByteBuffer.java:294)
	at java.base/java.nio.ByteBuffer.get(ByteBuffer.java:770)
	at io.kaitai.struct.ByteBufferKaitaiStream.readBytes(ByteBufferKaitaiStream.java:329)
	at io.kaitai.struct.testformats.EofExceptionBytes._read(EofExceptionBytes.java:30)
	at io.kaitai.struct.testformats.EofExceptionBytes.&lt;init&gt;(EofExceptionBytes.java:27)
	at io.kaitai.struct.testformats.EofExceptionBytes.&lt;init&gt;(EofExceptionBytes.java:16)
	at io.kaitai.struct.testformats.EofExceptionBytes.fromFile(EofExceptionBytes.java:12)
	at io.kaitai.struct.spec.TestEofExceptionBytes.testEofExceptionBytes(TestEofExceptionBytes.java:13)
	at java.base/jdk.internal.reflect.NativeMethodAccessorImpl.invoke0(Native Method)
	at java.base/jdk.internal.reflect.NativeMethodAccessorImpl.invoke(NativeMethodAccessorImpl.java:62)
	at java.base/jdk.internal.reflect.DelegatingMethodAccessorImpl.invoke(DelegatingMethodAccessorImpl.java:43)
	at java.base/java.lang.reflect.Method.invoke(Method.java:566)
	at org.testng.internal.MethodInvocationHelper.invokeMethod(MethodInvocationHelper.java:86)
	at org.testng.internal.Invoker.invokeMethod(Invoker.java:643)
	at org.testng.internal.Invoker.invokeTestMethod(Invoker.java:820)
	at org.testng.internal.Invoker.invokeTestMethods(Invoker.java:1128)
	at org.testng.internal.TestMethodWorker.invokeTestMethods(TestMethodWorker.java:129)
	at org.testng.internal.TestMethodWorker.run(TestMethodWorker.java:112)
	at org.testng.TestRunner.privateRun(TestRunner.java:782)
	at org.testng.TestRunner.run(TestRunner.java:632)
	at org.testng.SuiteRunner.runTest(SuiteRunner.java:366)
	at org.testng.SuiteRunner.runSequentially(SuiteRunner.java:361)
	at org.testng.SuiteRunner.privateRun(SuiteRunner.java:319)
	at org.testng.SuiteRunner.run(SuiteRunner.java:268)
	at org.testng.SuiteRunnerWorker.runSuite(SuiteRunnerWorker.java:52)
	at org.testng.SuiteRunnerWorker.run(SuiteRunnerWorker.java:86)
	at org.testng.TestNG.runSuitesSequentially(TestNG.java:1244)
	at org.testng.TestNG.runSuitesLocally(TestNG.java:1169)
	at org.testng.TestNG.run(TestNG.java:1064)
	at org.testng.TestNG.privateMain(TestNG.java:1385)
	at org.testng.TestNG.main(TestNG.java:1354)
</pre></div></td>
<td>0</td>
<td>io.kaitai.struct.spec.TestEofExceptionBytes@1787f2a0</td></tr>
<tr>
<td title='io.kaitai.struct.spec.TestEofExceptionU4.testEofExceptionU4()'><b>testEofExceptionU4</b><br>Test class: io.kaitai.struct.spec.TestEofExceptionU4</td>
<td><div><pre>java.nio.BufferUnderflowException
	at java.base/java.nio.Buffer.nextGetIndex(Buffer.java:651)
	at java.base/java.nio.DirectByteBuffer.getInt(DirectByteBuffer.java:750)
	at io.kaitai.struct.ByteBufferKaitaiStream.readU4le(ByteBufferKaitaiStream.java:274)
	at io.kaitai.struct.testformats.EofExceptionU4._read(EofExceptionU4.java:31)
	at io.kaitai.struct.testformats.EofExceptionU4.&lt;init&gt;(EofExceptionU4.java:27)
	at io.kaitai.struct.testformats.EofExceptionU4.&lt;init&gt;(EofExceptionU4.java:16)
	at io.kaitai.struct.testformats.EofExceptionU4.fromFile(EofExceptionU4.java:12)
	at io.kaitai.struct.spec.TestEofExceptionU4.testEofExceptionU4(TestEofExceptionU4.java:13)
... Removed 23 stack frames</pre></div><a href='#' onClick='toggleBox("stack-trace1750286943", this, "Click to show all stack frames", "Click to hide stack frames")'>Click to show all stack frames</a>
<div class='stack-trace' id='stack-trace1750286943'><pre>java.nio.BufferUnderflowException
	at java.base/java.nio.Buffer.nextGetIndex(Buffer.java:651)
	at java.base/java.nio.DirectByteBuffer.getInt(DirectByteBuffer.java:750)
	at io.kaitai.struct.ByteBufferKaitaiStream.readU4le(ByteBufferKaitaiStream.java:274)
	at io.kaitai.struct.testformats.EofExceptionU4._read(EofExceptionU4.java:31)
	at io.kaitai.struct.testformats.EofExceptionU4.&lt;init&gt;(EofExceptionU4.java:27)
	at io.kaitai.struct.testformats.EofExceptionU4.&lt;init&gt;(EofExceptionU4.java:16)
	at io.kaitai.struct.testformats.EofExceptionU4.fromFile(EofExceptionU4.java:12)
	at io.kaitai.struct.spec.TestEofExceptionU4.testEofExceptionU4(TestEofExceptionU4.java:13)
	at java.base/jdk.internal.reflect.NativeMethodAccessorImpl.invoke0(Native Method)
	at java.base/jdk.internal.reflect.NativeMethodAccessorImpl.invoke(NativeMethodAccessorImpl.java:62)
	at java.base/jdk.internal.reflect.DelegatingMethodAccessorImpl.invoke(DelegatingMethodAccessorImpl.java:43)
	at java.base/java.lang.reflect.Method.invoke(Method.java:566)
	at org.testng.internal.MethodInvocationHelper.invokeMethod(MethodInvocationHelper.java:86)
	at org.testng.internal.Invoker.invokeMethod(Invoker.java:643)
	at org.testng.internal.Invoker.invokeTestMethod(Invoker.java:820)
	at org.testng.internal.Invoker.invokeTestMethods(Invoker.java:1128)
	at org.testng.internal.TestMethodWorker.invokeTestMethods(TestMethodWorker.java:129)
	at org.testng.internal.TestMethodWorker.run(TestMethodWorker.java:112)
	at org.testng.TestRunner.privateRun(TestRunner.java:782)
	at org.testng.TestRunner.run(TestRunner.java:632)
	at org.testng.SuiteRunner.runTest(SuiteRunner.java:366)
	at org.testng.SuiteRunner.runSequentially(SuiteRunner.java:361)
	at org.testng.SuiteRunner.privateRun(SuiteRunner.java:319)
	at org.testng.SuiteRunner.run(SuiteRunner.java:268)
	at org.testng.SuiteRunnerWorker.runSuite(SuiteRunnerWorker.java:52)
	at org.testng.SuiteRunnerWorker.run(SuiteRunnerWorker.java:86)
	at org.testng.TestNG.runSuitesSequentially(TestNG.java:1244)
	at org.testng.TestNG.runSuitesLocally(TestNG.java:1169)
	at org.testng.TestNG.run(TestNG.java:1064)
	at org.testng.TestNG.privateMain(TestNG.java:1385)
	at org.testng.TestNG.main(TestNG.java:1354)
</pre></div></td>
<td>0</td>
<td>io.kaitai.struct.spec.TestEofExceptionU4@475c9c31</td></tr>
<tr>
<td title='io.kaitai.struct.spec.TestEosExceptionBytes.testEosExceptionBytes()'><b>testEosExceptionBytes</b><br>Test class: io.kaitai.struct.spec.TestEosExceptionBytes</td>
<td><div><pre>java.nio.BufferUnderflowException
	at java.base/java.nio.DirectByteBuffer.get(DirectByteBuffer.java:294)
	at java.base/java.nio.ByteBuffer.get(ByteBuffer.java:770)
	at io.kaitai.struct.ByteBufferKaitaiStream.readBytes(ByteBufferKaitaiStream.java:329)
	at io.kaitai.struct.testformats.EosExceptionBytes$Data._read(EosExceptionBytes.java:53)
	at io.kaitai.struct.testformats.EosExceptionBytes$Data.&lt;init&gt;(EosExceptionBytes.java:50)
	at io.kaitai.struct.testformats.EosExceptionBytes._read(EosExceptionBytes.java:31)
	at io.kaitai.struct.testformats.EosExceptionBytes.&lt;init&gt;(EosExceptionBytes.java:27)
	at io.kaitai.struct.testformats.EosExceptionBytes.&lt;init&gt;(EosExceptionBytes.java:16)
	at io.kaitai.struct.testformats.EosExceptionBytes.fromFile(EosExceptionBytes.java:12)
	at io.kaitai.struct.spec.TestEosExceptionBytes.testEosExceptionBytes(TestEosExceptionBytes.java:13)
... Removed 23 stack frames</pre></div><a href='#' onClick='toggleBox("stack-trace13226198", this, "Click to show all stack frames", "Click to hide stack frames")'>Click to show all stack frames</a>
<div class='stack-trace' id='stack-trace13226198'><pre>java.nio.BufferUnderflowException
	at java.base/java.nio.DirectByteBuffer.get(DirectByteBuffer.java:294)
	at java.base/java.nio.ByteBuffer.get(ByteBuffer.java:770)
	at io.kaitai.struct.ByteBufferKaitaiStream.readBytes(ByteBufferKaitaiStream.java:329)
	at io.kaitai.struct.testformats.EosExceptionBytes$Data._read(EosExceptionBytes.java:53)
	at io.kaitai.struct.testformats.EosExceptionBytes$Data.&lt;init&gt;(EosExceptionBytes.java:50)
	at io.kaitai.struct.testformats.EosExceptionBytes._read(EosExceptionBytes.java:31)
	at io.kaitai.struct.testformats.EosExceptionBytes.&lt;init&gt;(EosExceptionBytes.java:27)
	at io.kaitai.struct.testformats.EosExceptionBytes.&lt;init&gt;(EosExceptionBytes.java:16)
	at io.kaitai.struct.testformats.EosExceptionBytes.fromFile(EosExceptionBytes.java:12)
	at io.kaitai.struct.spec.TestEosExceptionBytes.testEosExceptionBytes(TestEosExceptionBytes.java:13)
	at java.base/jdk.internal.reflect.NativeMethodAccessorImpl.invoke0(Native Method)
	at java.base/jdk.internal.reflect.NativeMethodAccessorImpl.invoke(NativeMethodAccessorImpl.java:62)
	at java.base/jdk.internal.reflect.DelegatingMethodAccessorImpl.invoke(DelegatingMethodAccessorImpl.java:43)
	at java.base/java.lang.reflect.Method.invoke(Method.java:566)
	at org.testng.internal.MethodInvocationHelper.invokeMethod(MethodInvocationHelper.java:86)
	at org.testng.internal.Invoker.invokeMethod(Invoker.java:643)
	at org.testng.internal.Invoker.invokeTestMethod(Invoker.java:820)
	at org.testng.internal.Invoker.invokeTestMethods(Invoker.java:1128)
	at org.testng.internal.TestMethodWorker.invokeTestMethods(TestMethodWorker.java:129)
	at org.testng.internal.TestMethodWorker.run(TestMethodWorker.java:112)
	at org.testng.TestRunner.privateRun(TestRunner.java:782)
	at org.testng.TestRunner.run(TestRunner.java:632)
	at org.testng.SuiteRunner.runTest(SuiteRunner.java:366)
	at org.testng.SuiteRunner.runSequentially(SuiteRunner.java:361)
	at org.testng.SuiteRunner.privateRun(SuiteRunner.java:319)
	at org.testng.SuiteRunner.run(SuiteRunner.java:268)
	at org.testng.SuiteRunnerWorker.runSuite(SuiteRunnerWorker.java:52)
	at org.testng.SuiteRunnerWorker.run(SuiteRunnerWorker.java:86)
	at org.testng.TestNG.runSuitesSequentially(TestNG.java:1244)
	at org.testng.TestNG.runSuitesLocally(TestNG.java:1169)
	at org.testng.TestNG.run(TestNG.java:1064)
	at org.testng.TestNG.privateMain(TestNG.java:1385)
	at org.testng.TestNG.main(TestNG.java:1354)
</pre></div></td>
<td>0</td>
<td>io.kaitai.struct.spec.TestEosExceptionBytes@13d73f29</td></tr>
<tr>
<td title='io.kaitai.struct.spec.TestEosExceptionU4.testEosExceptionU4()'><b>testEosExceptionU4</b><br>Test class: io.kaitai.struct.spec.TestEosExceptionU4</td>
<td><div><pre>java.nio.BufferUnderflowException
	at java.base/java.nio.Buffer.nextGetIndex(Buffer.java:651)
	at java.base/java.nio.DirectByteBuffer.getInt(DirectByteBuffer.java:750)
	at io.kaitai.struct.ByteBufferKaitaiStream.readU4le(ByteBufferKaitaiStream.java:274)
	at io.kaitai.struct.testformats.EosExceptionU4$Data._read(EosExceptionU4.java:54)
	at io.kaitai.struct.testformats.EosExceptionU4$Data.&lt;init&gt;(EosExceptionU4.java:50)
	at io.kaitai.struct.testformats.EosExceptionU4._read(EosExceptionU4.java:31)
	at io.kaitai.struct.testformats.EosExceptionU4.&lt;init&gt;(EosExceptionU4.java:27)
	at io.kaitai.struct.testformats.EosExceptionU4.&lt;init&gt;(EosExceptionU4.java:16)
	at io.kaitai.struct.testformats.EosExceptionU4.fromFile(EosExceptionU4.java:12)
	at io.kaitai.struct.spec.TestEosExceptionU4.testEosExceptionU4(TestEosExceptionU4.java:13)
... Removed 23 stack frames</pre></div><a href='#' onClick='toggleBox("stack-trace431570856", this, "Click to show all stack frames", "Click to hide stack frames")'>Click to show all stack frames</a>
<div class='stack-trace' id='stack-trace431570856'><pre>java.nio.BufferUnderflowException
	at java.base/java.nio.Buffer.nextGetIndex(Buffer.java:651)
	at java.base/java.nio.DirectByteBuffer.getInt(DirectByteBuffer.java:750)
	at io.kaitai.struct.ByteBufferKaitaiStream.readU4le(ByteBufferKaitaiStream.java:274)
	at io.kaitai.struct.testformats.EosExceptionU4$Data._read(EosExceptionU4.java:54)
	at io.kaitai.struct.testformats.EosExceptionU4$Data.&lt;init&gt;(EosExceptionU4.java:50)
	at io.kaitai.struct.testformats.EosExceptionU4._read(EosExceptionU4.java:31)
	at io.kaitai.struct.testformats.EosExceptionU4.&lt;init&gt;(EosExceptionU4.java:27)
	at io.kaitai.struct.testformats.EosExceptionU4.&lt;init&gt;(EosExceptionU4.java:16)
	at io.kaitai.struct.testformats.EosExceptionU4.fromFile(EosExceptionU4.java:12)
	at io.kaitai.struct.spec.TestEosExceptionU4.testEosExceptionU4(TestEosExceptionU4.java:13)
	at java.base/jdk.internal.reflect.NativeMethodAccessorImpl.invoke0(Native Method)
	at java.base/jdk.internal.reflect.NativeMethodAccessorImpl.invoke(NativeMethodAccessorImpl.java:62)
	at java.base/jdk.internal.reflect.DelegatingMethodAccessorImpl.invoke(DelegatingMethodAccessorImpl.java:43)
	at java.base/java.lang.reflect.Method.invoke(Method.java:566)
	at org.testng.internal.MethodInvocationHelper.invokeMethod(MethodInvocationHelper.java:86)
	at org.testng.internal.Invoker.invokeMethod(Invoker.java:643)
	at org.testng.internal.Invoker.invokeTestMethod(Invoker.java:820)
	at org.testng.internal.Invoker.invokeTestMethods(Invoker.java:1128)
	at org.testng.internal.TestMethodWorker.invokeTestMethods(TestMethodWorker.java:129)
	at org.testng.internal.TestMethodWorker.run(TestMethodWorker.java:112)
	at org.testng.TestRunner.privateRun(TestRunner.java:782)
	at org.testng.TestRunner.run(TestRunner.java:632)
	at org.testng.SuiteRunner.runTest(SuiteRunner.java:366)
	at org.testng.SuiteRunner.runSequentially(SuiteRunner.java:361)
	at org.testng.SuiteRunner.privateRun(SuiteRunner.java:319)
	at org.testng.SuiteRunner.run(SuiteRunner.java:268)
	at org.testng.SuiteRunnerWorker.runSuite(SuiteRunnerWorker.java:52)
	at org.testng.SuiteRunnerWorker.run(SuiteRunnerWorker.java:86)
	at org.testng.TestNG.runSuitesSequentially(TestNG.java:1244)
	at org.testng.TestNG.runSuitesLocally(TestNG.java:1169)
	at org.testng.TestNG.run(TestNG.java:1064)
	at org.testng.TestNG.privateMain(TestNG.java:1385)
	at org.testng.TestNG.main(TestNG.java:1354)
</pre></div></td>
<td>0</td>
<td>io.kaitai.struct.spec.TestEosExceptionU4@60db1c0e</td></tr>
<tr>
<td title='io.kaitai.struct.spec.TestExpr0.testExpr0()'><b>testExpr0</b><br>Test class: io.kaitai.struct.spec.TestExpr0</td>
<td></td>
<td>0</td>
<td>io.kaitai.struct.spec.TestExpr0@5f9edf14</td></tr>
<tr>
<td title='io.kaitai.struct.spec.TestExpr1.testExpr1()'><b>testExpr1</b><br>Test class: io.kaitai.struct.spec.TestExpr1</td>
<td></td>
<td>0</td>
<td>io.kaitai.struct.spec.TestExpr1@7d61eb55</td></tr>
<tr>
<td title='io.kaitai.struct.spec.TestExpr2.testExpr2()'><b>testExpr2</b><br>Test class: io.kaitai.struct.spec.TestExpr2</td>
<td></td>
<td>0</td>
<td>io.kaitai.struct.spec.TestExpr2@34129c78</td></tr>
<tr>
<td title='io.kaitai.struct.spec.TestExpr3.testExpr3()'><b>testExpr3</b><br>Test class: io.kaitai.struct.spec.TestExpr3</td>
<td></td>
<td>0</td>
<td>io.kaitai.struct.spec.TestExpr3@6e2aa843</td></tr>
<tr>
<td title='io.kaitai.struct.spec.TestExprArray.testExprArray()'><b>testExprArray</b><br>Test class: io.kaitai.struct.spec.TestExprArray</td>
<td></td>
<td>0</td>
<td>io.kaitai.struct.spec.TestExprArray@456d6c1e</td></tr>
<tr>
<td title='io.kaitai.struct.spec.TestExprBytesCmp.testExprBytesCmp()'><b>testExprBytesCmp</b><br>Test class: io.kaitai.struct.spec.TestExprBytesCmp</td>
<td></td>
<td>0</td>
<td>io.kaitai.struct.spec.TestExprBytesCmp@6f36c2f0</td></tr>
<tr>
<td title='io.kaitai.struct.spec.TestExprCalcArrayOps.testExprCalcArrayOps()'><b>testExprCalcArrayOps</b><br>Test class: io.kaitai.struct.spec.TestExprCalcArrayOps</td>
<td></td>
<td>0</td>
<td>io.kaitai.struct.spec.TestExprCalcArrayOps@1df8da7a</td></tr>
<tr>
<td title='io.kaitai.struct.spec.TestExprEnum.testExprEnum()'><b>testExprEnum</b><br>Test class: io.kaitai.struct.spec.TestExprEnum</td>
<td></td>
<td>0</td>
<td>io.kaitai.struct.spec.TestExprEnum@23941fb4</td></tr>
<tr>
<td title='io.kaitai.struct.spec.TestExprIoEof.testExprIoEof()'><b>testExprIoEof</b><br>Test class: io.kaitai.struct.spec.TestExprIoEof</td>
<td></td>
<td>0</td>
<td>io.kaitai.struct.spec.TestExprIoEof@1b410b60</td></tr>
<tr>
<td title='io.kaitai.struct.spec.TestExprIoPos.testExprIoPos()'><b>testExprIoPos</b><br>Test class: io.kaitai.struct.spec.TestExprIoPos</td>
<td></td>
<td>0</td>
<td>io.kaitai.struct.spec.TestExprIoPos@7fd7a283</td></tr>
<tr>
<td title='io.kaitai.struct.spec.TestExprMod.testExprMod()'><b>testExprMod</b><br>Test class: io.kaitai.struct.spec.TestExprMod</td>
<td></td>
<td>0</td>
<td>io.kaitai.struct.spec.TestExprMod@36804139</td></tr>
<tr>
<td title='io.kaitai.struct.spec.TestExprSizeofType0.testExprSizeofType0()'><b>testExprSizeofType0</b><br>Test class: io.kaitai.struct.spec.TestExprSizeofType0</td>
<td></td>
<td>0</td>
<td>io.kaitai.struct.spec.TestExprSizeofType0@565f390</td></tr>
<tr>
<td title='io.kaitai.struct.spec.TestExprSizeofType1.testExprSizeofType1()'><b>testExprSizeofType1</b><br>Test class: io.kaitai.struct.spec.TestExprSizeofType1</td>
<td></td>
<td>0</td>
<td>io.kaitai.struct.spec.TestExprSizeofType1@508dec2b</td></tr>
<tr>
<td title='io.kaitai.struct.spec.TestExprSizeofValue0.testExprSizeofValue0()'><b>testExprSizeofValue0</b><br>Test class: io.kaitai.struct.spec.TestExprSizeofValue0</td>
<td></td>
<td>0</td>
<td>io.kaitai.struct.spec.TestExprSizeofValue0@147e2ae7</td></tr>
<tr>
<td title='io.kaitai.struct.spec.TestExprSizeofValueSized.testExprSizeofValueSized()'><b>testExprSizeofValueSized</b><br>Test class: io.kaitai.struct.spec.TestExprSizeofValueSized</td>
<td></td>
<td>0</td>
<td>io.kaitai.struct.spec.TestExprSizeofValueSized@7975d1d8</td></tr>
<tr>
<td title='io.kaitai.struct.spec.TestExprStrEncodings.testExprStrEncodings()'><b>testExprStrEncodings</b><br>Test class: io.kaitai.struct.spec.TestExprStrEncodings</td>
<td></td>
<td>0</td>
<td>io.kaitai.struct.spec.TestExprStrEncodings@7d3e8655</td></tr>
<tr>
<td title='io.kaitai.struct.spec.TestExprStrOps.testExprStrOps()'><b>testExprStrOps</b><br>Test class: io.kaitai.struct.spec.TestExprStrOps</td>
<td></td>
<td>0</td>
<td>io.kaitai.struct.spec.TestExprStrOps@1e4f4a5c</td></tr>
<tr>
<td title='io.kaitai.struct.spec.TestFixedContents.testFixedContents()'><b>testFixedContents</b><br>Test class: io.kaitai.struct.spec.TestFixedContents</td>
<td></td>
<td>0</td>
<td>io.kaitai.struct.spec.TestFixedContents@57db2b13</td></tr>
<tr>
<td title='io.kaitai.struct.spec.TestFixedStruct.testFixedStruct()'><b>testFixedStruct</b><br>Test class: io.kaitai.struct.spec.TestFixedStruct</td>
<td></td>
<td>0</td>
<td>io.kaitai.struct.spec.TestFixedStruct@7de62196</td></tr>
<tr>
<td title='io.kaitai.struct.spec.TestFloatToI.testFloatToI()'><b>testFloatToI</b><br>Test class: io.kaitai.struct.spec.TestFloatToI</td>
<td></td>
<td>0</td>
<td>io.kaitai.struct.spec.TestFloatToI@465232e9</td></tr>
<tr>
<td title='io.kaitai.struct.spec.TestFloatingPoints.testFloatingPoints()'><b>testFloatingPoints</b><br>Test class: io.kaitai.struct.spec.TestFloatingPoints</td>
<td></td>
<td>0</td>
<td>io.kaitai.struct.spec.TestFloatingPoints@163370c2</td></tr>
<tr>
<td title='io.kaitai.struct.spec.TestHelloWorld.testHelloWorld()'><b>testHelloWorld</b><br>Test class: io.kaitai.struct.spec.TestHelloWorld</td>
<td></td>
<td>0</td>
<td>io.kaitai.struct.spec.TestHelloWorld@2e570ded</td></tr>
<tr>
<td title='io.kaitai.struct.spec.TestIfInstances.testIfInstances()'><b>testIfInstances</b><br>Test class: io.kaitai.struct.spec.TestIfInstances</td>
<td></td>
<td>0</td>
<td>io.kaitai.struct.spec.TestIfInstances@18f8cd79</td></tr>
<tr>
<td title='io.kaitai.struct.spec.TestIfStruct.testIfStruct()'><b>testIfStruct</b><br>Test class: io.kaitai.struct.spec.TestIfStruct</td>
<td></td>
<td>0</td>
<td>io.kaitai.struct.spec.TestIfStruct@4808bc9b</td></tr>
<tr>
<td title='io.kaitai.struct.spec.TestIfValues.testIfValues()'><b>testIfValues</b><br>Test class: io.kaitai.struct.spec.TestIfValues</td>
<td></td>
<td>0</td>
<td>io.kaitai.struct.spec.TestIfValues@21d03963</td></tr>
<tr>
<td title='io.kaitai.struct.spec.TestImports0.testImports0()'><b>testImports0</b><br>Test class: io.kaitai.struct.spec.TestImports0</td>
<td></td>
<td>0</td>
<td>io.kaitai.struct.spec.TestImports0@1169afe1</td></tr>
<tr>
<td title='io.kaitai.struct.spec.TestImportsAbs.testImportsAbs()'><b>testImportsAbs</b><br>Test class: io.kaitai.struct.spec.TestImportsAbs</td>
<td></td>
<td>0</td>
<td>io.kaitai.struct.spec.TestImportsAbs@3e0e1046</td></tr>
<tr>
<td title='io.kaitai.struct.spec.TestImportsAbsAbs.testImportsAbsAbs()'><b>testImportsAbsAbs</b><br>Test class: io.kaitai.struct.spec.TestImportsAbsAbs</td>
<td></td>
<td>0</td>
<td>io.kaitai.struct.spec.TestImportsAbsAbs@14bdbc74</td></tr>
<tr>
<td title='io.kaitai.struct.spec.TestImportsAbsRel.testImportsAbsRel()'><b>testImportsAbsRel</b><br>Test class: io.kaitai.struct.spec.TestImportsAbsRel</td>
<td></td>
<td>0</td>
<td>io.kaitai.struct.spec.TestImportsAbsRel@1cf56a1c</td></tr>
<tr>
<td title='io.kaitai.struct.spec.TestImportsCircularA.testImportsCircularA()'><b>testImportsCircularA</b><br>Test class: io.kaitai.struct.spec.TestImportsCircularA</td>
<td></td>
<td>0</td>
<td>io.kaitai.struct.spec.TestImportsCircularA@1c9b0314</td></tr>
<tr>
<td title='io.kaitai.struct.spec.TestImportsRel1.testImportsRel1()'><b>testImportsRel1</b><br>Test class: io.kaitai.struct.spec.TestImportsRel1</td>
<td></td>
<td>0</td>
<td>io.kaitai.struct.spec.TestImportsRel1@19b843ba</td></tr>
<tr>
<td title='io.kaitai.struct.spec.TestIndexSizes.testIndexSizes()'><b>testIndexSizes</b><br>Test class: io.kaitai.struct.spec.TestIndexSizes</td>
<td></td>
<td>0</td>
<td>io.kaitai.struct.spec.TestIndexSizes@1e13529a</td></tr>
<tr>
<td title='io.kaitai.struct.spec.TestIndexToParamEos.testIndexToParamEos()'><b>testIndexToParamEos</b><br>Test class: io.kaitai.struct.spec.TestIndexToParamEos</td>
<td></td>
<td>0</td>
<td>io.kaitai.struct.spec.TestIndexToParamEos@79defdc</td></tr>
<tr>
<td title='io.kaitai.struct.spec.TestIndexToParamExpr.testIndexToParamExpr()'><b>testIndexToParamExpr</b><br>Test class: io.kaitai.struct.spec.TestIndexToParamExpr</td>
<td></td>
<td>0</td>
<td>io.kaitai.struct.spec.TestIndexToParamExpr@13d9cbf5</td></tr>
<tr>
<td title='io.kaitai.struct.spec.TestIndexToParamUntil.testIndexToParamUntil()'><b>testIndexToParamUntil</b><br>Test class: io.kaitai.struct.spec.TestIndexToParamUntil</td>
<td></td>
<td>0</td>
<td>io.kaitai.struct.spec.TestIndexToParamUntil@50f6ac94</td></tr>
<tr>
<td title='io.kaitai.struct.spec.TestInstanceIoUser.testInstanceIoUser()'><b>testInstanceIoUser</b><br>Test class: io.kaitai.struct.spec.TestInstanceIoUser</td>
<td></td>
<td>0</td>
<td>io.kaitai.struct.spec.TestInstanceIoUser@2d0399f4</td></tr>
<tr>
<td title='io.kaitai.struct.spec.TestInstanceStd.testInstanceStd()'><b>testInstanceStd</b><br>Test class: io.kaitai.struct.spec.TestInstanceStd</td>
<td></td>
<td>0</td>
<td>io.kaitai.struct.spec.TestInstanceStd@21be3395</td></tr>
<tr>
<td title='io.kaitai.struct.spec.TestInstanceStdArray.testInstanceStdArray()'><b>testInstanceStdArray</b><br>Test class: io.kaitai.struct.spec.TestInstanceStdArray</td>
<td></td>
<td>0</td>
<td>io.kaitai.struct.spec.TestInstanceStdArray@5167f57d</td></tr>
<tr>
<td title='io.kaitai.struct.spec.TestIntegers.testIntegers()'><b>testIntegers</b><br>Test class: io.kaitai.struct.spec.TestIntegers</td>
<td></td>
<td>0</td>
<td>io.kaitai.struct.spec.TestIntegers@e3b3b2f</td></tr>
<tr>
<td title='io.kaitai.struct.spec.TestIntegersDoubleOverflow.testIntegersDoubleOverflow()'><b>testIntegersDoubleOverflow</b><br>Test class: io.kaitai.struct.spec.TestIntegersDoubleOverflow</td>
<td></td>
<td>0</td>
<td>io.kaitai.struct.spec.TestIntegersDoubleOverflow@4149c063</td></tr>
<tr>
<td title='io.kaitai.struct.spec.TestIntegersMinMax.testIntegersMinMax()'><b>testIntegersMinMax</b><br>Test class: io.kaitai.struct.spec.TestIntegersMinMax</td>
<td></td>
<td>0</td>
<td>io.kaitai.struct.spec.TestIntegersMinMax@53f3bdbd</td></tr>
<tr>
<td title='io.kaitai.struct.spec.TestIoLocalVar.testIoLocalVar()'><b>testIoLocalVar</b><br>Test class: io.kaitai.struct.spec.TestIoLocalVar</td>
<td></td>
<td>0</td>
<td>io.kaitai.struct.spec.TestIoLocalVar@776a6d9b</td></tr>
<tr>
<td title='io.kaitai.struct.spec.TestJsSignedRightShift.testJsSignedRightShift()'><b>testJsSignedRightShift</b><br>Test class: io.kaitai.struct.spec.TestJsSignedRightShift</td>
<td></td>
<td>0</td>
<td>io.kaitai.struct.spec.TestJsSignedRightShift@78fa769e</td></tr>
<tr>
<td title='io.kaitai.struct.spec.TestMetaTags.testMetaTags()'><b>testMetaTags</b><br>Test class: io.kaitai.struct.spec.TestMetaTags</td>
<td></td>
<td>0</td>
<td>io.kaitai.struct.spec.TestMetaTags@4c5ae43b</td></tr>
<tr>
<td title='io.kaitai.struct.spec.TestMetaXref.testMetaXref()'><b>testMetaXref</b><br>Test class: io.kaitai.struct.spec.TestMetaXref</td>
<td></td>
<td>0</td>
<td>io.kaitai.struct.spec.TestMetaXref@3b35a229</td></tr>
<tr>
<td title='io.kaitai.struct.spec.TestMultipleUse.testMultipleUse()'><b>testMultipleUse</b><br>Test class: io.kaitai.struct.spec.TestMultipleUse</td>
<td></td>
<td>0</td>
<td>io.kaitai.struct.spec.TestMultipleUse@626abbd0</td></tr>
<tr>
<td title='io.kaitai.struct.spec.TestNavParent.testNavParent()'><b>testNavParent</b><br>Test class: io.kaitai.struct.spec.TestNavParent</td>
<td></td>
<td>0</td>
<td>io.kaitai.struct.spec.TestNavParent@3e62d773</td></tr>
<tr>
<td title='io.kaitai.struct.spec.TestNavParent2.testNavParent2()'><b>testNavParent2</b><br>Test class: io.kaitai.struct.spec.TestNavParent2</td>
<td></td>
<td>0</td>
<td>io.kaitai.struct.spec.TestNavParent2@7eecb5b8</td></tr>
<tr>
<td title='io.kaitai.struct.spec.TestNavParent3.testNavParent3()'><b>testNavParent3</b><br>Test class: io.kaitai.struct.spec.TestNavParent3</td>
<td></td>
<td>0</td>
<td>io.kaitai.struct.spec.TestNavParent3@41488b16</td></tr>
<tr>
<td title='io.kaitai.struct.spec.TestNavParentFalse.testNavParentFalse()'><b>testNavParentFalse</b><br>Test class: io.kaitai.struct.spec.TestNavParentFalse</td>
<td></td>
<td>0</td>
<td>io.kaitai.struct.spec.TestNavParentFalse@7b50df34</td></tr>
<tr>
<td title='io.kaitai.struct.spec.TestNavParentFalse2.testNavParentFalse2()'><b>testNavParentFalse2</b><br>Test class: io.kaitai.struct.spec.TestNavParentFalse2</td>
<td></td>
<td>0</td>
<td>io.kaitai.struct.spec.TestNavParentFalse2@6933b6c6</td></tr>
<tr>
<td title='io.kaitai.struct.spec.TestNavParentOverride.testNavParentOverride()'><b>testNavParentOverride</b><br>Test class: io.kaitai.struct.spec.TestNavParentOverride</td>
<td></td>
<td>0</td>
<td>io.kaitai.struct.spec.TestNavParentOverride@7d9f158f</td></tr>
<tr>
<td title='io.kaitai.struct.spec.TestNavParentSwitch.testNavParentSwitch()'><b>testNavParentSwitch</b><br>Test class: io.kaitai.struct.spec.TestNavParentSwitch</td>
<td></td>
<td>0</td>
<td>io.kaitai.struct.spec.TestNavParentSwitch@1f9f6368</td></tr>
<tr>
<td title='io.kaitai.struct.spec.TestNavParentSwitchCast.testNavParentSwitchCast()'><b>testNavParentSwitchCast</b><br>Test class: io.kaitai.struct.spec.TestNavParentSwitchCast</td>
<td></td>
<td>0</td>
<td>io.kaitai.struct.spec.TestNavParentSwitchCast@50029372</td></tr>
<tr>
<td title='io.kaitai.struct.spec.TestNavParentVsValueInst.testNavParentVsValueInst()'><b>testNavParentVsValueInst</b><br>Test class: io.kaitai.struct.spec.TestNavParentVsValueInst</td>
<td></td>
<td>0</td>
<td>io.kaitai.struct.spec.TestNavParentVsValueInst@7f2cfe3f</td></tr>
<tr>
<td title='io.kaitai.struct.spec.TestNavRoot.testNavRoot()'><b>testNavRoot</b><br>Test class: io.kaitai.struct.spec.TestNavRoot</td>
<td></td>
<td>0</td>
<td>io.kaitai.struct.spec.TestNavRoot@798162bc</td></tr>
<tr>
<td title='io.kaitai.struct.spec.TestNestedSameName.testNestedSameName()'><b>testNestedSameName</b><br>Test class: io.kaitai.struct.spec.TestNestedSameName</td>
<td></td>
<td>0</td>
<td>io.kaitai.struct.spec.TestNestedSameName@24c1b2d2</td></tr>
<tr>
<td title='io.kaitai.struct.spec.TestNestedSameName2.testNestedSameName2()'><b>testNestedSameName2</b><br>Test class: io.kaitai.struct.spec.TestNestedSameName2</td>
<td></td>
<td>0</td>
<td>io.kaitai.struct.spec.TestNestedSameName2@d2de489</td></tr>
<tr>
<td title='io.kaitai.struct.spec.TestNestedTypeParam.testNestedTypeParam()'><b>testNestedTypeParam</b><br>Test class: io.kaitai.struct.spec.TestNestedTypeParam</td>
<td></td>
<td>0</td>
<td>io.kaitai.struct.spec.TestNestedTypeParam@51bd8b5c</td></tr>
<tr>
<td title='io.kaitai.struct.spec.TestNestedTypes.testNestedTypes()'><b>testNestedTypes</b><br>Test class: io.kaitai.struct.spec.TestNestedTypes</td>
<td></td>
<td>0</td>
<td>io.kaitai.struct.spec.TestNestedTypes@70e38ce1</td></tr>
<tr>
<td title='io.kaitai.struct.spec.TestNestedTypes2.testNestedTypes2()'><b>testNestedTypes2</b><br>Test class: io.kaitai.struct.spec.TestNestedTypes2</td>
<td></td>
<td>0</td>
<td>io.kaitai.struct.spec.TestNestedTypes2@45385f75</td></tr>
<tr>
<td title='io.kaitai.struct.spec.TestNestedTypes3.testNestedTypes3()'><b>testNestedTypes3</b><br>Test class: io.kaitai.struct.spec.TestNestedTypes3</td>
<td></td>
<td>0</td>
<td>io.kaitai.struct.spec.TestNestedTypes3@7283d3eb</td></tr>
<tr>
<td title='io.kaitai.struct.spec.TestNonStandard.testNonStandard()'><b>testNonStandard</b><br>Test class: io.kaitai.struct.spec.TestNonStandard</td>
<td></td>
<td>0</td>
<td>io.kaitai.struct.spec.TestNonStandard@28194a50</td></tr>
<tr>
<td title='io.kaitai.struct.spec.TestOpaqueExternalType.testOpaqueExternalType()'><b>testOpaqueExternalType</b><br>Test class: io.kaitai.struct.spec.TestOpaqueExternalType</td>
<td></td>
<td>0</td>
<td>io.kaitai.struct.spec.TestOpaqueExternalType@6a4f1a55</td></tr>
<tr>
<td title='io.kaitai.struct.spec.TestOpaqueExternalType02Parent.testOpaqueExternalType02Parent()'><b>testOpaqueExternalType02Parent</b><br>Test class: io.kaitai.struct.spec.TestOpaqueExternalType02Parent</td>
<td></td>
<td>0</td>
<td>io.kaitai.struct.spec.TestOpaqueExternalType02Parent@2ca26d77</td></tr>
<tr>
<td title='io.kaitai.struct.spec.TestOpaqueWithParam.testOpaqueWithParam()'><b>testOpaqueWithParam</b><br>Test class: io.kaitai.struct.spec.TestOpaqueWithParam</td>
<td></td>
<td>0</td>
<td>io.kaitai.struct.spec.TestOpaqueWithParam@2ad48653</td></tr>
<tr>
<td title='io.kaitai.struct.spec.TestOptionalId.testOptionalId()'><b>testOptionalId</b><br>Test class: io.kaitai.struct.spec.TestOptionalId</td>
<td></td>
<td>0</td>
<td>io.kaitai.struct.spec.TestOptionalId@448c8166</td></tr>
<tr>
<td title='io.kaitai.struct.spec.TestParamsCallExtraParens.testParamsCallExtraParens()'><b>testParamsCallExtraParens</b><br>Test class: io.kaitai.struct.spec.TestParamsCallExtraParens</td>
<td></td>
<td>0</td>
<td>io.kaitai.struct.spec.TestParamsCallExtraParens@4470fbd6</td></tr>
<tr>
<td title='io.kaitai.struct.spec.TestParamsCallShort.testParamsCallShort()'><b>testParamsCallShort</b><br>Test class: io.kaitai.struct.spec.TestParamsCallShort</td>
<td></td>
<td>0</td>
<td>io.kaitai.struct.spec.TestParamsCallShort@10289886</td></tr>
<tr>
<td title='io.kaitai.struct.spec.TestParamsDef.testParamsDef()'><b>testParamsDef</b><br>Test class: io.kaitai.struct.spec.TestParamsDef</td>
<td></td>
<td>0</td>
<td>io.kaitai.struct.spec.TestParamsDef@37313c65</td></tr>
<tr>
<td title='io.kaitai.struct.spec.TestParamsEnum.testParamsEnum()'><b>testParamsEnum</b><br>Test class: io.kaitai.struct.spec.TestParamsEnum</td>
<td></td>
<td>0</td>
<td>io.kaitai.struct.spec.TestParamsEnum@2ca923bb</td></tr>
<tr>
<td title='io.kaitai.struct.spec.TestParamsPassArrayInt.testParamsPassArrayInt()'><b>testParamsPassArrayInt</b><br>Test class: io.kaitai.struct.spec.TestParamsPassArrayInt</td>
<td></td>
<td>0</td>
<td>io.kaitai.struct.spec.TestParamsPassArrayInt@9816741</td></tr>
<tr>
<td title='io.kaitai.struct.spec.TestParamsPassArrayStr.testParamsPassArrayStr()'><b>testParamsPassArrayStr</b><br>Test class: io.kaitai.struct.spec.TestParamsPassArrayStr</td>
<td></td>
<td>0</td>
<td>io.kaitai.struct.spec.TestParamsPassArrayStr@3576ddc2</td></tr>
<tr>
<td title='io.kaitai.struct.spec.TestParamsPassArrayStruct.testParamsPassArrayStruct()'><b>testParamsPassArrayStruct</b><br>Test class: io.kaitai.struct.spec.TestParamsPassArrayStruct</td>
<td></td>
<td>0</td>
<td>io.kaitai.struct.spec.TestParamsPassArrayStruct@2438dcd</td></tr>
<tr>
<td title='io.kaitai.struct.spec.TestParamsPassArrayUsertype.testParamsPassArrayUsertype()'><b>testParamsPassArrayUsertype</b><br>Test class: io.kaitai.struct.spec.TestParamsPassArrayUsertype</td>
<td></td>
<td>0</td>
<td>io.kaitai.struct.spec.TestParamsPassArrayUsertype@54e041a4</td></tr>
<tr>
<td title='io.kaitai.struct.spec.TestParamsPassBool.testParamsPassBool()'><b>testParamsPassBool</b><br>Test class: io.kaitai.struct.spec.TestParamsPassBool</td>
<td></td>
<td>0</td>
<td>io.kaitai.struct.spec.TestParamsPassBool@1e16c0aa</td></tr>
<tr>
<td title='io.kaitai.struct.spec.TestParamsPassStruct.testParamsPassStruct()'><b>testParamsPassStruct</b><br>Test class: io.kaitai.struct.spec.TestParamsPassStruct</td>
<td></td>
<td>0</td>
<td>io.kaitai.struct.spec.TestParamsPassStruct@2f01783a</td></tr>
<tr>
<td title='io.kaitai.struct.spec.TestParamsPassUsertype.testParamsPassUsertype()'><b>testParamsPassUsertype</b><br>Test class: io.kaitai.struct.spec.TestParamsPassUsertype</td>
<td></td>
<td>0</td>
<td>io.kaitai.struct.spec.TestParamsPassUsertype@6c7a164b</td></tr>
<tr>
<td title='io.kaitai.struct.spec.TestPositionAbs.testPositionAbs()'><b>testPositionAbs</b><br>Test class: io.kaitai.struct.spec.TestPositionAbs</td>
<td></td>
<td>0</td>
<td>io.kaitai.struct.spec.TestPositionAbs@264f218</td></tr>
<tr>
<td title='io.kaitai.struct.spec.TestPositionInSeq.testPositionInSeq()'><b>testPositionInSeq</b><br>Test class: io.kaitai.struct.spec.TestPositionInSeq</td>
<td></td>
<td>0</td>
<td>io.kaitai.struct.spec.TestPositionInSeq@51bf5add</td></tr>
<tr>
<td title='io.kaitai.struct.spec.TestPositionToEnd.testPositionToEnd()'><b>testPositionToEnd</b><br>Test class: io.kaitai.struct.spec.TestPositionToEnd</td>
<td></td>
<td>0</td>
<td>io.kaitai.struct.spec.TestPositionToEnd@6ca18a14</td></tr>
<tr>
<td title='io.kaitai.struct.spec.TestProcessCoerceBytes.testProcessCoerceBytes()'><b>testProcessCoerceBytes</b><br>Test class: io.kaitai.struct.spec.TestProcessCoerceBytes</td>
<td></td>
<td>0</td>
<td>io.kaitai.struct.spec.TestProcessCoerceBytes@5c86a017</td></tr>
<tr>
<td title='io.kaitai.struct.spec.TestProcessCoerceSwitch.testProcessCoerceSwitch()'><b>testProcessCoerceSwitch</b><br>Test class: io.kaitai.struct.spec.TestProcessCoerceSwitch</td>
<td></td>
<td>0</td>
<td>io.kaitai.struct.spec.TestProcessCoerceSwitch@4b8729ff</td></tr>
<tr>
<td title='io.kaitai.struct.spec.TestProcessCoerceUsertype1.testProcessCoerceUsertype1()'><b>testProcessCoerceUsertype1</b><br>Test class: io.kaitai.struct.spec.TestProcessCoerceUsertype1</td>
<td></td>
<td>0</td>
<td>io.kaitai.struct.spec.TestProcessCoerceUsertype1@642a7222</td></tr>
<tr>
<td title='io.kaitai.struct.spec.TestProcessCoerceUsertype2.testProcessCoerceUsertype2()'><b>testProcessCoerceUsertype2</b><br>Test class: io.kaitai.struct.spec.TestProcessCoerceUsertype2</td>
<td></td>
<td>0</td>
<td>io.kaitai.struct.spec.TestProcessCoerceUsertype2@5a7fe64f</td></tr>
<tr>
<td title='io.kaitai.struct.spec.TestProcessCustom.testProcessCustom()'><b>testProcessCustom</b><br>Test class: io.kaitai.struct.spec.TestProcessCustom</td>
<td></td>
<td>0</td>
<td>io.kaitai.struct.spec.TestProcessCustom@9cb8225</td></tr>
<tr>
<td title='io.kaitai.struct.spec.TestProcessCustomNoArgs.testProcessCustomNoArgs()'><b>testProcessCustomNoArgs</b><br>Test class: io.kaitai.struct.spec.TestProcessCustomNoArgs</td>
<td></td>
<td>0</td>
<td>io.kaitai.struct.spec.TestProcessCustomNoArgs@33f676f6</td></tr>
<tr>
<td title='io.kaitai.struct.spec.TestProcessRepeatBytes.testProcessRepeatBytes()'><b>testProcessRepeatBytes</b><br>Test class: io.kaitai.struct.spec.TestProcessRepeatBytes</td>
<td></td>
<td>0</td>
<td>io.kaitai.struct.spec.TestProcessRepeatBytes@6bb4dd34</td></tr>
<tr>
<td title='io.kaitai.struct.spec.TestProcessRepeatUsertype.testProcessRepeatUsertype()'><b>testProcessRepeatUsertype</b><br>Test class: io.kaitai.struct.spec.TestProcessRepeatUsertype</td>
<td></td>
<td>0</td>
<td>io.kaitai.struct.spec.TestProcessRepeatUsertype@6b0d80ed</td></tr>
<tr>
<td title='io.kaitai.struct.spec.TestProcessRotate.testProcessRotate()'><b>testProcessRotate</b><br>Test class: io.kaitai.struct.spec.TestProcessRotate</td>
<td></td>
<td>0</td>
<td>io.kaitai.struct.spec.TestProcessRotate@62656be4</td></tr>
<tr>
<td title='io.kaitai.struct.spec.TestProcessToUser.testProcessToUser()'><b>testProcessToUser</b><br>Test class: io.kaitai.struct.spec.TestProcessToUser</td>
<td></td>
<td>0</td>
<td>io.kaitai.struct.spec.TestProcessToUser@3b6d844d</td></tr>
<tr>
<td title='io.kaitai.struct.spec.TestProcessXor4Const.testProcessXor4Const()'><b>testProcessXor4Const</b><br>Test class: io.kaitai.struct.spec.TestProcessXor4Const</td>
<td></td>
<td>0</td>
<td>io.kaitai.struct.spec.TestProcessXor4Const@503f91c3</td></tr>
<tr>
<td title='io.kaitai.struct.spec.TestProcessXor4Value.testProcessXor4Value()'><b>testProcessXor4Value</b><br>Test class: io.kaitai.struct.spec.TestProcessXor4Value</td>
<td></td>
<td>0</td>
<td>io.kaitai.struct.spec.TestProcessXor4Value@700fb871</td></tr>
<tr>
<td title='io.kaitai.struct.spec.TestProcessXorConst.testProcessXorConst()'><b>testProcessXorConst</b><br>Test class: io.kaitai.struct.spec.TestProcessXorConst</td>
<td></td>
<td>0</td>
<td>io.kaitai.struct.spec.TestProcessXorConst@2c78324b</td></tr>
<tr>
<td title='io.kaitai.struct.spec.TestProcessXorValue.testProcessXorValue()'><b>testProcessXorValue</b><br>Test class: io.kaitai.struct.spec.TestProcessXorValue</td>
<td></td>
<td>0</td>
<td>io.kaitai.struct.spec.TestProcessXorValue@17503f6b</td></tr>
<tr>
<td title='io.kaitai.struct.spec.TestRecursiveOne.testRecursiveOne()'><b>testRecursiveOne</b><br>Test class: io.kaitai.struct.spec.TestRecursiveOne</td>
<td></td>
<td>0</td>
<td>io.kaitai.struct.spec.TestRecursiveOne@2254127a</td></tr>
<tr>
<td title='io.kaitai.struct.spec.TestRepeatEosBit.testRepeatEosBit()'><b>testRepeatEosBit</b><br>Test class: io.kaitai.struct.spec.TestRepeatEosBit</td>
<td></td>
<td>0</td>
<td>io.kaitai.struct.spec.TestRepeatEosBit@4dc27487</td></tr>
<tr>
<td title='io.kaitai.struct.spec.TestRepeatEosStruct.testRepeatEosStruct()'><b>testRepeatEosStruct</b><br>Test class: io.kaitai.struct.spec.TestRepeatEosStruct</td>
<td></td>
<td>0</td>
<td>io.kaitai.struct.spec.TestRepeatEosStruct@6f8e8894</td></tr>
<tr>
<td title='io.kaitai.struct.spec.TestRepeatEosU4.testRepeatEosU4()'><b>testRepeatEosU4</b><br>Test class: io.kaitai.struct.spec.TestRepeatEosU4</td>
<td></td>
<td>0</td>
<td>io.kaitai.struct.spec.TestRepeatEosU4@7fb4f2a9</td></tr>
<tr>
<td title='io.kaitai.struct.spec.TestRepeatNStruct.testRepeatNStruct()'><b>testRepeatNStruct</b><br>Test class: io.kaitai.struct.spec.TestRepeatNStruct</td>
<td></td>
<td>0</td>
<td>io.kaitai.struct.spec.TestRepeatNStruct@2eea88a1</td></tr>
<tr>
<td title='io.kaitai.struct.spec.TestRepeatNStrz.testRepeatNStrz()'><b>testRepeatNStrz</b><br>Test class: io.kaitai.struct.spec.TestRepeatNStrz</td>
<td></td>
<td>0</td>
<td>io.kaitai.struct.spec.TestRepeatNStrz@5c7bfdc1</td></tr>
<tr>
<td title='io.kaitai.struct.spec.TestRepeatNStrzDouble.testRepeatNStrzDouble()'><b>testRepeatNStrzDouble</b><br>Test class: io.kaitai.struct.spec.TestRepeatNStrzDouble</td>
<td></td>
<td>0</td>
<td>io.kaitai.struct.spec.TestRepeatNStrzDouble@5be1d0a4</td></tr>
<tr>
<td title='io.kaitai.struct.spec.TestRepeatUntilComplex.testRepeatUntilComplex()'><b>testRepeatUntilComplex</b><br>Test class: io.kaitai.struct.spec.TestRepeatUntilComplex</td>
<td></td>
<td>0</td>
<td>io.kaitai.struct.spec.TestRepeatUntilComplex@3aa078fd</td></tr>
<tr>
<td title='io.kaitai.struct.spec.TestRepeatUntilS4.testRepeatUntilS4()'><b>testRepeatUntilS4</b><br>Test class: io.kaitai.struct.spec.TestRepeatUntilS4</td>
<td></td>
<td>0</td>
<td>io.kaitai.struct.spec.TestRepeatUntilS4@4ee203eb</td></tr>
<tr>
<td title='io.kaitai.struct.spec.TestStrEncodings.testStrEncodings()'><b>testStrEncodings</b><br>Test class: io.kaitai.struct.spec.TestStrEncodings</td>
<td></td>
<td>0</td>
<td>io.kaitai.struct.spec.TestStrEncodings@6d5620ce</td></tr>
<tr>
<td title='io.kaitai.struct.spec.TestStrEncodingsDefault.testStrEncodingsDefault()'><b>testStrEncodingsDefault</b><br>Test class: io.kaitai.struct.spec.TestStrEncodingsDefault</td>
<td></td>
<td>0</td>
<td>io.kaitai.struct.spec.TestStrEncodingsDefault@5c86dbc5</td></tr>
<tr>
<td title='io.kaitai.struct.spec.TestStrEncodingsUtf16.testStrEncodingsUtf16()'><b>testStrEncodingsUtf16</b><br>Test class: io.kaitai.struct.spec.TestStrEncodingsUtf16</td>
<td></td>
<td>0</td>
<td>io.kaitai.struct.spec.TestStrEncodingsUtf16@51891008</td></tr>
<tr>
<td title='io.kaitai.struct.spec.TestStrEos.testStrEos()'><b>testStrEos</b><br>Test class: io.kaitai.struct.spec.TestStrEos</td>
<td></td>
<td>0</td>
<td>io.kaitai.struct.spec.TestStrEos@3e2055d6</td></tr>
<tr>
<td title='io.kaitai.struct.spec.TestStrLiterals.testStrLiterals()'><b>testStrLiterals</b><br>Test class: io.kaitai.struct.spec.TestStrLiterals</td>
<td></td>
<td>0</td>
<td>io.kaitai.struct.spec.TestStrLiterals@1f760b47</td></tr>
<tr>
<td title='io.kaitai.struct.spec.TestStrLiterals2.testStrLiterals2()'><b>testStrLiterals2</b><br>Test class: io.kaitai.struct.spec.TestStrLiterals2</td>
<td></td>
<td>0</td>
<td>io.kaitai.struct.spec.TestStrLiterals2@5276d6ee</td></tr>
<tr>
<td title='io.kaitai.struct.spec.TestStrPadTerm.testStrPadTerm()'><b>testStrPadTerm</b><br>Test class: io.kaitai.struct.spec.TestStrPadTerm</td>
<td></td>
<td>0</td>
<td>io.kaitai.struct.spec.TestStrPadTerm@461ad730</td></tr>
<tr>
<td title='io.kaitai.struct.spec.TestStrPadTermEmpty.testStrPadTermEmpty()'><b>testStrPadTermEmpty</b><br>Test class: io.kaitai.struct.spec.TestStrPadTermEmpty</td>
<td></td>
<td>0</td>
<td>io.kaitai.struct.spec.TestStrPadTermEmpty@24105dc5</td></tr>
<tr>
<td title='io.kaitai.struct.spec.TestSwitchBytearray.testSwitchBytearray()'><b>testSwitchBytearray</b><br>Test class: io.kaitai.struct.spec.TestSwitchBytearray</td>
<td></td>
<td>0</td>
<td>io.kaitai.struct.spec.TestSwitchBytearray@660acfb</td></tr>
<tr>
<td title='io.kaitai.struct.spec.TestSwitchCast.testSwitchCast()'><b>testSwitchCast</b><br>Test class: io.kaitai.struct.spec.TestSwitchCast</td>
<td></td>
<td>0</td>
<td>io.kaitai.struct.spec.TestSwitchCast@2462cb01</td></tr>
<tr>
<td title='io.kaitai.struct.spec.TestSwitchElseOnly.testSwitchElseOnly()'><b>testSwitchElseOnly</b><br>Test class: io.kaitai.struct.spec.TestSwitchElseOnly</td>
<td></td>
<td>0</td>
<td>io.kaitai.struct.spec.TestSwitchElseOnly@1a5a4e19</td></tr>
<tr>
<td title='io.kaitai.struct.spec.TestSwitchIntegers.testSwitchIntegers()'><b>testSwitchIntegers</b><br>Test class: io.kaitai.struct.spec.TestSwitchIntegers</td>
<td></td>
<td>0</td>
<td>io.kaitai.struct.spec.TestSwitchIntegers@13526e59</td></tr>
<tr>
<td title='io.kaitai.struct.spec.TestSwitchIntegers2.testSwitchIntegers2()'><b>testSwitchIntegers2</b><br>Test class: io.kaitai.struct.spec.TestSwitchIntegers2</td>
<td></td>
<td>0</td>
<td>io.kaitai.struct.spec.TestSwitchIntegers2@4f49f6af</td></tr>
<tr>
<td title='io.kaitai.struct.spec.TestSwitchManualEnum.testSwitchManualEnum()'><b>testSwitchManualEnum</b><br>Test class: io.kaitai.struct.spec.TestSwitchManualEnum</td>
<td></td>
<td>0</td>
<td>io.kaitai.struct.spec.TestSwitchManualEnum@f68f0dc</td></tr>
<tr>
<td title='io.kaitai.struct.spec.TestSwitchManualEnumInvalid.testSwitchManualEnumInvalid()'><b>testSwitchManualEnumInvalid</b><br>Test class: io.kaitai.struct.spec.TestSwitchManualEnumInvalid</td>
<td></td>
<td>0</td>
<td>io.kaitai.struct.spec.TestSwitchManualEnumInvalid@5efa40fe</td></tr>
<tr>
<td title='io.kaitai.struct.spec.TestSwitchManualEnumInvalidElse.testSwitchManualEnumInvalidElse()'><b>testSwitchManualEnumInvalidElse</b><br>Test class: io.kaitai.struct.spec.TestSwitchManualEnumInvalidElse</td>
<td></td>
<td>0</td>
<td>io.kaitai.struct.spec.TestSwitchManualEnumInvalidElse@f58853c</td></tr>
<tr>
<td title='io.kaitai.struct.spec.TestSwitchManualInt.testSwitchManualInt()'><b>testSwitchManualInt</b><br>Test class: io.kaitai.struct.spec.TestSwitchManualInt</td>
<td></td>
<td>0</td>
<td>io.kaitai.struct.spec.TestSwitchManualInt@1224144a</td></tr>
<tr>
<td title='io.kaitai.struct.spec.TestSwitchManualIntElse.testSwitchManualIntElse()'><b>testSwitchManualIntElse</b><br>Test class: io.kaitai.struct.spec.TestSwitchManualIntElse</td>
<td></td>
<td>0</td>
<td>io.kaitai.struct.spec.TestSwitchManualIntElse@46d59067</td></tr>
<tr>
<td title='io.kaitai.struct.spec.TestSwitchManualIntSize.testSwitchManualIntSize()'><b>testSwitchManualIntSize</b><br>Test class: io.kaitai.struct.spec.TestSwitchManualIntSize</td>
<td></td>
<td>0</td>
<td>io.kaitai.struct.spec.TestSwitchManualIntSize@38145825</td></tr>
<tr>
<td title='io.kaitai.struct.spec.TestSwitchManualIntSizeElse.testSwitchManualIntSizeElse()'><b>testSwitchManualIntSizeElse</b><br>Test class: io.kaitai.struct.spec.TestSwitchManualIntSizeElse</td>
<td></td>
<td>0</td>
<td>io.kaitai.struct.spec.TestSwitchManualIntSizeElse@13df2a8c</td></tr>
<tr>
<td title='io.kaitai.struct.spec.TestSwitchManualIntSizeEos.testSwitchManualIntSizeEos()'><b>testSwitchManualIntSizeEos</b><br>Test class: io.kaitai.struct.spec.TestSwitchManualIntSizeEos</td>
<td></td>
<td>0</td>
<td>io.kaitai.struct.spec.TestSwitchManualIntSizeEos@1ebea008</td></tr>
<tr>
<td title='io.kaitai.struct.spec.TestSwitchManualStr.testSwitchManualStr()'><b>testSwitchManualStr</b><br>Test class: io.kaitai.struct.spec.TestSwitchManualStr</td>
<td></td>
<td>0</td>
<td>io.kaitai.struct.spec.TestSwitchManualStr@376a0d86</td></tr>
<tr>
<td title='io.kaitai.struct.spec.TestSwitchManualStrElse.testSwitchManualStrElse()'><b>testSwitchManualStrElse</b><br>Test class: io.kaitai.struct.spec.TestSwitchManualStrElse</td>
<td></td>
<td>0</td>
<td>io.kaitai.struct.spec.TestSwitchManualStrElse@18317edc</td></tr>
<tr>
<td title='io.kaitai.struct.spec.TestSwitchMultiBoolOps.testSwitchMultiBoolOps()'><b>testSwitchMultiBoolOps</b><br>Test class: io.kaitai.struct.spec.TestSwitchMultiBoolOps</td>
<td></td>
<td>0</td>
<td>io.kaitai.struct.spec.TestSwitchMultiBoolOps@3e78b6a5</td></tr>
<tr>
<td title='io.kaitai.struct.spec.TestTermBytes.testTermBytes()'><b>testTermBytes</b><br>Test class: io.kaitai.struct.spec.TestTermBytes</td>
<td></td>
<td>0</td>
<td>io.kaitai.struct.spec.TestTermBytes@7d7758be</td></tr>
<tr>
<td title='io.kaitai.struct.spec.TestTermStrz.testTermStrz()'><b>testTermStrz</b><br>Test class: io.kaitai.struct.spec.TestTermStrz</td>
<td></td>
<td>0</td>
<td>io.kaitai.struct.spec.TestTermStrz@16612a51</td></tr>
<tr>
<td title='io.kaitai.struct.spec.TestTermU1Val.testTermU1Val()'><b>testTermU1Val</b><br>Test class: io.kaitai.struct.spec.TestTermU1Val</td>
<td></td>
<td>0</td>
<td>io.kaitai.struct.spec.TestTermU1Val@c667f46</td></tr>
<tr>
<td title='io.kaitai.struct.spec.TestTsPacketHeader.testTsPacketHeader()'><b>testTsPacketHeader</b><br>Test class: io.kaitai.struct.spec.TestTsPacketHeader</td>
<td></td>
<td>0</td>
<td>io.kaitai.struct.spec.TestTsPacketHeader@747f281</td></tr>
<tr>
<td title='io.kaitai.struct.spec.TestTypeIntUnaryOp.testTypeIntUnaryOp()'><b>testTypeIntUnaryOp</b><br>Test class: io.kaitai.struct.spec.TestTypeIntUnaryOp</td>
<td></td>
<td>0</td>
<td>io.kaitai.struct.spec.TestTypeIntUnaryOp@7dfd3c81</td></tr>
<tr>
<td title='io.kaitai.struct.spec.TestTypeTernary.testTypeTernary()'><b>testTypeTernary</b><br>Test class: io.kaitai.struct.spec.TestTypeTernary</td>
<td></td>
<td>0</td>
<td>io.kaitai.struct.spec.TestTypeTernary@730d2164</td></tr>
<tr>
<td title='io.kaitai.struct.spec.TestTypeTernary2ndFalsy.testTypeTernary2ndFalsy()'><b>testTypeTernary2ndFalsy</b><br>Test class: io.kaitai.struct.spec.TestTypeTernary2ndFalsy</td>
<td></td>
<td>0</td>
<td>io.kaitai.struct.spec.TestTypeTernary2ndFalsy@71687585</td></tr>
<tr>
<td title='io.kaitai.struct.spec.TestTypeTernaryOpaque.testTypeTernaryOpaque()'><b>testTypeTernaryOpaque</b><br>Test class: io.kaitai.struct.spec.TestTypeTernaryOpaque</td>
<td></td>
<td>0</td>
<td>io.kaitai.struct.spec.TestTypeTernaryOpaque@20bd8be5</td></tr>
<tr>
<td title='io.kaitai.struct.spec.TestUserType.testUserType()'><b>testUserType</b><br>Test class: io.kaitai.struct.spec.TestUserType</td>
<td></td>
<td>0</td>
<td>io.kaitai.struct.spec.TestUserType@49c90a9c</td></tr>
<tr>
<td title='io.kaitai.struct.spec.TestValidEqStrEncodings.testValidEqStrEncodings()'><b>testValidEqStrEncodings</b><br>Test class: io.kaitai.struct.spec.TestValidEqStrEncodings</td>
<td></td>
<td>0</td>
<td>io.kaitai.struct.spec.TestValidEqStrEncodings@2fb0623e</td></tr>
<tr>
<td title='io.kaitai.struct.spec.TestValidFailAnyofInt.testValidFailAnyofInt()'><b>testValidFailAnyofInt</b><br>Test class: io.kaitai.struct.spec.TestValidFailAnyofInt</td>
<td><div><pre>io.kaitai.struct.KaitaiStream$ValidationNotAnyOfError: /seq/0: at pos 1: validation failed: not any of the list, got 80
	at io.kaitai.struct.testformats.ValidFailAnyofInt._read(ValidFailAnyofInt.java:32)
	at io.kaitai.struct.testformats.ValidFailAnyofInt.&lt;init&gt;(ValidFailAnyofInt.java:27)
	at io.kaitai.struct.testformats.ValidFailAnyofInt.&lt;init&gt;(ValidFailAnyofInt.java:16)
	at io.kaitai.struct.testformats.ValidFailAnyofInt.fromFile(ValidFailAnyofInt.java:12)
	at io.kaitai.struct.spec.TestValidFailAnyofInt.testValidFailAnyofInt(TestValidFailAnyofInt.java:13)
... Removed 23 stack frames</pre></div><a href='#' onClick='toggleBox("stack-trace840083671", this, "Click to show all stack frames", "Click to hide stack frames")'>Click to show all stack frames</a>
<div class='stack-trace' id='stack-trace840083671'><pre>io.kaitai.struct.KaitaiStream$ValidationNotAnyOfError: /seq/0: at pos 1: validation failed: not any of the list, got 80
	at io.kaitai.struct.testformats.ValidFailAnyofInt._read(ValidFailAnyofInt.java:32)
	at io.kaitai.struct.testformats.ValidFailAnyofInt.&lt;init&gt;(ValidFailAnyofInt.java:27)
	at io.kaitai.struct.testformats.ValidFailAnyofInt.&lt;init&gt;(ValidFailAnyofInt.java:16)
	at io.kaitai.struct.testformats.ValidFailAnyofInt.fromFile(ValidFailAnyofInt.java:12)
	at io.kaitai.struct.spec.TestValidFailAnyofInt.testValidFailAnyofInt(TestValidFailAnyofInt.java:13)
	at java.base/jdk.internal.reflect.NativeMethodAccessorImpl.invoke0(Native Method)
	at java.base/jdk.internal.reflect.NativeMethodAccessorImpl.invoke(NativeMethodAccessorImpl.java:62)
	at java.base/jdk.internal.reflect.DelegatingMethodAccessorImpl.invoke(DelegatingMethodAccessorImpl.java:43)
	at java.base/java.lang.reflect.Method.invoke(Method.java:566)
	at org.testng.internal.MethodInvocationHelper.invokeMethod(MethodInvocationHelper.java:86)
	at org.testng.internal.Invoker.invokeMethod(Invoker.java:643)
	at org.testng.internal.Invoker.invokeTestMethod(Invoker.java:820)
	at org.testng.internal.Invoker.invokeTestMethods(Invoker.java:1128)
	at org.testng.internal.TestMethodWorker.invokeTestMethods(TestMethodWorker.java:129)
	at org.testng.internal.TestMethodWorker.run(TestMethodWorker.java:112)
	at org.testng.TestRunner.privateRun(TestRunner.java:782)
	at org.testng.TestRunner.run(TestRunner.java:632)
	at org.testng.SuiteRunner.runTest(SuiteRunner.java:366)
	at org.testng.SuiteRunner.runSequentially(SuiteRunner.java:361)
	at org.testng.SuiteRunner.privateRun(SuiteRunner.java:319)
	at org.testng.SuiteRunner.run(SuiteRunner.java:268)
	at org.testng.SuiteRunnerWorker.runSuite(SuiteRunnerWorker.java:52)
	at org.testng.SuiteRunnerWorker.run(SuiteRunnerWorker.java:86)
	at org.testng.TestNG.runSuitesSequentially(TestNG.java:1244)
	at org.testng.TestNG.runSuitesLocally(TestNG.java:1169)
	at org.testng.TestNG.run(TestNG.java:1064)
	at org.testng.TestNG.privateMain(TestNG.java:1385)
	at org.testng.TestNG.main(TestNG.java:1354)
</pre></div></td>
<td>0</td>
<td>io.kaitai.struct.spec.TestValidFailAnyofInt@35b74c5c</td></tr>
<tr>
<td title='io.kaitai.struct.spec.TestValidFailContents.testValidFailContents()'><b>testValidFailContents</b><br>Test class: io.kaitai.struct.spec.TestValidFailContents</td>
<td><div><pre>io.kaitai.struct.KaitaiStream$ValidationNotEqualError: /seq/0: at pos 2: validation failed: not equal, expected [51 41], but got [50 41]
	at io.kaitai.struct.testformats.ValidFailContents._read(ValidFailContents.java:33)
	at io.kaitai.struct.testformats.ValidFailContents.&lt;init&gt;(ValidFailContents.java:28)
	at io.kaitai.struct.testformats.ValidFailContents.&lt;init&gt;(ValidFailContents.java:17)
	at io.kaitai.struct.testformats.ValidFailContents.fromFile(ValidFailContents.java:13)
	at io.kaitai.struct.spec.TestValidFailContents.testValidFailContents(TestValidFailContents.java:13)
... Removed 23 stack frames</pre></div><a href='#' onClick='toggleBox("stack-trace308889081", this, "Click to show all stack frames", "Click to hide stack frames")'>Click to show all stack frames</a>
<div class='stack-trace' id='stack-trace308889081'><pre>io.kaitai.struct.KaitaiStream$ValidationNotEqualError: /seq/0: at pos 2: validation failed: not equal, expected [51 41], but got [50 41]
	at io.kaitai.struct.testformats.ValidFailContents._read(ValidFailContents.java:33)
	at io.kaitai.struct.testformats.ValidFailContents.&lt;init&gt;(ValidFailContents.java:28)
	at io.kaitai.struct.testformats.ValidFailContents.&lt;init&gt;(ValidFailContents.java:17)
	at io.kaitai.struct.testformats.ValidFailContents.fromFile(ValidFailContents.java:13)
	at io.kaitai.struct.spec.TestValidFailContents.testValidFailContents(TestValidFailContents.java:13)
	at java.base/jdk.internal.reflect.NativeMethodAccessorImpl.invoke0(Native Method)
	at java.base/jdk.internal.reflect.NativeMethodAccessorImpl.invoke(NativeMethodAccessorImpl.java:62)
	at java.base/jdk.internal.reflect.DelegatingMethodAccessorImpl.invoke(DelegatingMethodAccessorImpl.java:43)
	at java.base/java.lang.reflect.Method.invoke(Method.java:566)
	at org.testng.internal.MethodInvocationHelper.invokeMethod(MethodInvocationHelper.java:86)
	at org.testng.internal.Invoker.invokeMethod(Invoker.java:643)
	at org.testng.internal.Invoker.invokeTestMethod(Invoker.java:820)
	at org.testng.internal.Invoker.invokeTestMethods(Invoker.java:1128)
	at org.testng.internal.TestMethodWorker.invokeTestMethods(TestMethodWorker.java:129)
	at org.testng.internal.TestMethodWorker.run(TestMethodWorker.java:112)
	at org.testng.TestRunner.privateRun(TestRunner.java:782)
	at org.testng.TestRunner.run(TestRunner.java:632)
	at org.testng.SuiteRunner.runTest(SuiteRunner.java:366)
	at org.testng.SuiteRunner.runSequentially(SuiteRunner.java:361)
	at org.testng.SuiteRunner.privateRun(SuiteRunner.java:319)
	at org.testng.SuiteRunner.run(SuiteRunner.java:268)
	at org.testng.SuiteRunnerWorker.runSuite(SuiteRunnerWorker.java:52)
	at org.testng.SuiteRunnerWorker.run(SuiteRunnerWorker.java:86)
	at org.testng.TestNG.runSuitesSequentially(TestNG.java:1244)
	at org.testng.TestNG.runSuitesLocally(TestNG.java:1169)
	at org.testng.TestNG.run(TestNG.java:1064)
	at org.testng.TestNG.privateMain(TestNG.java:1385)
	at org.testng.TestNG.main(TestNG.java:1354)
</pre></div></td>
<td>0</td>
<td>io.kaitai.struct.spec.TestValidFailContents@4bff7da0</td></tr>
<tr>
<td title='io.kaitai.struct.spec.TestValidFailEqBytes.testValidFailEqBytes()'><b>testValidFailEqBytes</b><br>Test class: io.kaitai.struct.spec.TestValidFailEqBytes</td>
<td><div><pre>io.kaitai.struct.KaitaiStream$ValidationNotEqualError: /seq/0: at pos 2: validation failed: not equal, expected [51 41], but got [50 41]
	at io.kaitai.struct.testformats.ValidFailEqBytes._read(ValidFailEqBytes.java:33)
	at io.kaitai.struct.testformats.ValidFailEqBytes.&lt;init&gt;(ValidFailEqBytes.java:28)
	at io.kaitai.struct.testformats.ValidFailEqBytes.&lt;init&gt;(ValidFailEqBytes.java:17)
	at io.kaitai.struct.testformats.ValidFailEqBytes.fromFile(ValidFailEqBytes.java:13)
	at io.kaitai.struct.spec.TestValidFailEqBytes.testValidFailEqBytes(TestValidFailEqBytes.java:13)
... Removed 23 stack frames</pre></div><a href='#' onClick='toggleBox("stack-trace768185844", this, "Click to show all stack frames", "Click to hide stack frames")'>Click to show all stack frames</a>
<div class='stack-trace' id='stack-trace768185844'><pre>io.kaitai.struct.KaitaiStream$ValidationNotEqualError: /seq/0: at pos 2: validation failed: not equal, expected [51 41], but got [50 41]
	at io.kaitai.struct.testformats.ValidFailEqBytes._read(ValidFailEqBytes.java:33)
	at io.kaitai.struct.testformats.ValidFailEqBytes.&lt;init&gt;(ValidFailEqBytes.java:28)
	at io.kaitai.struct.testformats.ValidFailEqBytes.&lt;init&gt;(ValidFailEqBytes.java:17)
	at io.kaitai.struct.testformats.ValidFailEqBytes.fromFile(ValidFailEqBytes.java:13)
	at io.kaitai.struct.spec.TestValidFailEqBytes.testValidFailEqBytes(TestValidFailEqBytes.java:13)
	at java.base/jdk.internal.reflect.NativeMethodAccessorImpl.invoke0(Native Method)
	at java.base/jdk.internal.reflect.NativeMethodAccessorImpl.invoke(NativeMethodAccessorImpl.java:62)
	at java.base/jdk.internal.reflect.DelegatingMethodAccessorImpl.invoke(DelegatingMethodAccessorImpl.java:43)
	at java.base/java.lang.reflect.Method.invoke(Method.java:566)
	at org.testng.internal.MethodInvocationHelper.invokeMethod(MethodInvocationHelper.java:86)
	at org.testng.internal.Invoker.invokeMethod(Invoker.java:643)
	at org.testng.internal.Invoker.invokeTestMethod(Invoker.java:820)
	at org.testng.internal.Invoker.invokeTestMethods(Invoker.java:1128)
	at org.testng.internal.TestMethodWorker.invokeTestMethods(TestMethodWorker.java:129)
	at org.testng.internal.TestMethodWorker.run(TestMethodWorker.java:112)
	at org.testng.TestRunner.privateRun(TestRunner.java:782)
	at org.testng.TestRunner.run(TestRunner.java:632)
	at org.testng.SuiteRunner.runTest(SuiteRunner.java:366)
	at org.testng.SuiteRunner.runSequentially(SuiteRunner.java:361)
	at org.testng.SuiteRunner.privateRun(SuiteRunner.java:319)
	at org.testng.SuiteRunner.run(SuiteRunner.java:268)
	at org.testng.SuiteRunnerWorker.runSuite(SuiteRunnerWorker.java:52)
	at org.testng.SuiteRunnerWorker.run(SuiteRunnerWorker.java:86)
	at org.testng.TestNG.runSuitesSequentially(TestNG.java:1244)
	at org.testng.TestNG.runSuitesLocally(TestNG.java:1169)
	at org.testng.TestNG.run(TestNG.java:1064)
	at org.testng.TestNG.privateMain(TestNG.java:1385)
	at org.testng.TestNG.main(TestNG.java:1354)
</pre></div></td>
<td>0</td>
<td>io.kaitai.struct.spec.TestValidFailEqBytes@4c2bb6e0</td></tr>
<tr>
<td title='io.kaitai.struct.spec.TestValidFailEqInt.testValidFailEqInt()'><b>testValidFailEqInt</b><br>Test class: io.kaitai.struct.spec.TestValidFailEqInt</td>
<td><div><pre>io.kaitai.struct.KaitaiStream$ValidationNotEqualError: /seq/0: at pos 1: validation failed: not equal, expected 123, but got 80
	at io.kaitai.struct.testformats.ValidFailEqInt._read(ValidFailEqInt.java:32)
	at io.kaitai.struct.testformats.ValidFailEqInt.&lt;init&gt;(ValidFailEqInt.java:27)
	at io.kaitai.struct.testformats.ValidFailEqInt.&lt;init&gt;(ValidFailEqInt.java:16)
	at io.kaitai.struct.testformats.ValidFailEqInt.fromFile(ValidFailEqInt.java:12)
	at io.kaitai.struct.spec.TestValidFailEqInt.testValidFailEqInt(TestValidFailEqInt.java:13)
... Removed 23 stack frames</pre></div><a href='#' onClick='toggleBox("stack-trace669965156", this, "Click to show all stack frames", "Click to hide stack frames")'>Click to show all stack frames</a>
<div class='stack-trace' id='stack-trace669965156'><pre>io.kaitai.struct.KaitaiStream$ValidationNotEqualError: /seq/0: at pos 1: validation failed: not equal, expected 123, but got 80
	at io.kaitai.struct.testformats.ValidFailEqInt._read(ValidFailEqInt.java:32)
	at io.kaitai.struct.testformats.ValidFailEqInt.&lt;init&gt;(ValidFailEqInt.java:27)
	at io.kaitai.struct.testformats.ValidFailEqInt.&lt;init&gt;(ValidFailEqInt.java:16)
	at io.kaitai.struct.testformats.ValidFailEqInt.fromFile(ValidFailEqInt.java:12)
	at io.kaitai.struct.spec.TestValidFailEqInt.testValidFailEqInt(TestValidFailEqInt.java:13)
	at java.base/jdk.internal.reflect.NativeMethodAccessorImpl.invoke0(Native Method)
	at java.base/jdk.internal.reflect.NativeMethodAccessorImpl.invoke(NativeMethodAccessorImpl.java:62)
	at java.base/jdk.internal.reflect.DelegatingMethodAccessorImpl.invoke(DelegatingMethodAccessorImpl.java:43)
	at java.base/java.lang.reflect.Method.invoke(Method.java:566)
	at org.testng.internal.MethodInvocationHelper.invokeMethod(MethodInvocationHelper.java:86)
	at org.testng.internal.Invoker.invokeMethod(Invoker.java:643)
	at org.testng.internal.Invoker.invokeTestMethod(Invoker.java:820)
	at org.testng.internal.Invoker.invokeTestMethods(Invoker.java:1128)
	at org.testng.internal.TestMethodWorker.invokeTestMethods(TestMethodWorker.java:129)
	at org.testng.internal.TestMethodWorker.run(TestMethodWorker.java:112)
	at org.testng.TestRunner.privateRun(TestRunner.java:782)
	at org.testng.TestRunner.run(TestRunner.java:632)
	at org.testng.SuiteRunner.runTest(SuiteRunner.java:366)
	at org.testng.SuiteRunner.runSequentially(SuiteRunner.java:361)
	at org.testng.SuiteRunner.privateRun(SuiteRunner.java:319)
	at org.testng.SuiteRunner.run(SuiteRunner.java:268)
	at org.testng.SuiteRunnerWorker.runSuite(SuiteRunnerWorker.java:52)
	at org.testng.SuiteRunnerWorker.run(SuiteRunnerWorker.java:86)
	at org.testng.TestNG.runSuitesSequentially(TestNG.java:1244)
	at org.testng.TestNG.runSuitesLocally(TestNG.java:1169)
	at org.testng.TestNG.run(TestNG.java:1064)
	at org.testng.TestNG.privateMain(TestNG.java:1385)
	at org.testng.TestNG.main(TestNG.java:1354)
</pre></div></td>
<td>0</td>
<td>io.kaitai.struct.spec.TestValidFailEqInt@41330d4f</td></tr>
<tr>
<td title='io.kaitai.struct.spec.TestValidFailEqStr.testValidFailEqStr()'><b>testValidFailEqStr</b><br>Test class: io.kaitai.struct.spec.TestValidFailEqStr</td>
<td><div><pre>io.kaitai.struct.KaitaiStream$ValidationNotEqualError: /seq/0: at pos 4: validation failed: not equal, expected BACK, but got PACK
	at io.kaitai.struct.testformats.ValidFailEqStr._read(ValidFailEqStr.java:33)
	at io.kaitai.struct.testformats.ValidFailEqStr.&lt;init&gt;(ValidFailEqStr.java:28)
	at io.kaitai.struct.testformats.ValidFailEqStr.&lt;init&gt;(ValidFailEqStr.java:17)
	at io.kaitai.struct.testformats.ValidFailEqStr.fromFile(ValidFailEqStr.java:13)
	at io.kaitai.struct.spec.TestValidFailEqStr.testValidFailEqStr(TestValidFailEqStr.java:13)
... Removed 23 stack frames</pre></div><a href='#' onClick='toggleBox("stack-trace61681175", this, "Click to show all stack frames", "Click to hide stack frames")'>Click to show all stack frames</a>
<div class='stack-trace' id='stack-trace61681175'><pre>io.kaitai.struct.KaitaiStream$ValidationNotEqualError: /seq/0: at pos 4: validation failed: not equal, expected BACK, but got PACK
	at io.kaitai.struct.testformats.ValidFailEqStr._read(ValidFailEqStr.java:33)
	at io.kaitai.struct.testformats.ValidFailEqStr.&lt;init&gt;(ValidFailEqStr.java:28)
	at io.kaitai.struct.testformats.ValidFailEqStr.&lt;init&gt;(ValidFailEqStr.java:17)
	at io.kaitai.struct.testformats.ValidFailEqStr.fromFile(ValidFailEqStr.java:13)
	at io.kaitai.struct.spec.TestValidFailEqStr.testValidFailEqStr(TestValidFailEqStr.java:13)
	at java.base/jdk.internal.reflect.NativeMethodAccessorImpl.invoke0(Native Method)
	at java.base/jdk.internal.reflect.NativeMethodAccessorImpl.invoke(NativeMethodAccessorImpl.java:62)
	at java.base/jdk.internal.reflect.DelegatingMethodAccessorImpl.invoke(DelegatingMethodAccessorImpl.java:43)
	at java.base/java.lang.reflect.Method.invoke(Method.java:566)
	at org.testng.internal.MethodInvocationHelper.invokeMethod(MethodInvocationHelper.java:86)
	at org.testng.internal.Invoker.invokeMethod(Invoker.java:643)
	at org.testng.internal.Invoker.invokeTestMethod(Invoker.java:820)
	at org.testng.internal.Invoker.invokeTestMethods(Invoker.java:1128)
	at org.testng.internal.TestMethodWorker.invokeTestMethods(TestMethodWorker.java:129)
	at org.testng.internal.TestMethodWorker.run(TestMethodWorker.java:112)
	at org.testng.TestRunner.privateRun(TestRunner.java:782)
	at org.testng.TestRunner.run(TestRunner.java:632)
	at org.testng.SuiteRunner.runTest(SuiteRunner.java:366)
	at org.testng.SuiteRunner.runSequentially(SuiteRunner.java:361)
	at org.testng.SuiteRunner.privateRun(SuiteRunner.java:319)
	at org.testng.SuiteRunner.run(SuiteRunner.java:268)
	at org.testng.SuiteRunnerWorker.runSuite(SuiteRunnerWorker.java:52)
	at org.testng.SuiteRunnerWorker.run(SuiteRunnerWorker.java:86)
	at org.testng.TestNG.runSuitesSequentially(TestNG.java:1244)
	at org.testng.TestNG.runSuitesLocally(TestNG.java:1169)
	at org.testng.TestNG.run(TestNG.java:1064)
	at org.testng.TestNG.privateMain(TestNG.java:1385)
	at org.testng.TestNG.main(TestNG.java:1354)
</pre></div></td>
<td>0</td>
<td>io.kaitai.struct.spec.TestValidFailEqStr@15d49048</td></tr>
<tr>
<td title='io.kaitai.struct.spec.TestValidFailExpr.testValidFailExpr()'><b>testValidFailExpr</b><br>Test class: io.kaitai.struct.spec.TestValidFailExpr</td>
<td><div><pre>io.kaitai.struct.KaitaiStream$ValidationExprError: /seq/1: at pos 3: validation failed: not matching the expression, got -190
	at io.kaitai.struct.testformats.ValidFailExpr._read(ValidFailExpr.java:41)
	at io.kaitai.struct.testformats.ValidFailExpr.&lt;init&gt;(ValidFailExpr.java:27)
	at io.kaitai.struct.testformats.ValidFailExpr.&lt;init&gt;(ValidFailExpr.java:16)
	at io.kaitai.struct.testformats.ValidFailExpr.fromFile(ValidFailExpr.java:12)
	at io.kaitai.struct.spec.TestValidFailExpr.testValidFailExpr(TestValidFailExpr.java:13)
... Removed 23 stack frames</pre></div><a href='#' onClick='toggleBox("stack-trace22004208", this, "Click to show all stack frames", "Click to hide stack frames")'>Click to show all stack frames</a>
<div class='stack-trace' id='stack-trace22004208'><pre>io.kaitai.struct.KaitaiStream$ValidationExprError: /seq/1: at pos 3: validation failed: not matching the expression, got -190
	at io.kaitai.struct.testformats.ValidFailExpr._read(ValidFailExpr.java:41)
	at io.kaitai.struct.testformats.ValidFailExpr.&lt;init&gt;(ValidFailExpr.java:27)
	at io.kaitai.struct.testformats.ValidFailExpr.&lt;init&gt;(ValidFailExpr.java:16)
	at io.kaitai.struct.testformats.ValidFailExpr.fromFile(ValidFailExpr.java:12)
	at io.kaitai.struct.spec.TestValidFailExpr.testValidFailExpr(TestValidFailExpr.java:13)
	at java.base/jdk.internal.reflect.NativeMethodAccessorImpl.invoke0(Native Method)
	at java.base/jdk.internal.reflect.NativeMethodAccessorImpl.invoke(NativeMethodAccessorImpl.java:62)
	at java.base/jdk.internal.reflect.DelegatingMethodAccessorImpl.invoke(DelegatingMethodAccessorImpl.java:43)
	at java.base/java.lang.reflect.Method.invoke(Method.java:566)
	at org.testng.internal.MethodInvocationHelper.invokeMethod(MethodInvocationHelper.java:86)
	at org.testng.internal.Invoker.invokeMethod(Invoker.java:643)
	at org.testng.internal.Invoker.invokeTestMethod(Invoker.java:820)
	at org.testng.internal.Invoker.invokeTestMethods(Invoker.java:1128)
	at org.testng.internal.TestMethodWorker.invokeTestMethods(TestMethodWorker.java:129)
	at org.testng.internal.TestMethodWorker.run(TestMethodWorker.java:112)
	at org.testng.TestRunner.privateRun(TestRunner.java:782)
	at org.testng.TestRunner.run(TestRunner.java:632)
	at org.testng.SuiteRunner.runTest(SuiteRunner.java:366)
	at org.testng.SuiteRunner.runSequentially(SuiteRunner.java:361)
	at org.testng.SuiteRunner.privateRun(SuiteRunner.java:319)
	at org.testng.SuiteRunner.run(SuiteRunner.java:268)
	at org.testng.SuiteRunnerWorker.runSuite(SuiteRunnerWorker.java:52)
	at org.testng.SuiteRunnerWorker.run(SuiteRunnerWorker.java:86)
	at org.testng.TestNG.runSuitesSequentially(TestNG.java:1244)
	at org.testng.TestNG.runSuitesLocally(TestNG.java:1169)
	at org.testng.TestNG.run(TestNG.java:1064)
	at org.testng.TestNG.privateMain(TestNG.java:1385)
	at org.testng.TestNG.main(TestNG.java:1354)
</pre></div></td>
<td>0</td>
<td>io.kaitai.struct.spec.TestValidFailExpr@d23e042</td></tr>
<tr>
<td title='io.kaitai.struct.spec.TestValidFailInst.testValidFailInst()'><b>testValidFailInst</b><br>Test class: io.kaitai.struct.spec.TestValidFailInst</td>
<td><div><pre>io.kaitai.struct.KaitaiStream$ValidationNotEqualError: /instances/inst: at pos 0: validation failed: not equal, expected 80, but got 49
	at io.kaitai.struct.testformats.ValidFailInst.inst(ValidFailInst.java:43)
	at io.kaitai.struct.testformats.ValidFailInst._read(ValidFailInst.java:30)
	at io.kaitai.struct.testformats.ValidFailInst.&lt;init&gt;(ValidFailInst.java:27)
	at io.kaitai.struct.testformats.ValidFailInst.&lt;init&gt;(ValidFailInst.java:16)
	at io.kaitai.struct.testformats.ValidFailInst.fromFile(ValidFailInst.java:12)
	at io.kaitai.struct.spec.TestValidFailInst.testValidFailInst(TestValidFailInst.java:13)
... Removed 23 stack frames</pre></div><a href='#' onClick='toggleBox("stack-trace41765385", this, "Click to show all stack frames", "Click to hide stack frames")'>Click to show all stack frames</a>
<div class='stack-trace' id='stack-trace41765385'><pre>io.kaitai.struct.KaitaiStream$ValidationNotEqualError: /instances/inst: at pos 0: validation failed: not equal, expected 80, but got 49
	at io.kaitai.struct.testformats.ValidFailInst.inst(ValidFailInst.java:43)
	at io.kaitai.struct.testformats.ValidFailInst._read(ValidFailInst.java:30)
	at io.kaitai.struct.testformats.ValidFailInst.&lt;init&gt;(ValidFailInst.java:27)
	at io.kaitai.struct.testformats.ValidFailInst.&lt;init&gt;(ValidFailInst.java:16)
	at io.kaitai.struct.testformats.ValidFailInst.fromFile(ValidFailInst.java:12)
	at io.kaitai.struct.spec.TestValidFailInst.testValidFailInst(TestValidFailInst.java:13)
	at java.base/jdk.internal.reflect.NativeMethodAccessorImpl.invoke0(Native Method)
	at java.base/jdk.internal.reflect.NativeMethodAccessorImpl.invoke(NativeMethodAccessorImpl.java:62)
	at java.base/jdk.internal.reflect.DelegatingMethodAccessorImpl.invoke(DelegatingMethodAccessorImpl.java:43)
	at java.base/java.lang.reflect.Method.invoke(Method.java:566)
	at org.testng.internal.MethodInvocationHelper.invokeMethod(MethodInvocationHelper.java:86)
	at org.testng.internal.Invoker.invokeMethod(Invoker.java:643)
	at org.testng.internal.Invoker.invokeTestMethod(Invoker.java:820)
	at org.testng.internal.Invoker.invokeTestMethods(Invoker.java:1128)
	at org.testng.internal.TestMethodWorker.invokeTestMethods(TestMethodWorker.java:129)
	at org.testng.internal.TestMethodWorker.run(TestMethodWorker.java:112)
	at org.testng.TestRunner.privateRun(TestRunner.java:782)
	at org.testng.TestRunner.run(TestRunner.java:632)
	at org.testng.SuiteRunner.runTest(SuiteRunner.java:366)
	at org.testng.SuiteRunner.runSequentially(SuiteRunner.java:361)
	at org.testng.SuiteRunner.privateRun(SuiteRunner.java:319)
	at org.testng.SuiteRunner.run(SuiteRunner.java:268)
	at org.testng.SuiteRunnerWorker.runSuite(SuiteRunnerWorker.java:52)
	at org.testng.SuiteRunnerWorker.run(SuiteRunnerWorker.java:86)
	at org.testng.TestNG.runSuitesSequentially(TestNG.java:1244)
	at org.testng.TestNG.runSuitesLocally(TestNG.java:1169)
	at org.testng.TestNG.run(TestNG.java:1064)
	at org.testng.TestNG.privateMain(TestNG.java:1385)
	at org.testng.TestNG.main(TestNG.java:1354)
</pre></div></td>
<td>0</td>
<td>io.kaitai.struct.spec.TestValidFailInst@24959ca4</td></tr>
<tr>
<td title='io.kaitai.struct.spec.TestValidFailMaxInt.testValidFailMaxInt()'><b>testValidFailMaxInt</b><br>Test class: io.kaitai.struct.spec.TestValidFailMaxInt</td>
<td><div><pre>io.kaitai.struct.KaitaiStream$ValidationGreaterThanError: /seq/0: at pos 1: validation failed: not in range, max 12, but got 80
	at io.kaitai.struct.testformats.ValidFailMaxInt._read(ValidFailMaxInt.java:32)
	at io.kaitai.struct.testformats.ValidFailMaxInt.&lt;init&gt;(ValidFailMaxInt.java:27)
	at io.kaitai.struct.testformats.ValidFailMaxInt.&lt;init&gt;(ValidFailMaxInt.java:16)
	at io.kaitai.struct.testformats.ValidFailMaxInt.fromFile(ValidFailMaxInt.java:12)
	at io.kaitai.struct.spec.TestValidFailMaxInt.testValidFailMaxInt(TestValidFailMaxInt.java:13)
... Removed 23 stack frames</pre></div><a href='#' onClick='toggleBox("stack-trace49222910", this, "Click to show all stack frames", "Click to hide stack frames")'>Click to show all stack frames</a>
<div class='stack-trace' id='stack-trace49222910'><pre>io.kaitai.struct.KaitaiStream$ValidationGreaterThanError: /seq/0: at pos 1: validation failed: not in range, max 12, but got 80
	at io.kaitai.struct.testformats.ValidFailMaxInt._read(ValidFailMaxInt.java:32)
	at io.kaitai.struct.testformats.ValidFailMaxInt.&lt;init&gt;(ValidFailMaxInt.java:27)
	at io.kaitai.struct.testformats.ValidFailMaxInt.&lt;init&gt;(ValidFailMaxInt.java:16)
	at io.kaitai.struct.testformats.ValidFailMaxInt.fromFile(ValidFailMaxInt.java:12)
	at io.kaitai.struct.spec.TestValidFailMaxInt.testValidFailMaxInt(TestValidFailMaxInt.java:13)
	at java.base/jdk.internal.reflect.NativeMethodAccessorImpl.invoke0(Native Method)
	at java.base/jdk.internal.reflect.NativeMethodAccessorImpl.invoke(NativeMethodAccessorImpl.java:62)
	at java.base/jdk.internal.reflect.DelegatingMethodAccessorImpl.invoke(DelegatingMethodAccessorImpl.java:43)
	at java.base/java.lang.reflect.Method.invoke(Method.java:566)
	at org.testng.internal.MethodInvocationHelper.invokeMethod(MethodInvocationHelper.java:86)
	at org.testng.internal.Invoker.invokeMethod(Invoker.java:643)
	at org.testng.internal.Invoker.invokeTestMethod(Invoker.java:820)
	at org.testng.internal.Invoker.invokeTestMethods(Invoker.java:1128)
	at org.testng.internal.TestMethodWorker.invokeTestMethods(TestMethodWorker.java:129)
	at org.testng.internal.TestMethodWorker.run(TestMethodWorker.java:112)
	at org.testng.TestRunner.privateRun(TestRunner.java:782)
	at org.testng.TestRunner.run(TestRunner.java:632)
	at org.testng.SuiteRunner.runTest(SuiteRunner.java:366)
	at org.testng.SuiteRunner.runSequentially(SuiteRunner.java:361)
	at org.testng.SuiteRunner.privateRun(SuiteRunner.java:319)
	at org.testng.SuiteRunner.run(SuiteRunner.java:268)
	at org.testng.SuiteRunnerWorker.runSuite(SuiteRunnerWorker.java:52)
	at org.testng.SuiteRunnerWorker.run(SuiteRunnerWorker.java:86)
	at org.testng.TestNG.runSuitesSequentially(TestNG.java:1244)
	at org.testng.TestNG.runSuitesLocally(TestNG.java:1169)
	at org.testng.TestNG.run(TestNG.java:1064)
	at org.testng.TestNG.privateMain(TestNG.java:1385)
	at org.testng.TestNG.main(TestNG.java:1354)
</pre></div></td>
<td>0</td>
<td>io.kaitai.struct.spec.TestValidFailMaxInt@12591ac8</td></tr>
<tr>
<td title='io.kaitai.struct.spec.TestValidFailMinInt.testValidFailMinInt()'><b>testValidFailMinInt</b><br>Test class: io.kaitai.struct.spec.TestValidFailMinInt</td>
<td><div><pre>io.kaitai.struct.KaitaiStream$ValidationLessThanError: /seq/0: at pos 1: validation failed: not in range, min 123, but got 80
	at io.kaitai.struct.testformats.ValidFailMinInt._read(ValidFailMinInt.java:32)
	at io.kaitai.struct.testformats.ValidFailMinInt.&lt;init&gt;(ValidFailMinInt.java:27)
	at io.kaitai.struct.testformats.ValidFailMinInt.&lt;init&gt;(ValidFailMinInt.java:16)
	at io.kaitai.struct.testformats.ValidFailMinInt.fromFile(ValidFailMinInt.java:12)
	at io.kaitai.struct.spec.TestValidFailMinInt.testValidFailMinInt(TestValidFailMinInt.java:13)
... Removed 23 stack frames</pre></div><a href='#' onClick='toggleBox("stack-trace7829163", this, "Click to show all stack frames", "Click to hide stack frames")'>Click to show all stack frames</a>
<div class='stack-trace' id='stack-trace7829163'><pre>io.kaitai.struct.KaitaiStream$ValidationLessThanError: /seq/0: at pos 1: validation failed: not in range, min 123, but got 80
	at io.kaitai.struct.testformats.ValidFailMinInt._read(ValidFailMinInt.java:32)
	at io.kaitai.struct.testformats.ValidFailMinInt.&lt;init&gt;(ValidFailMinInt.java:27)
	at io.kaitai.struct.testformats.ValidFailMinInt.&lt;init&gt;(ValidFailMinInt.java:16)
	at io.kaitai.struct.testformats.ValidFailMinInt.fromFile(ValidFailMinInt.java:12)
	at io.kaitai.struct.spec.TestValidFailMinInt.testValidFailMinInt(TestValidFailMinInt.java:13)
	at java.base/jdk.internal.reflect.NativeMethodAccessorImpl.invoke0(Native Method)
	at java.base/jdk.internal.reflect.NativeMethodAccessorImpl.invoke(NativeMethodAccessorImpl.java:62)
	at java.base/jdk.internal.reflect.DelegatingMethodAccessorImpl.invoke(DelegatingMethodAccessorImpl.java:43)
	at java.base/java.lang.reflect.Method.invoke(Method.java:566)
	at org.testng.internal.MethodInvocationHelper.invokeMethod(MethodInvocationHelper.java:86)
	at org.testng.internal.Invoker.invokeMethod(Invoker.java:643)
	at org.testng.internal.Invoker.invokeTestMethod(Invoker.java:820)
	at org.testng.internal.Invoker.invokeTestMethods(Invoker.java:1128)
	at org.testng.internal.TestMethodWorker.invokeTestMethods(TestMethodWorker.java:129)
	at org.testng.internal.TestMethodWorker.run(TestMethodWorker.java:112)
	at org.testng.TestRunner.privateRun(TestRunner.java:782)
	at org.testng.TestRunner.run(TestRunner.java:632)
	at org.testng.SuiteRunner.runTest(SuiteRunner.java:366)
	at org.testng.SuiteRunner.runSequentially(SuiteRunner.java:361)
	at org.testng.SuiteRunner.privateRun(SuiteRunner.java:319)
	at org.testng.SuiteRunner.run(SuiteRunner.java:268)
	at org.testng.SuiteRunnerWorker.runSuite(SuiteRunnerWorker.java:52)
	at org.testng.SuiteRunnerWorker.run(SuiteRunnerWorker.java:86)
	at org.testng.TestNG.runSuitesSequentially(TestNG.java:1244)
	at org.testng.TestNG.runSuitesLocally(TestNG.java:1169)
	at org.testng.TestNG.run(TestNG.java:1064)
	at org.testng.TestNG.privateMain(TestNG.java:1385)
	at org.testng.TestNG.main(TestNG.java:1354)
</pre></div></td>
<td>0</td>
<td>io.kaitai.struct.spec.TestValidFailMinInt@61710c6</td></tr>
<tr>
<td title='io.kaitai.struct.spec.TestValidFailRangeBytes.testValidFailRangeBytes()'><b>testValidFailRangeBytes</b><br>Test class: io.kaitai.struct.spec.TestValidFailRangeBytes</td>
<td><div><pre>io.kaitai.struct.KaitaiStream$ValidationGreaterThanError: /seq/0: at pos 2: validation failed: not in range, max [50 31], but got [50 41]
	at io.kaitai.struct.testformats.ValidFailRangeBytes._read(ValidFailRangeBytes.java:35)
	at io.kaitai.struct.testformats.ValidFailRangeBytes.&lt;init&gt;(ValidFailRangeBytes.java:27)
	at io.kaitai.struct.testformats.ValidFailRangeBytes.&lt;init&gt;(ValidFailRangeBytes.java:16)
	at io.kaitai.struct.testformats.ValidFailRangeBytes.fromFile(ValidFailRangeBytes.java:12)
	at io.kaitai.struct.spec.TestValidFailRangeBytes.testValidFailRangeBytes(TestValidFailRangeBytes.java:13)
... Removed 23 stack frames</pre></div><a href='#' onClick='toggleBox("stack-trace220695851", this, "Click to show all stack frames", "Click to hide stack frames")'>Click to show all stack frames</a>
<div class='stack-trace' id='stack-trace220695851'><pre>io.kaitai.struct.KaitaiStream$ValidationGreaterThanError: /seq/0: at pos 2: validation failed: not in range, max [50 31], but got [50 41]
	at io.kaitai.struct.testformats.ValidFailRangeBytes._read(ValidFailRangeBytes.java:35)
	at io.kaitai.struct.testformats.ValidFailRangeBytes.&lt;init&gt;(ValidFailRangeBytes.java:27)
	at io.kaitai.struct.testformats.ValidFailRangeBytes.&lt;init&gt;(ValidFailRangeBytes.java:16)
	at io.kaitai.struct.testformats.ValidFailRangeBytes.fromFile(ValidFailRangeBytes.java:12)
	at io.kaitai.struct.spec.TestValidFailRangeBytes.testValidFailRangeBytes(TestValidFailRangeBytes.java:13)
	at java.base/jdk.internal.reflect.NativeMethodAccessorImpl.invoke0(Native Method)
	at java.base/jdk.internal.reflect.NativeMethodAccessorImpl.invoke(NativeMethodAccessorImpl.java:62)
	at java.base/jdk.internal.reflect.DelegatingMethodAccessorImpl.invoke(DelegatingMethodAccessorImpl.java:43)
	at java.base/java.lang.reflect.Method.invoke(Method.java:566)
	at org.testng.internal.MethodInvocationHelper.invokeMethod(MethodInvocationHelper.java:86)
	at org.testng.internal.Invoker.invokeMethod(Invoker.java:643)
	at org.testng.internal.Invoker.invokeTestMethod(Invoker.java:820)
	at org.testng.internal.Invoker.invokeTestMethods(Invoker.java:1128)
	at org.testng.internal.TestMethodWorker.invokeTestMethods(TestMethodWorker.java:129)
	at org.testng.internal.TestMethodWorker.run(TestMethodWorker.java:112)
	at org.testng.TestRunner.privateRun(TestRunner.java:782)
	at org.testng.TestRunner.run(TestRunner.java:632)
	at org.testng.SuiteRunner.runTest(SuiteRunner.java:366)
	at org.testng.SuiteRunner.runSequentially(SuiteRunner.java:361)
	at org.testng.SuiteRunner.privateRun(SuiteRunner.java:319)
	at org.testng.SuiteRunner.run(SuiteRunner.java:268)
	at org.testng.SuiteRunnerWorker.runSuite(SuiteRunnerWorker.java:52)
	at org.testng.SuiteRunnerWorker.run(SuiteRunnerWorker.java:86)
	at org.testng.TestNG.runSuitesSequentially(TestNG.java:1244)
	at org.testng.TestNG.runSuitesLocally(TestNG.java:1169)
	at org.testng.TestNG.run(TestNG.java:1064)
	at org.testng.TestNG.privateMain(TestNG.java:1385)
	at org.testng.TestNG.main(TestNG.java:1354)
</pre></div></td>
<td>0</td>
<td>io.kaitai.struct.spec.TestValidFailRangeBytes@7486b455</td></tr>
<tr>
<td title='io.kaitai.struct.spec.TestValidFailRangeFloat.testValidFailRangeFloat()'><b>testValidFailRangeFloat</b><br>Test class: io.kaitai.struct.spec.TestValidFailRangeFloat</td>
<td><div><pre>io.kaitai.struct.KaitaiStream$ValidationGreaterThanError: /seq/0: at pos 4: validation failed: not in range, max 0.4, but got 0.5
	at io.kaitai.struct.testformats.ValidFailRangeFloat._read(ValidFailRangeFloat.java:35)
	at io.kaitai.struct.testformats.ValidFailRangeFloat.&lt;init&gt;(ValidFailRangeFloat.java:27)
	at io.kaitai.struct.testformats.ValidFailRangeFloat.&lt;init&gt;(ValidFailRangeFloat.java:16)
	at io.kaitai.struct.testformats.ValidFailRangeFloat.fromFile(ValidFailRangeFloat.java:12)
	at io.kaitai.struct.spec.TestValidFailRangeFloat.testValidFailRangeFloat(TestValidFailRangeFloat.java:13)
... Removed 23 stack frames</pre></div><a href='#' onClick='toggleBox("stack-trace1171434979", this, "Click to show all stack frames", "Click to hide stack frames")'>Click to show all stack frames</a>
<div class='stack-trace' id='stack-trace1171434979'><pre>io.kaitai.struct.KaitaiStream$ValidationGreaterThanError: /seq/0: at pos 4: validation failed: not in range, max 0.4, but got 0.5
	at io.kaitai.struct.testformats.ValidFailRangeFloat._read(ValidFailRangeFloat.java:35)
	at io.kaitai.struct.testformats.ValidFailRangeFloat.&lt;init&gt;(ValidFailRangeFloat.java:27)
	at io.kaitai.struct.testformats.ValidFailRangeFloat.&lt;init&gt;(ValidFailRangeFloat.java:16)
	at io.kaitai.struct.testformats.ValidFailRangeFloat.fromFile(ValidFailRangeFloat.java:12)
	at io.kaitai.struct.spec.TestValidFailRangeFloat.testValidFailRangeFloat(TestValidFailRangeFloat.java:13)
	at java.base/jdk.internal.reflect.NativeMethodAccessorImpl.invoke0(Native Method)
	at java.base/jdk.internal.reflect.NativeMethodAccessorImpl.invoke(NativeMethodAccessorImpl.java:62)
	at java.base/jdk.internal.reflect.DelegatingMethodAccessorImpl.invoke(DelegatingMethodAccessorImpl.java:43)
	at java.base/java.lang.reflect.Method.invoke(Method.java:566)
	at org.testng.internal.MethodInvocationHelper.invokeMethod(MethodInvocationHelper.java:86)
	at org.testng.internal.Invoker.invokeMethod(Invoker.java:643)
	at org.testng.internal.Invoker.invokeTestMethod(Invoker.java:820)
	at org.testng.internal.Invoker.invokeTestMethods(Invoker.java:1128)
	at org.testng.internal.TestMethodWorker.invokeTestMethods(TestMethodWorker.java:129)
	at org.testng.internal.TestMethodWorker.run(TestMethodWorker.java:112)
	at org.testng.TestRunner.privateRun(TestRunner.java:782)
	at org.testng.TestRunner.run(TestRunner.java:632)
	at org.testng.SuiteRunner.runTest(SuiteRunner.java:366)
	at org.testng.SuiteRunner.runSequentially(SuiteRunner.java:361)
	at org.testng.SuiteRunner.privateRun(SuiteRunner.java:319)
	at org.testng.SuiteRunner.run(SuiteRunner.java:268)
	at org.testng.SuiteRunnerWorker.runSuite(SuiteRunnerWorker.java:52)
	at org.testng.SuiteRunnerWorker.run(SuiteRunnerWorker.java:86)
	at org.testng.TestNG.runSuitesSequentially(TestNG.java:1244)
	at org.testng.TestNG.runSuitesLocally(TestNG.java:1169)
	at org.testng.TestNG.run(TestNG.java:1064)
	at org.testng.TestNG.privateMain(TestNG.java:1385)
	at org.testng.TestNG.main(TestNG.java:1354)
</pre></div></td>
<td>0</td>
<td>io.kaitai.struct.spec.TestValidFailRangeFloat@1500b2f3</td></tr>
<tr>
<td title='io.kaitai.struct.spec.TestValidFailRangeInt.testValidFailRangeInt()'><b>testValidFailRangeInt</b><br>Test class: io.kaitai.struct.spec.TestValidFailRangeInt</td>
<td><div><pre>io.kaitai.struct.KaitaiStream$ValidationGreaterThanError: /seq/0: at pos 1: validation failed: not in range, max 10, but got 80
	at io.kaitai.struct.testformats.ValidFailRangeInt._read(ValidFailRangeInt.java:35)
	at io.kaitai.struct.testformats.ValidFailRangeInt.&lt;init&gt;(ValidFailRangeInt.java:27)
	at io.kaitai.struct.testformats.ValidFailRangeInt.&lt;init&gt;(ValidFailRangeInt.java:16)
	at io.kaitai.struct.testformats.ValidFailRangeInt.fromFile(ValidFailRangeInt.java:12)
	at io.kaitai.struct.spec.TestValidFailRangeInt.testValidFailRangeInt(TestValidFailRangeInt.java:13)
... Removed 23 stack frames</pre></div><a href='#' onClick='toggleBox("stack-trace1260634890", this, "Click to show all stack frames", "Click to hide stack frames")'>Click to show all stack frames</a>
<div class='stack-trace' id='stack-trace1260634890'><pre>io.kaitai.struct.KaitaiStream$ValidationGreaterThanError: /seq/0: at pos 1: validation failed: not in range, max 10, but got 80
	at io.kaitai.struct.testformats.ValidFailRangeInt._read(ValidFailRangeInt.java:35)
	at io.kaitai.struct.testformats.ValidFailRangeInt.&lt;init&gt;(ValidFailRangeInt.java:27)
	at io.kaitai.struct.testformats.ValidFailRangeInt.&lt;init&gt;(ValidFailRangeInt.java:16)
	at io.kaitai.struct.testformats.ValidFailRangeInt.fromFile(ValidFailRangeInt.java:12)
	at io.kaitai.struct.spec.TestValidFailRangeInt.testValidFailRangeInt(TestValidFailRangeInt.java:13)
	at java.base/jdk.internal.reflect.NativeMethodAccessorImpl.invoke0(Native Method)
	at java.base/jdk.internal.reflect.NativeMethodAccessorImpl.invoke(NativeMethodAccessorImpl.java:62)
	at java.base/jdk.internal.reflect.DelegatingMethodAccessorImpl.invoke(DelegatingMethodAccessorImpl.java:43)
	at java.base/java.lang.reflect.Method.invoke(Method.java:566)
	at org.testng.internal.MethodInvocationHelper.invokeMethod(MethodInvocationHelper.java:86)
	at org.testng.internal.Invoker.invokeMethod(Invoker.java:643)
	at org.testng.internal.Invoker.invokeTestMethod(Invoker.java:820)
	at org.testng.internal.Invoker.invokeTestMethods(Invoker.java:1128)
	at org.testng.internal.TestMethodWorker.invokeTestMethods(TestMethodWorker.java:129)
	at org.testng.internal.TestMethodWorker.run(TestMethodWorker.java:112)
	at org.testng.TestRunner.privateRun(TestRunner.java:782)
	at org.testng.TestRunner.run(TestRunner.java:632)
	at org.testng.SuiteRunner.runTest(SuiteRunner.java:366)
	at org.testng.SuiteRunner.runSequentially(SuiteRunner.java:361)
	at org.testng.SuiteRunner.privateRun(SuiteRunner.java:319)
	at org.testng.SuiteRunner.run(SuiteRunner.java:268)
	at org.testng.SuiteRunnerWorker.runSuite(SuiteRunnerWorker.java:52)
	at org.testng.SuiteRunnerWorker.run(SuiteRunnerWorker.java:86)
	at org.testng.TestNG.runSuitesSequentially(TestNG.java:1244)
	at org.testng.TestNG.runSuitesLocally(TestNG.java:1169)
	at org.testng.TestNG.run(TestNG.java:1064)
	at org.testng.TestNG.privateMain(TestNG.java:1385)
	at org.testng.TestNG.main(TestNG.java:1354)
</pre></div></td>
<td>0</td>
<td>io.kaitai.struct.spec.TestValidFailRangeInt@5e3f861</td></tr>
<tr>
<td title='io.kaitai.struct.spec.TestValidFailRangeStr.testValidFailRangeStr()'><b>testValidFailRangeStr</b><br>Test class: io.kaitai.struct.spec.TestValidFailRangeStr</td>
<td><div><pre>io.kaitai.struct.KaitaiStream$ValidationGreaterThanError: /seq/0: at pos 2: validation failed: not in range, max P1, but got PA
	at io.kaitai.struct.testformats.ValidFailRangeStr._read(ValidFailRangeStr.java:36)
	at io.kaitai.struct.testformats.ValidFailRangeStr.&lt;init&gt;(ValidFailRangeStr.java:28)
	at io.kaitai.struct.testformats.ValidFailRangeStr.&lt;init&gt;(ValidFailRangeStr.java:17)
	at io.kaitai.struct.testformats.ValidFailRangeStr.fromFile(ValidFailRangeStr.java:13)
	at io.kaitai.struct.spec.TestValidFailRangeStr.testValidFailRangeStr(TestValidFailRangeStr.java:13)
... Removed 23 stack frames</pre></div><a href='#' onClick='toggleBox("stack-trace2082557120", this, "Click to show all stack frames", "Click to hide stack frames")'>Click to show all stack frames</a>
<div class='stack-trace' id='stack-trace2082557120'><pre>io.kaitai.struct.KaitaiStream$ValidationGreaterThanError: /seq/0: at pos 2: validation failed: not in range, max P1, but got PA
	at io.kaitai.struct.testformats.ValidFailRangeStr._read(ValidFailRangeStr.java:36)
	at io.kaitai.struct.testformats.ValidFailRangeStr.&lt;init&gt;(ValidFailRangeStr.java:28)
	at io.kaitai.struct.testformats.ValidFailRangeStr.&lt;init&gt;(ValidFailRangeStr.java:17)
	at io.kaitai.struct.testformats.ValidFailRangeStr.fromFile(ValidFailRangeStr.java:13)
	at io.kaitai.struct.spec.TestValidFailRangeStr.testValidFailRangeStr(TestValidFailRangeStr.java:13)
	at java.base/jdk.internal.reflect.NativeMethodAccessorImpl.invoke0(Native Method)
	at java.base/jdk.internal.reflect.NativeMethodAccessorImpl.invoke(NativeMethodAccessorImpl.java:62)
	at java.base/jdk.internal.reflect.DelegatingMethodAccessorImpl.invoke(DelegatingMethodAccessorImpl.java:43)
	at java.base/java.lang.reflect.Method.invoke(Method.java:566)
	at org.testng.internal.MethodInvocationHelper.invokeMethod(MethodInvocationHelper.java:86)
	at org.testng.internal.Invoker.invokeMethod(Invoker.java:643)
	at org.testng.internal.Invoker.invokeTestMethod(Invoker.java:820)
	at org.testng.internal.Invoker.invokeTestMethods(Invoker.java:1128)
	at org.testng.internal.TestMethodWorker.invokeTestMethods(TestMethodWorker.java:129)
	at org.testng.internal.TestMethodWorker.run(TestMethodWorker.java:112)
	at org.testng.TestRunner.privateRun(TestRunner.java:782)
	at org.testng.TestRunner.run(TestRunner.java:632)
	at org.testng.SuiteRunner.runTest(SuiteRunner.java:366)
	at org.testng.SuiteRunner.runSequentially(SuiteRunner.java:361)
	at org.testng.SuiteRunner.privateRun(SuiteRunner.java:319)
	at org.testng.SuiteRunner.run(SuiteRunner.java:268)
	at org.testng.SuiteRunnerWorker.runSuite(SuiteRunnerWorker.java:52)
	at org.testng.SuiteRunnerWorker.run(SuiteRunnerWorker.java:86)
	at org.testng.TestNG.runSuitesSequentially(TestNG.java:1244)
	at org.testng.TestNG.runSuitesLocally(TestNG.java:1169)
	at org.testng.TestNG.run(TestNG.java:1064)
	at org.testng.TestNG.privateMain(TestNG.java:1385)
	at org.testng.TestNG.main(TestNG.java:1354)
</pre></div></td>
<td>0</td>
<td>io.kaitai.struct.spec.TestValidFailRangeStr@5d908d47</td></tr>
<tr>
<td title='io.kaitai.struct.spec.TestValidLong.testValidLong()'><b>testValidLong</b><br>Test class: io.kaitai.struct.spec.TestValidLong</td>
<td></td>
<td>0</td>
<td>io.kaitai.struct.spec.TestValidLong@1a5b6f42</td></tr>
<tr>
<td title='io.kaitai.struct.spec.TestValidNotParsedIf.testValidNotParsedIf()'><b>testValidNotParsedIf</b><br>Test class: io.kaitai.struct.spec.TestValidNotParsedIf</td>
<td></td>
<td>0</td>
<td>io.kaitai.struct.spec.TestValidNotParsedIf@77659b30</td></tr>
<tr>
<td title='io.kaitai.struct.spec.TestValidOptionalId.testValidOptionalId()'><b>testValidOptionalId</b><br>Test class: io.kaitai.struct.spec.TestValidOptionalId</td>
<td></td>
<td>0</td>
<td>io.kaitai.struct.spec.TestValidOptionalId@389b0789</td></tr>
<tr>
<td title='io.kaitai.struct.spec.TestValidShort.testValidShort()'><b>testValidShort</b><br>Test class: io.kaitai.struct.spec.TestValidShort</td>
<td></td>
<td>0</td>
<td>io.kaitai.struct.spec.TestValidShort@35a3d49f</td></tr>
<tr>
<td title='io.kaitai.struct.spec.TestValidSwitch.testValidSwitch()'><b>testValidSwitch</b><br>Test class: io.kaitai.struct.spec.TestValidSwitch</td>
<td></td>
<td>0</td>
<td>io.kaitai.struct.spec.TestValidSwitch@7068e664</td></tr>
<tr>
<td title='io.kaitai.struct.spec.TestYamlInts.testYamlInts()'><b>testYamlInts</b><br>Test class: io.kaitai.struct.spec.TestYamlInts</td>
<td></td>
<td>0</td>
<td>io.kaitai.struct.spec.TestYamlInts@7dc3712</td></tr>
<tr>
<td title='io.kaitai.struct.spec.TestZlibSurrounded.testZlibSurrounded()'><b>testZlibSurrounded</b><br>Test class: io.kaitai.struct.spec.TestZlibSurrounded</td>
<td></td>
<td>0</td>
<td>io.kaitai.struct.spec.TestZlibSurrounded@29f7cefd</td></tr>
<tr>
<td title='io.kaitai.struct.spec.TestZlibWithHeader78.testZlibWithHeader78()'><b>testZlibWithHeader78</b><br>Test class: io.kaitai.struct.spec.TestZlibWithHeader78</td>
<td></td>
<td>0</td>
<td>io.kaitai.struct.spec.TestZlibWithHeader78@68878f6d</td></tr>
</table><p>
</body>
</html>