<?xml version="1.0" encoding="UTF-8"?>
<!-- Generated by org.testng.reporters.JUnitXMLReporter -->
<testsuite hostname="travis-job-f95f7bb5-2392-4473-85d5-961012a90d4a" failures="3" tests="217" name="all" time="0.679" errors="0" timestamp="6 Nov 2021 16:29:04 GMT">
  <testcase classname="io.kaitai.struct.spec.TestDocstringsDocrefMulti" name="testDocstringsDocrefMulti" time="0.02"/>
  <testcase classname="io.kaitai.struct.spec.TestPositionToEnd" name="testPositionToEnd" time="0.003"/>
  <testcase classname="io.kaitai.struct.spec.TestNavParentSwitch" name="testNavParentSwitch" time="0.001"/>
  <testcase classname="io.kaitai.struct.spec.TestParamsPassBool" name="testParamsPassBool" time="0.002"/>
  <testcase classname="io.kaitai.struct.spec.TestCastNested" name="testCastNested" time="0.002"/>
  <testcase classname="io.kaitai.struct.spec.TestPositionInSeq" name="testPositionInSeq" time="0.002"/>
  <testcase classname="io.kaitai.struct.spec.TestSwitchMultiBoolOps" name="testSwitchMultiBoolOps" time="0.001"/>
  <testcase classname="io.kaitai.struct.spec.TestDebug0" name="testDebug0" time="0.001"/>
  <testcase classname="io.kaitai.struct.spec.TestNestedTypeParam" name="testNestedTypeParam" time="0.001"/>
  <testcase classname="io.kaitai.struct.spec.TestEofExceptionBytes" name="testEofExceptionBytes" time="0.001"/>
  <testcase classname="io.kaitai.struct.spec.TestValidFailEqBytes" name="testValidFailEqBytes" time="0.041"/>
  <testcase classname="io.kaitai.struct.spec.TestImportsAbsAbs" name="testImportsAbsAbs" time="0.002"/>
  <testcase classname="io.kaitai.struct.spec.TestIntegersDoubleOverflow" name="testIntegersDoubleOverflow" time="0.001"/>
  <testcase classname="io.kaitai.struct.spec.TestEnumIntRangeS" name="testEnumIntRangeS" time="0.005"/>
  <testcase classname="io.kaitai.struct.spec.TestParamsPassArrayInt" name="testParamsPassArrayInt" time="0.001"/>
  <testcase classname="io.kaitai.struct.spec.TestDefaultEndianExprIsLe" name="testDefaultEndianExprIsLe" time="0.005"/>
  <testcase classname="io.kaitai.struct.spec.TestInstanceStd" name="testInstanceStd" time="0.001"/>
  <testcase classname="io.kaitai.struct.spec.TestBitsByteAligned" name="testBitsByteAligned" time="0.001"/>
  <testcase classname="io.kaitai.struct.spec.TestProcessRepeatUsertype" name="testProcessRepeatUsertype" time="0.002"/>
  <testcase classname="io.kaitai.struct.spec.TestSwitchManualEnum" name="testSwitchManualEnum" time="0.005"/>
  <testcase classname="io.kaitai.struct.spec.TestNavRoot" name="testNavRoot" time="0.002"/>
  <testcase classname="io.kaitai.struct.spec.TestDefaultBigEndian" name="testDefaultBigEndian" time="0.001"/>
  <testcase classname="io.kaitai.struct.spec.TestIndexToParamUntil" name="testIndexToParamUntil" time="0.002"/>
  <testcase classname="io.kaitai.struct.spec.TestParamsPassArrayStruct" name="testParamsPassArrayStruct" time="0.002"/>
  <testcase classname="io.kaitai.struct.spec.TestDefaultBitEndianMod" name="testDefaultBitEndianMod" time="0.003"/>
  <testcase classname="io.kaitai.struct.spec.TestIfStruct" name="testIfStruct" time="0.001"/>
  <testcase classname="io.kaitai.struct.spec.TestNavParentOverride" name="testNavParentOverride" time="0.001"/>
  <testcase classname="io.kaitai.struct.spec.TestDefaultEndianExprInherited" name="testDefaultEndianExprInherited" time="0.002"/>
  <testcase classname="io.kaitai.struct.spec.TestExpr1" name="testExpr1" time="0.001"/>
  <testcase classname="io.kaitai.struct.spec.TestBitsEnum" name="testBitsEnum" time="0.001"/>
  <testcase classname="io.kaitai.struct.spec.TestValidFailRangeInt" name="testValidFailRangeInt" time="0.003"/>
  <testcase classname="io.kaitai.struct.spec.TestBitsSeqEndianCombo" name="testBitsSeqEndianCombo" time="0.002"/>
  <testcase classname="io.kaitai.struct.spec.TestPositionAbs" name="testPositionAbs" time="0.003"/>
  <testcase classname="io.kaitai.struct.spec.TestExprIoPos" name="testExprIoPos" time="0.002"/>
  <testcase classname="io.kaitai.struct.spec.TestEnumForUnknownId" name="testEnumForUnknownId" time="0.002"/>
  <testcase classname="io.kaitai.struct.spec.TestDefaultEndianMod" name="testDefaultEndianMod" time="0.002"/>
  <testcase classname="io.kaitai.struct.spec.TestValidFailRangeStr" name="testValidFailRangeStr" time="0.001"/>
  <testcase classname="io.kaitai.struct.spec.TestStrEos" name="testStrEos" time="0.001"/>
  <testcase classname="io.kaitai.struct.spec.TestDefaultEndianExprIsBe" name="testDefaultEndianExprIsBe" time="0.003"/>
  <testcase classname="io.kaitai.struct.spec.TestParamsPassArrayUsertype" name="testParamsPassArrayUsertype" time="0.001"/>
  <testcase classname="io.kaitai.struct.spec.TestProcessRotate" name="testProcessRotate" time="0.001"/>
  <testcase classname="io.kaitai.struct.spec.TestEnum0" name="testEnum0" time="0.002"/>
  <testcase classname="io.kaitai.struct.spec.TestJsSignedRightShift" name="testJsSignedRightShift" time="0.001"/>
  <testcase classname="io.kaitai.struct.spec.TestOpaqueExternalType" name="testOpaqueExternalType" time="0.002"/>
  <testcase classname="io.kaitai.struct.spec.TestIntegersMinMax" name="testIntegersMinMax" time="0.002"/>
  <testcase classname="io.kaitai.struct.spec.TestTermU1Val" name="testTermU1Val" time="0.002"/>
  <testcase classname="io.kaitai.struct.spec.TestProcessRepeatBytes" name="testProcessRepeatBytes" time="0.002"/>
  <testcase classname="io.kaitai.struct.spec.TestSwitchManualIntSizeEos" name="testSwitchManualIntSizeEos" time="0.005"/>
  <testcase classname="io.kaitai.struct.spec.TestBytesPadTerm" name="testBytesPadTerm" time="0.001"/>
  <testcase classname="io.kaitai.struct.spec.TestValidEqStrEncodings" name="testValidEqStrEncodings" time="0.008"/>
  <testcase classname="io.kaitai.struct.spec.TestExprSizeofValueSized" name="testExprSizeofValueSized" time="0.001"/>
  <testcase classname="io.kaitai.struct.spec.TestOpaqueWithParam" name="testOpaqueWithParam" time="0.002"/>
  <testcase classname="io.kaitai.struct.spec.TestExpr2" name="testExpr2" time="0.019"/>
  <testcase classname="io.kaitai.struct.spec.TestCastToTop" name="testCastToTop" time="0.001"/>
  <testcase classname="io.kaitai.struct.spec.TestFixedStruct" name="testFixedStruct" time="0.004"/>
  <testcase classname="io.kaitai.struct.spec.TestTypeTernaryOpaque" name="testTypeTernaryOpaque" time="0.002"/>
  <testcase classname="io.kaitai.struct.spec.TestValidFailRangeFloat" name="testValidFailRangeFloat" time="0.003"/>
  <testcase classname="io.kaitai.struct.spec.TestParamsPassArrayStr" name="testParamsPassArrayStr" time="0.002"/>
  <testcase classname="io.kaitai.struct.spec.TestEnumToIClassBorder1" name="testEnumToIClassBorder1" time="0.003"/>
  <testcase classname="io.kaitai.struct.spec.TestRepeatUntilCalcArrayType" name="testRepeatUntilCalcArrayType" time="0.002"/>
  <testcase classname="io.kaitai.struct.spec.TestBitsSimple" name="testBitsSimple" time="0.001"/>
  <testcase classname="io.kaitai.struct.spec.TestSwitchElseOnly" name="testSwitchElseOnly" time="0.004"/>
  <testcase classname="io.kaitai.struct.spec.TestProcessCoerceBytes" name="testProcessCoerceBytes" time="0.002"/>
  <testcase classname="io.kaitai.struct.spec.TestValidFailInst" name="testValidFailInst" time="0.002"/>
  <testcase classname="io.kaitai.struct.spec.TestRepeatNStrz" name="testRepeatNStrz" time="0.002"/>
  <testcase classname="io.kaitai.struct.spec.TestSwitchRepeatExprInvalid" name="testSwitchRepeatExprInvalid" time="0.003"/>
  <testcase classname="io.kaitai.struct.spec.TestEnumInvalid" name="testEnumInvalid" time="0.001"/>
  <testcase classname="io.kaitai.struct.spec.TestImportsAbs" name="testImportsAbs" time="0.003"/>
  <testcase classname="io.kaitai.struct.spec.TestTypeTernary" name="testTypeTernary" time="0.001"/>
  <testcase classname="io.kaitai.struct.spec.TestSwitchManualEnumInvalidElse" name="testSwitchManualEnumInvalidElse" time="0.005"/>
  <testcase classname="io.kaitai.struct.spec.TestSwitchIntegers2" name="testSwitchIntegers2" time="0.001"/>
  <testcase classname="io.kaitai.struct.spec.TestRepeatNStruct" name="testRepeatNStruct" time="0.003"/>
  <testcase classname="io.kaitai.struct.spec.TestIoLocalVar" name="testIoLocalVar" time="0.001"/>
  <testcase classname="io.kaitai.struct.spec.TestEnumDeep" name="testEnumDeep" time="0.001"/>
  <testcase classname="io.kaitai.struct.spec.TestProcessCoerceSwitch" name="testProcessCoerceSwitch" time="0.002"/>
  <testcase classname="io.kaitai.struct.spec.TestSwitchManualEnumInvalid" name="testSwitchManualEnumInvalid" time="0.004"/>
  <testcase classname="io.kaitai.struct.spec.TestTypeTernary2ndFalsy" name="testTypeTernary2ndFalsy" time="0.001"/>
  <testcase classname="io.kaitai.struct.spec.TestProcessToUser" name="testProcessToUser" time="0.002"/>
  <testcase classname="io.kaitai.struct.spec.TestNavParent2" name="testNavParent2" time="0.001"/>
  <testcase classname="io.kaitai.struct.spec.TestNavParentVsValueInst" name="testNavParentVsValueInst" time="0.001"/>
  <testcase classname="io.kaitai.struct.spec.TestNestedTypes2" name="testNestedTypes2" time="0.002"/>
  <testcase classname="io.kaitai.struct.spec.TestTermBytes" name="testTermBytes" time="0.001"/>
  <testcase classname="io.kaitai.struct.spec.TestValidFailMinInt" name="testValidFailMinInt" time="0.003"/>
  <testcase classname="io.kaitai.struct.spec.TestExprSizeofValue0" name="testExprSizeofValue0" time="0.002"/>
  <testcase classname="io.kaitai.struct.spec.TestNonStandard" name="testNonStandard" time="0.0"/>
  <testcase classname="io.kaitai.struct.spec.TestRecursiveOne" name="testRecursiveOne" time="0.001"/>
  <testcase classname="io.kaitai.struct.spec.TestStrPadTerm" name="testStrPadTerm" time="0.001"/>
  <testcase classname="io.kaitai.struct.spec.TestNestedTypes" name="testNestedTypes" time="0.002"/>
  <testcase classname="io.kaitai.struct.spec.TestParamsCallShort" name="testParamsCallShort" time="0.003"/>
  <testcase classname="io.kaitai.struct.spec.TestFloatingPoints" name="testFloatingPoints" time="0.002"/>
  <testcase classname="io.kaitai.struct.spec.TestEosExceptionBytes" name="testEosExceptionBytes" time="0.002"/>
  <testcase classname="io.kaitai.struct.spec.TestExprIntDiv" name="testExprIntDiv" time="0.003">
    <failure type="java.lang.AssertionError" message="expected [-757] but found [-756]">
      <![CDATA[java.lang.AssertionError: expected [-757] but found [-756]
	at io.kaitai.struct.spec.CommonSpec.assertIntEquals(CommonSpec.java:36)
	at io.kaitai.struct.spec.TestExprIntDiv.testExprIntDiv(TestExprIntDiv.java:17)
... Removed 29 stack frames]]>
    </failure>
  </testcase> <!-- testExprIntDiv -->
  <testcase classname="io.kaitai.struct.spec.TestInstanceStdArray" name="testInstanceStdArray" time="0.001"/>
  <testcase classname="io.kaitai.struct.spec.TestIfValues" name="testIfValues" time="0.002"/>
  <testcase classname="io.kaitai.struct.spec.TestBitsSignedB64Le" name="testBitsSignedB64Le" time="0.0"/>
  <testcase classname="io.kaitai.struct.spec.TestValidNotParsedIf" name="testValidNotParsedIf" time="0.004"/>
  <testcase classname="io.kaitai.struct.spec.TestYamlInts" name="testYamlInts" time="0.001"/>
  <testcase classname="io.kaitai.struct.spec.TestImports0" name="testImports0" time="0.002"/>
  <testcase classname="io.kaitai.struct.spec.TestIntegers" name="testIntegers" time="0.001"/>
  <testcase classname="io.kaitai.struct.spec.TestCombineStr" name="testCombineStr" time="0.0"/>
  <testcase classname="io.kaitai.struct.spec.TestExprEnum" name="testExprEnum" time="0.001"/>
  <testcase classname="io.kaitai.struct.spec.TestRepeatEosBit" name="testRepeatEosBit" time="0.001"/>
  <testcase classname="io.kaitai.struct.spec.TestValidFailContents" name="testValidFailContents" time="0.001"/>
  <testcase classname="io.kaitai.struct.spec.TestUserType" name="testUserType" time="0.001"/>
  <testcase classname="io.kaitai.struct.spec.TestEosExceptionU4" name="testEosExceptionU4" time="0.001"/>
  <testcase classname="io.kaitai.struct.spec.TestEnum1" name="testEnum1" time="0.001"/>
  <testcase classname="io.kaitai.struct.spec.TestImportsAbsRel" name="testImportsAbsRel" time="0.001"/>
  <testcase classname="io.kaitai.struct.spec.TestRepeatEosStruct" name="testRepeatEosStruct" time="0.002"/>
  <testcase classname="io.kaitai.struct.spec.TestNestedSameName2" name="testNestedSameName2" time="0.006"/>
  <testcase classname="io.kaitai.struct.spec.TestValidFailExpr" name="testValidFailExpr" time="0.006"/>
  <testcase classname="io.kaitai.struct.spec.TestExprArray" name="testExprArray" time="0.001"/>
  <testcase classname="io.kaitai.struct.spec.TestEnumDeepLiterals" name="testEnumDeepLiterals" time="0.002"/>
  <testcase classname="io.kaitai.struct.spec.TestSwitchManualStr" name="testSwitchManualStr" time="0.003"/>
  <testcase classname="io.kaitai.struct.spec.TestStrEncodings" name="testStrEncodings" time="0.001"/>
  <testcase classname="io.kaitai.struct.spec.TestRepeatEosU4" name="testRepeatEosU4" time="0.001"/>
  <testcase classname="io.kaitai.struct.spec.TestSwitchBytearray" name="testSwitchBytearray" time="0.002"/>
  <testcase classname="io.kaitai.struct.spec.TestEnumIntRangeU" name="testEnumIntRangeU" time="0.02"/>
  <testcase classname="io.kaitai.struct.spec.TestProcessXorConst" name="testProcessXorConst" time="0.001"/>
  <testcase classname="io.kaitai.struct.spec.TestBitsSimpleLe" name="testBitsSimpleLe" time="0.001"/>
  <testcase classname="io.kaitai.struct.spec.TestValidFailEqInt" name="testValidFailEqInt" time="0.004"/>
  <testcase classname="io.kaitai.struct.spec.TestHelloWorld" name="testHelloWorld" time="0.001"/>
  <testcase classname="io.kaitai.struct.spec.TestDebugArrayUser" name="testDebugArrayUser" time="0.002"/>
  <testcase classname="io.kaitai.struct.spec.TestValidShort" name="testValidShort" time="0.002"/>
  <testcase classname="io.kaitai.struct.spec.TestNavParent3" name="testNavParent3" time="0.005"/>
  <testcase classname="io.kaitai.struct.spec.TestExprIoEof" name="testExprIoEof" time="0.002"/>
  <testcase classname="io.kaitai.struct.spec.TestNestedSameName" name="testNestedSameName" time="0.001"/>
  <testcase classname="io.kaitai.struct.spec.TestParamsPassStruct" name="testParamsPassStruct" time="0.002"/>
  <testcase classname="io.kaitai.struct.spec.TestSwitchIntegers" name="testSwitchIntegers" time="0.006"/>
  <testcase classname="io.kaitai.struct.spec.TestNestedTypes3" name="testNestedTypes3" time="0.001"/>
  <testcase classname="io.kaitai.struct.spec.TestProcessXor4Value" name="testProcessXor4Value" time="0.0"/>
  <testcase classname="io.kaitai.struct.spec.TestDebugSwitchUser" name="testDebugSwitchUser" time="0.003"/>
  <testcase classname="io.kaitai.struct.spec.TestInstanceUserArray" name="testInstanceUserArray" time="0.002"/>
  <testcase classname="io.kaitai.struct.spec.TestExprCalcArrayOps" name="testExprCalcArrayOps" time="0.002"/>
  <testcase classname="io.kaitai.struct.spec.TestBitsSignedB32Le" name="testBitsSignedB32Le" time="0.0"/>
  <testcase classname="io.kaitai.struct.spec.TestEnumIf" name="testEnumIf" time="0.002"/>
  <testcase classname="io.kaitai.struct.spec.TestValidLong" name="testValidLong" time="0.001"/>
  <testcase classname="io.kaitai.struct.spec.TestExprIfIntOps" name="testExprIfIntOps" time="0.001">
    <failure type="java.lang.AssertionError" message="expected [true] but found [false]">
      <![CDATA[java.lang.AssertionError: expected [true] but found [false]
	at io.kaitai.struct.spec.CommonSpec.assertIntEquals(CommonSpec.java:48)
	at io.kaitai.struct.spec.TestExprIfIntOps.testExprIfIntOps(TestExprIfIntOps.java:15)
... Removed 29 stack frames]]>
    </failure>
  </testcase> <!-- testExprIfIntOps -->
  <testcase classname="io.kaitai.struct.spec.TestProcessCustom" name="testProcessCustom" time="0.001"/>
  <testcase classname="io.kaitai.struct.spec.TestNavParentFalse2" name="testNavParentFalse2" time="0.001"/>
  <testcase classname="io.kaitai.struct.spec.TestStrLiterals2" name="testStrLiterals2" time="0.001"/>
  <testcase classname="io.kaitai.struct.spec.TestProcessCoerceUsertype2" name="testProcessCoerceUsertype2" time="0.001"/>
  <testcase classname="io.kaitai.struct.spec.TestParamsCallExtraParens" name="testParamsCallExtraParens" time="0.001"/>
  <testcase classname="io.kaitai.struct.spec.TestRepeatUntilComplex" name="testRepeatUntilComplex" time="0.002"/>
  <testcase classname="io.kaitai.struct.spec.TestIfInstances" name="testIfInstances" time="0.001"/>
  <testcase classname="io.kaitai.struct.spec.TestEofExceptionU4" name="testEofExceptionU4" time="0.0"/>
  <testcase classname="io.kaitai.struct.spec.TestValidFailEqStr" name="testValidFailEqStr" time="0.002"/>
  <testcase classname="io.kaitai.struct.spec.TestSwitchManualIntSizeElse" name="testSwitchManualIntSizeElse" time="0.002"/>
  <testcase classname="io.kaitai.struct.spec.TestNavParentFalse" name="testNavParentFalse" time="0.001"/>
  <testcase classname="io.kaitai.struct.spec.TestTermStrz" name="testTermStrz" time="0.001"/>
  <testcase classname="io.kaitai.struct.spec.TestEnumFancy" name="testEnumFancy" time="0.001"/>
  <testcase classname="io.kaitai.struct.spec.TestTypeIntUnaryOp" name="testTypeIntUnaryOp" time="0.004"/>
  <testcase classname="io.kaitai.struct.spec.TestCombineEnum" name="testCombineEnum" time="0.001"/>
  <testcase classname="io.kaitai.struct.spec.TestMetaXref" name="testMetaXref" time="0.001"/>
  <testcase classname="io.kaitai.struct.spec.TestSwitchRepeatExpr" name="testSwitchRepeatExpr" time="0.001"/>
  <testcase classname="io.kaitai.struct.spec.TestSwitchManualInt" name="testSwitchManualInt" time="0.001"/>
  <testcase classname="io.kaitai.struct.spec.TestZlibWithHeader78" name="testZlibWithHeader78" time="0.0"/>
  <testcase classname="io.kaitai.struct.spec.TestBcdUserTypeLe" name="testBcdUserTypeLe" time="0.068"/>
  <testcase classname="io.kaitai.struct.spec.TestExprSizeofType0" name="testExprSizeofType0" time="0.001"/>
  <testcase classname="io.kaitai.struct.spec.TestRepeatUntilS4" name="testRepeatUntilS4" time="0.001"/>
  <testcase classname="io.kaitai.struct.spec.TestImportsCircularA" name="testImportsCircularA" time="0.001"/>
  <testcase classname="io.kaitai.struct.spec.TestIndexSizes" name="testIndexSizes" time="0.001"/>
  <testcase classname="io.kaitai.struct.spec.TestParamsEnum" name="testParamsEnum" time="0.004"/>
  <testcase classname="io.kaitai.struct.spec.TestExpr3" name="testExpr3" time="0.009"/>
  <testcase classname="io.kaitai.struct.spec.TestValidSwitch" name="testValidSwitch" time="0.0"/>
  <testcase classname="io.kaitai.struct.spec.TestExprStrOps" name="testExprStrOps" time="0.0"/>
  <testcase classname="io.kaitai.struct.spec.TestMetaTags" name="testMetaTags" time="0.0"/>
  <testcase classname="io.kaitai.struct.spec.TestOpaqueExternalType02Parent" name="testOpaqueExternalType02Parent" time="0.001"/>
  <testcase classname="io.kaitai.struct.spec.TestEnumLongRangeU" name="testEnumLongRangeU" time="0.001"/>
  <testcase classname="io.kaitai.struct.spec.TestExprBytesOps" name="testExprBytesOps" time="0.001">
    <failure type="java.lang.AssertionError" message="expected [255] but found [-1]">
      <![CDATA[java.lang.AssertionError: expected [255] but found [-1]
	at io.kaitai.struct.spec.CommonSpec.assertIntEquals(CommonSpec.java:36)
	at io.kaitai.struct.spec.TestExprBytesOps.testExprBytesOps(TestExprBytesOps.java:17)
... Removed 29 stack frames]]>
    </failure>
  </testcase> <!-- testExprBytesOps -->
  <testcase classname="io.kaitai.struct.spec.TestValidFailRangeBytes" name="testValidFailRangeBytes" time="0.001"/>
  <testcase classname="io.kaitai.struct.spec.TestInstanceIoUser" name="testInstanceIoUser" time="0.002"/>
  <testcase classname="io.kaitai.struct.spec.TestDocstringsDocref" name="testDocstringsDocref" time="0.001"/>
  <testcase classname="io.kaitai.struct.spec.TestSwitchManualIntSize" name="testSwitchManualIntSize" time="0.002"/>
  <testcase classname="io.kaitai.struct.spec.TestImportsRel1" name="testImportsRel1" time="0.002"/>
  <testcase classname="io.kaitai.struct.spec.TestExprStrEncodings" name="testExprStrEncodings" time="0.002"/>
  <testcase classname="io.kaitai.struct.spec.TestValidFailMaxInt" name="testValidFailMaxInt" time="0.001"/>
  <testcase classname="io.kaitai.struct.spec.TestExprMod" name="testExprMod" time="0.001"/>
  <testcase classname="io.kaitai.struct.spec.TestStrEncodingsDefault" name="testStrEncodingsDefault" time="0.004"/>
  <testcase classname="io.kaitai.struct.spec.TestEnumImport" name="testEnumImport" time="0.001"/>
  <testcase classname="io.kaitai.struct.spec.TestRepeatUntilSized" name="testRepeatUntilSized" time="0.003"/>
  <testcase classname="io.kaitai.struct.spec.TestProcessXorValue" name="testProcessXorValue" time="0.001"/>
  <testcase classname="io.kaitai.struct.spec.TestFloatToI" name="testFloatToI" time="0.001"/>
  <testcase classname="io.kaitai.struct.spec.TestCombineBytes" name="testCombineBytes" time="0.001"/>
  <testcase classname="io.kaitai.struct.spec.TestExprBytesCmp" name="testExprBytesCmp" time="0.001"/>
  <testcase classname="io.kaitai.struct.spec.TestDebugEnumName" name="testDebugEnumName" time="0.002"/>
  <testcase classname="io.kaitai.struct.spec.TestSwitchManualStrElse" name="testSwitchManualStrElse" time="0.002"/>
  <testcase classname="io.kaitai.struct.spec.TestValidFailAnyofInt" name="testValidFailAnyofInt" time="0.001"/>
  <testcase classname="io.kaitai.struct.spec.TestSwitchCast" name="testSwitchCast" time="0.005"/>
  <testcase classname="io.kaitai.struct.spec.TestEnumOfValueInst" name="testEnumOfValueInst" time="0.001"/>
  <testcase classname="io.kaitai.struct.spec.TestDefaultEndianExprException" name="testDefaultEndianExprException" time="0.002"/>
  <testcase classname="io.kaitai.struct.spec.TestRepeatNStrzDouble" name="testRepeatNStrzDouble" time="0.0"/>
  <testcase classname="io.kaitai.struct.spec.TestParamsDef" name="testParamsDef" time="0.002"/>
  <testcase classname="io.kaitai.struct.spec.TestProcessCoerceUsertype1" name="testProcessCoerceUsertype1" time="0.001"/>
  <testcase classname="io.kaitai.struct.spec.TestEnumNegative" name="testEnumNegative" time="0.001"/>
  <testcase classname="io.kaitai.struct.spec.TestEnumToI" name="testEnumToI" time="0.002"/>
  <testcase classname="io.kaitai.struct.spec.TestParamsPassUsertype" name="testParamsPassUsertype" time="0.001"/>
  <testcase classname="io.kaitai.struct.spec.TestBcdUserTypeBe" name="testBcdUserTypeBe" time="0.003"/>
  <testcase classname="io.kaitai.struct.spec.TestIndexToParamExpr" name="testIndexToParamExpr" time="0.001"/>
  <testcase classname="io.kaitai.struct.spec.TestOptionalId" name="testOptionalId" time="0.001"/>
  <testcase classname="io.kaitai.struct.spec.TestZlibSurrounded" name="testZlibSurrounded" time="0.001"/>
  <testcase classname="io.kaitai.struct.spec.TestCombineBool" name="testCombineBool" time="0.001"/>
  <testcase classname="io.kaitai.struct.spec.TestMultipleUse" name="testMultipleUse" time="0.001"/>
  <testcase classname="io.kaitai.struct.spec.TestStrPadTermEmpty" name="testStrPadTermEmpty" time="0.001"/>
  <testcase classname="io.kaitai.struct.spec.TestTsPacketHeader" name="testTsPacketHeader" time="0.001"/>
  <testcase classname="io.kaitai.struct.spec.TestBufferedStruct" name="testBufferedStruct" time="0.003"/>
  <testcase classname="io.kaitai.struct.spec.TestExpr0" name="testExpr0" time="0.001"/>
  <testcase classname="io.kaitai.struct.spec.TestStrLiterals" name="testStrLiterals" time="0.002"/>
  <testcase classname="io.kaitai.struct.spec.TestExprSizeofType1" name="testExprSizeofType1" time="0.002"/>
  <testcase classname="io.kaitai.struct.spec.TestProcessCustomNoArgs" name="testProcessCustomNoArgs" time="0.001"/>
  <testcase classname="io.kaitai.struct.spec.TestIndexToParamEos" name="testIndexToParamEos" time="0.001"/>
  <testcase classname="io.kaitai.struct.spec.TestCastToImported" name="testCastToImported" time="0.0"/>
  <testcase classname="io.kaitai.struct.spec.TestSwitchManualIntElse" name="testSwitchManualIntElse" time="0.001"/>
  <testcase classname="io.kaitai.struct.spec.TestNavParent" name="testNavParent" time="0.002"/>
  <testcase classname="io.kaitai.struct.spec.TestNavParentSwitchCast" name="testNavParentSwitchCast" time="0.002"/>
  <testcase classname="io.kaitai.struct.spec.TestProcessXor4Const" name="testProcessXor4Const" time="0.001"/>
  <testcase classname="io.kaitai.struct.spec.TestFixedContents" name="testFixedContents" time="0.001"/>
  <testcase classname="io.kaitai.struct.spec.TestDocstrings" name="testDocstrings" time="0.001"/>
</testsuite> <!-- all -->
